-- Found ament_cmake: 1.3.10 (/opt/ros/humble/share/ament_cmake/cmake)
-- Found sensor_msgs: 4.2.4 (/opt/ros/humble/share/sensor_msgs/cmake)
-- Found rosidl_generator_c: 3.1.5 (/opt/ros/humble/share/rosidl_generator_c/cmake)
-- Found rosidl_adapter: 3.1.5 (/opt/ros/humble/share/rosidl_adapter/cmake)
-- Found rosidl_generator_cpp: 3.1.5 (/opt/ros/humble/share/rosidl_generator_cpp/cmake)
-- Using all available rosidl_typesupport_c: rosidl_typesupport_fastrtps_c;rosidl_typesupport_introspection_c
-- Using all available rosidl_typesupport_cpp: rosidl_typesupport_fastrtps_cpp;rosidl_typesupport_introspection_cpp
-- Found rosidl_default_generators: 1.2.0 (/opt/ros/humble/share/rosidl_default_generators/cmake)
-- Found ament_cmake_cppcheck: 0.12.11 (/opt/ros/humble/share/ament_cmake_cppcheck/cmake)
-- Found ament_cmake_cpplint: 0.12.11 (/opt/ros/humble/share/ament_cmake_cpplint/cmake)
-- Found ament_cmake_uncrustify: 0.12.11 (/opt/ros/humble/share/ament_cmake_uncrustify/cmake)
-- Found ament_cmake_ros: 0.10.0 (/opt/ros/humble/share/ament_cmake_ros/cmake)
-- Using all available rosidl_typesupport_c: rosidl_typesupport_fastrtps_c;rosidl_typesupport_introspection_c
-- Using all available rosidl_typesupport_cpp: rosidl_typesupport_fastrtps_cpp;rosidl_typesupport_introspection_cpp
-- Found python_cmake_module: 0.10.0 (/opt/ros/humble/share/python_cmake_module/cmake)
-- Using PYTHON_EXECUTABLE: /usr/bin/python3
-- Using PYTHON_INCLUDE_DIRS: /usr/include/python3.10
-- Using PYTHON_LIBRARIES: /usr/lib/x86_64-linux-gnu/libpython3.10.so
-- Found ament_cmake_flake8: 0.12.11 (/opt/ros/humble/share/ament_cmake_flake8/cmake)
-- Found ament_cmake_pep257: 0.12.11 (/opt/ros/humble/share/ament_cmake_pep257/cmake)
-- Found ament_lint_auto: 0.12.11 (/opt/ros/humble/share/ament_lint_auto/cmake)
-- Added test 'lint_cmake' to check CMake code style
-- Added test 'xmllint' to check XML markup files
-- Configuring done
-- Generating done
-- Build files have been written to: /home/notthecoolkid/mrtx/mrt_ws/build/aruco_interfaces
CMakeFiles/aruco_interfaces__rosidl_generator_c.dir/build.make:216: warning: overriding recipe for target 'rosidl_generator_c/aruco_interfaces/msg/aruco_image.h'
CMakeFiles/aruco_interfaces__rosidl_generator_c.dir/build.make:192: warning: ignoring old recipe for target 'rosidl_generator_c/aruco_interfaces/msg/aruco_image.h'
CMakeFiles/aruco_interfaces__rosidl_generator_c.dir/build.make:219: warning: overriding recipe for target 'rosidl_generator_c/aruco_interfaces/msg/detail/aruco_image__functions.h'
CMakeFiles/aruco_interfaces__rosidl_generator_c.dir/build.make:195: warning: ignoring old recipe for target 'rosidl_generator_c/aruco_interfaces/msg/detail/aruco_image__functions.h'
CMakeFiles/aruco_interfaces__rosidl_generator_c.dir/build.make:222: warning: overriding recipe for target 'rosidl_generator_c/aruco_interfaces/msg/detail/aruco_image__struct.h'
CMakeFiles/aruco_interfaces__rosidl_generator_c.dir/build.make:198: warning: ignoring old recipe for target 'rosidl_generator_c/aruco_interfaces/msg/detail/aruco_image__struct.h'
CMakeFiles/aruco_interfaces__rosidl_generator_c.dir/build.make:225: warning: overriding recipe for target 'rosidl_generator_c/aruco_interfaces/msg/detail/aruco_image__type_support.h'
CMakeFiles/aruco_interfaces__rosidl_generator_c.dir/build.make:201: warning: ignoring old recipe for target 'rosidl_generator_c/aruco_interfaces/msg/detail/aruco_image__type_support.h'
CMakeFiles/aruco_interfaces__rosidl_generator_c.dir/build.make:237: warning: overriding recipe for target 'rosidl_generator_c/aruco_interfaces/msg/detail/aruco_image__functions.c'
CMakeFiles/aruco_interfaces__rosidl_generator_c.dir/build.make:231: warning: ignoring old recipe for target 'rosidl_generator_c/aruco_interfaces/msg/detail/aruco_image__functions.c'
CMakeFiles/aruco_interfaces__cpp.dir/build.make:232: warning: overriding recipe for target 'rosidl_generator_cpp/aruco_interfaces/msg/aruco_image.hpp'
CMakeFiles/aruco_interfaces__cpp.dir/build.make:208: warning: ignoring old recipe for target 'rosidl_generator_cpp/aruco_interfaces/msg/aruco_image.hpp'
CMakeFiles/aruco_interfaces__cpp.dir/build.make:235: warning: overriding recipe for target 'rosidl_generator_cpp/aruco_interfaces/msg/detail/aruco_image__builder.hpp'
CMakeFiles/aruco_interfaces__cpp.dir/build.make:211: warning: ignoring old recipe for target 'rosidl_generator_cpp/aruco_interfaces/msg/detail/aruco_image__builder.hpp'
CMakeFiles/aruco_interfaces__cpp.dir/build.make:238: warning: overriding recipe for target 'rosidl_generator_cpp/aruco_interfaces/msg/detail/aruco_image__struct.hpp'
CMakeFiles/aruco_interfaces__cpp.dir/build.make:214: warning: ignoring old recipe for target 'rosidl_generator_cpp/aruco_interfaces/msg/detail/aruco_image__struct.hpp'
CMakeFiles/aruco_interfaces__cpp.dir/build.make:241: warning: overriding recipe for target 'rosidl_generator_cpp/aruco_interfaces/msg/detail/aruco_image__traits.hpp'
CMakeFiles/aruco_interfaces__cpp.dir/build.make:217: warning: ignoring old recipe for target 'rosidl_generator_cpp/aruco_interfaces/msg/detail/aruco_image__traits.hpp'
[  2%] [34m[1mGenerating C code for ROS interfaces[0m
CMakeFiles/aruco_interfaces__cpp.dir/build.make:232: warning: overriding recipe for target 'rosidl_generator_cpp/aruco_interfaces/msg/aruco_image.hpp'
CMakeFiles/aruco_interfaces__cpp.dir/build.make:208: warning: ignoring old recipe for target 'rosidl_generator_cpp/aruco_interfaces/msg/aruco_image.hpp'
CMakeFiles/aruco_interfaces__cpp.dir/build.make:235: warning: overriding recipe for target 'rosidl_generator_cpp/aruco_interfaces/msg/detail/aruco_image__builder.hpp'
CMakeFiles/aruco_interfaces__cpp.dir/build.make:211: warning: ignoring old recipe for target 'rosidl_generator_cpp/aruco_interfaces/msg/detail/aruco_image__builder.hpp'
CMakeFiles/aruco_interfaces__cpp.dir/build.make:238: warning: overriding recipe for target 'rosidl_generator_cpp/aruco_interfaces/msg/detail/aruco_image__struct.hpp'
CMakeFiles/aruco_interfaces__cpp.dir/build.make:214: warning: ignoring old recipe for target 'rosidl_generator_cpp/aruco_interfaces/msg/detail/aruco_image__struct.hpp'
CMakeFiles/aruco_interfaces__cpp.dir/build.make:241: warning: overriding recipe for target 'rosidl_generator_cpp/aruco_interfaces/msg/detail/aruco_image__traits.hpp'
CMakeFiles/aruco_interfaces__cpp.dir/build.make:217: warning: ignoring old recipe for target 'rosidl_generator_cpp/aruco_interfaces/msg/detail/aruco_image__traits.hpp'
[  4%] [34m[1mGenerating C++ code for ROS interfaces[0m
[  4%] Built target ament_cmake_python_copy_aruco_interfaces
running egg_info
writing aruco_interfaces.egg-info/PKG-INFO
writing dependency_links to aruco_interfaces.egg-info/dependency_links.txt
writing top-level names to aruco_interfaces.egg-info/top_level.txt
reading manifest file 'aruco_interfaces.egg-info/SOURCES.txt'
writing manifest file 'aruco_interfaces.egg-info/SOURCES.txt'
[  4%] Built target ament_cmake_python_build_aruco_interfaces_egg
[  4%] Built target aruco_interfaces__cpp
CMakeFiles/aruco_interfaces__rosidl_typesupport_cpp.dir/build.make:182: warning: overriding recipe for target 'rosidl_typesupport_cpp/aruco_interfaces/msg/aruco_image__type_support.cpp'
CMakeFiles/aruco_interfaces__rosidl_typesupport_cpp.dir/build.make:176: warning: ignoring old recipe for target 'rosidl_typesupport_cpp/aruco_interfaces/msg/aruco_image__type_support.cpp'
CMakeFiles/aruco_interfaces__rosidl_typesupport_introspection_cpp.dir/build.make:184: warning: overriding recipe for target 'rosidl_typesupport_introspection_cpp/aruco_interfaces/msg/detail/aruco_image__rosidl_typesupport_introspection_cpp.hpp'
CMakeFiles/aruco_interfaces__rosidl_typesupport_introspection_cpp.dir/build.make:178: warning: ignoring old recipe for target 'rosidl_typesupport_introspection_cpp/aruco_interfaces/msg/detail/aruco_image__rosidl_typesupport_introspection_cpp.hpp'
CMakeFiles/aruco_interfaces__rosidl_typesupport_introspection_cpp.dir/build.make:196: warning: overriding recipe for target 'rosidl_typesupport_introspection_cpp/aruco_interfaces/msg/detail/aruco_image__type_support.cpp'
CMakeFiles/aruco_interfaces__rosidl_typesupport_introspection_cpp.dir/build.make:190: warning: ignoring old recipe for target 'rosidl_typesupport_introspection_cpp/aruco_interfaces/msg/detail/aruco_image__type_support.cpp'
CMakeFiles/aruco_interfaces__rosidl_typesupport_fastrtps_cpp.dir/build.make:193: warning: overriding recipe for target 'rosidl_typesupport_fastrtps_cpp/aruco_interfaces/msg/detail/dds_fastrtps/aruco_image__type_support.cpp'
CMakeFiles/aruco_interfaces__rosidl_typesupport_fastrtps_cpp.dir/build.make:181: warning: ignoring old recipe for target 'rosidl_typesupport_fastrtps_cpp/aruco_interfaces/msg/detail/dds_fastrtps/aruco_image__type_support.cpp'
CMakeFiles/aruco_interfaces__rosidl_typesupport_fastrtps_cpp.dir/build.make:196: warning: overriding recipe for target 'rosidl_typesupport_fastrtps_cpp/aruco_interfaces/msg/detail/aruco_image__rosidl_typesupport_fastrtps_cpp.hpp'
CMakeFiles/aruco_interfaces__rosidl_typesupport_fastrtps_cpp.dir/build.make:184: warning: ignoring old recipe for target 'rosidl_typesupport_fastrtps_cpp/aruco_interfaces/msg/detail/aruco_image__rosidl_typesupport_fastrtps_cpp.hpp'
[  6%] [34m[1mGenerating C++ type support dispatch for ROS interfaces[0m
[  8%] [34m[1mGenerating C++ introspection for ROS interfaces[0m
[ 10%] [34m[1mGenerating C++ type support for eProsima Fast-RTPS[0m
[35m[1mConsolidate compiler generated dependencies of target aruco_interfaces__rosidl_generator_c[0m
CMakeFiles/aruco_interfaces__rosidl_generator_c.dir/build.make:216: warning: overriding recipe for target 'rosidl_generator_c/aruco_interfaces/msg/aruco_image.h'
CMakeFiles/aruco_interfaces__rosidl_generator_c.dir/build.make:192: warning: ignoring old recipe for target 'rosidl_generator_c/aruco_interfaces/msg/aruco_image.h'
CMakeFiles/aruco_interfaces__rosidl_generator_c.dir/build.make:219: warning: overriding recipe for target 'rosidl_generator_c/aruco_interfaces/msg/detail/aruco_image__functions.h'
CMakeFiles/aruco_interfaces__rosidl_generator_c.dir/build.make:195: warning: ignoring old recipe for target 'rosidl_generator_c/aruco_interfaces/msg/detail/aruco_image__functions.h'
CMakeFiles/aruco_interfaces__rosidl_generator_c.dir/build.make:222: warning: overriding recipe for target 'rosidl_generator_c/aruco_interfaces/msg/detail/aruco_image__struct.h'
CMakeFiles/aruco_interfaces__rosidl_generator_c.dir/build.make:198: warning: ignoring old recipe for target 'rosidl_generator_c/aruco_interfaces/msg/detail/aruco_image__struct.h'
CMakeFiles/aruco_interfaces__rosidl_generator_c.dir/build.make:225: warning: overriding recipe for target 'rosidl_generator_c/aruco_interfaces/msg/detail/aruco_image__type_support.h'
CMakeFiles/aruco_interfaces__rosidl_generator_c.dir/build.make:201: warning: ignoring old recipe for target 'rosidl_generator_c/aruco_interfaces/msg/detail/aruco_image__type_support.h'
CMakeFiles/aruco_interfaces__rosidl_generator_c.dir/build.make:237: warning: overriding recipe for target 'rosidl_generator_c/aruco_interfaces/msg/detail/aruco_image__functions.c'
CMakeFiles/aruco_interfaces__rosidl_generator_c.dir/build.make:231: warning: ignoring old recipe for target 'rosidl_generator_c/aruco_interfaces/msg/detail/aruco_image__functions.c'
[ 12%] [32mBuilding C object CMakeFiles/aruco_interfaces__rosidl_generator_c.dir/rosidl_generator_c/aruco_interfaces/msg/detail/aruco_image__functions.c.o[0m
[ 14%] [32mBuilding C object CMakeFiles/aruco_interfaces__rosidl_generator_c.dir/rosidl_generator_c/aruco_interfaces/srv/detail/aruco_detect__functions.c.o[0m
[ 17%] [32mBuilding C object CMakeFiles/aruco_interfaces__rosidl_generator_c.dir/rosidl_generator_c/aruco_interfaces/srv/detail/get_aruco_response__functions.c.o[0m
[ 19%] [32m[1mLinking C shared library libaruco_interfaces__rosidl_generator_c.so[0m
[ 19%] Built target aruco_interfaces__rosidl_generator_c
CMakeFiles/aruco_interfaces__rosidl_typesupport_fastrtps_c.dir/build.make:193: warning: overriding recipe for target 'rosidl_typesupport_fastrtps_c/aruco_interfaces/msg/detail/aruco_image__rosidl_typesupport_fastrtps_c.h'
CMakeFiles/aruco_interfaces__rosidl_typesupport_fastrtps_c.dir/build.make:181: warning: ignoring old recipe for target 'rosidl_typesupport_fastrtps_c/aruco_interfaces/msg/detail/aruco_image__rosidl_typesupport_fastrtps_c.h'
CMakeFiles/aruco_interfaces__rosidl_typesupport_fastrtps_c.dir/build.make:196: warning: overriding recipe for target 'rosidl_typesupport_fastrtps_c/aruco_interfaces/msg/detail/aruco_image__type_support_c.cpp'
CMakeFiles/aruco_interfaces__rosidl_typesupport_fastrtps_c.dir/build.make:184: warning: ignoring old recipe for target 'rosidl_typesupport_fastrtps_c/aruco_interfaces/msg/detail/aruco_image__type_support_c.cpp'
CMakeFiles/aruco_interfaces__rosidl_typesupport_introspection_c.dir/build.make:184: warning: overriding recipe for target 'rosidl_typesupport_introspection_c/aruco_interfaces/msg/detail/aruco_image__rosidl_typesupport_introspection_c.h'
CMakeFiles/aruco_interfaces__rosidl_typesupport_introspection_c.dir/build.make:178: warning: ignoring old recipe for target 'rosidl_typesupport_introspection_c/aruco_interfaces/msg/detail/aruco_image__rosidl_typesupport_introspection_c.h'
CMakeFiles/aruco_interfaces__rosidl_typesupport_introspection_c.dir/build.make:196: warning: overriding recipe for target 'rosidl_typesupport_introspection_c/aruco_interfaces/msg/detail/aruco_image__type_support.c'
CMakeFiles/aruco_interfaces__rosidl_typesupport_introspection_c.dir/build.make:190: warning: ignoring old recipe for target 'rosidl_typesupport_introspection_c/aruco_interfaces/msg/detail/aruco_image__type_support.c'
CMakeFiles/aruco_interfaces__rosidl_typesupport_c.dir/build.make:182: warning: overriding recipe for target 'rosidl_typesupport_c/aruco_interfaces/msg/aruco_image__type_support.cpp'
CMakeFiles/aruco_interfaces__rosidl_typesupport_c.dir/build.make:176: warning: ignoring old recipe for target 'rosidl_typesupport_c/aruco_interfaces/msg/aruco_image__type_support.cpp'
[ 21%] [34m[1mGenerating C introspection for ROS interfaces[0m
[ 25%] [34m[1mGenerating C type support dispatch for ROS interfaces[0m
[ 25%] [34m[1mGenerating C type support for eProsima Fast-RTPS[0m
[35m[1mConsolidate compiler generated dependencies of target aruco_interfaces__rosidl_typesupport_cpp[0m
CMakeFiles/aruco_interfaces__rosidl_typesupport_cpp.dir/build.make:182: warning: overriding recipe for target 'rosidl_typesupport_cpp/aruco_interfaces/msg/aruco_image__type_support.cpp'
CMakeFiles/aruco_interfaces__rosidl_typesupport_cpp.dir/build.make:176: warning: ignoring old recipe for target 'rosidl_typesupport_cpp/aruco_interfaces/msg/aruco_image__type_support.cpp'
[ 31%] [32mBuilding CXX object CMakeFiles/aruco_interfaces__rosidl_typesupport_cpp.dir/rosidl_typesupport_cpp/aruco_interfaces/srv/aruco_detect__type_support.cpp.o[0m
[ 31%] [32mBuilding CXX object CMakeFiles/aruco_interfaces__rosidl_typesupport_cpp.dir/rosidl_typesupport_cpp/aruco_interfaces/msg/aruco_image__type_support.cpp.o[0m
[ 31%] [32mBuilding CXX object CMakeFiles/aruco_interfaces__rosidl_typesupport_cpp.dir/rosidl_typesupport_cpp/aruco_interfaces/srv/get_aruco_response__type_support.cpp.o[0m
[35m[1mConsolidate compiler generated dependencies of target aruco_interfaces__rosidl_typesupport_introspection_cpp[0m
CMakeFiles/aruco_interfaces__rosidl_typesupport_introspection_cpp.dir/build.make:184: warning: overriding recipe for target 'rosidl_typesupport_introspection_cpp/aruco_interfaces/msg/detail/aruco_image__rosidl_typesupport_introspection_cpp.hpp'
CMakeFiles/aruco_interfaces__rosidl_typesupport_introspection_cpp.dir/build.make:178: warning: ignoring old recipe for target 'rosidl_typesupport_introspection_cpp/aruco_interfaces/msg/detail/aruco_image__rosidl_typesupport_introspection_cpp.hpp'
CMakeFiles/aruco_interfaces__rosidl_typesupport_introspection_cpp.dir/build.make:196: warning: overriding recipe for target 'rosidl_typesupport_introspection_cpp/aruco_interfaces/msg/detail/aruco_image__type_support.cpp'
CMakeFiles/aruco_interfaces__rosidl_typesupport_introspection_cpp.dir/build.make:190: warning: ignoring old recipe for target 'rosidl_typesupport_introspection_cpp/aruco_interfaces/msg/detail/aruco_image__type_support.cpp'
[ 36%] [32mBuilding CXX object CMakeFiles/aruco_interfaces__rosidl_typesupport_introspection_cpp.dir/rosidl_typesupport_introspection_cpp/aruco_interfaces/srv/detail/aruco_detect__type_support.cpp.o[0m
[ 36%] [32mBuilding CXX object CMakeFiles/aruco_interfaces__rosidl_typesupport_introspection_cpp.dir/rosidl_typesupport_introspection_cpp/aruco_interfaces/msg/detail/aruco_image__type_support.cpp.o[0m
[ 38%] [32mBuilding CXX object CMakeFiles/aruco_interfaces__rosidl_typesupport_introspection_cpp.dir/rosidl_typesupport_introspection_cpp/aruco_interfaces/srv/detail/get_aruco_response__type_support.cpp.o[0m
[35m[1mConsolidate compiler generated dependencies of target aruco_interfaces__rosidl_typesupport_fastrtps_cpp[0m
CMakeFiles/aruco_interfaces__rosidl_typesupport_fastrtps_cpp.dir/build.make:193: warning: overriding recipe for target 'rosidl_typesupport_fastrtps_cpp/aruco_interfaces/msg/detail/dds_fastrtps/aruco_image__type_support.cpp'
CMakeFiles/aruco_interfaces__rosidl_typesupport_fastrtps_cpp.dir/build.make:181: warning: ignoring old recipe for target 'rosidl_typesupport_fastrtps_cpp/aruco_interfaces/msg/detail/dds_fastrtps/aruco_image__type_support.cpp'
CMakeFiles/aruco_interfaces__rosidl_typesupport_fastrtps_cpp.dir/build.make:196: warning: overriding recipe for target 'rosidl_typesupport_fastrtps_cpp/aruco_interfaces/msg/detail/aruco_image__rosidl_typesupport_fastrtps_cpp.hpp'
CMakeFiles/aruco_interfaces__rosidl_typesupport_fastrtps_cpp.dir/build.make:184: warning: ignoring old recipe for target 'rosidl_typesupport_fastrtps_cpp/aruco_interfaces/msg/detail/aruco_image__rosidl_typesupport_fastrtps_cpp.hpp'
[ 42%] [32mBuilding CXX object CMakeFiles/aruco_interfaces__rosidl_typesupport_fastrtps_cpp.dir/rosidl_typesupport_fastrtps_cpp/aruco_interfaces/msg/detail/dds_fastrtps/aruco_image__type_support.cpp.o[0m
[ 42%] [32mBuilding CXX object CMakeFiles/aruco_interfaces__rosidl_typesupport_fastrtps_cpp.dir/rosidl_typesupport_fastrtps_cpp/aruco_interfaces/srv/detail/dds_fastrtps/get_aruco_response__type_support.cpp.o[0m
[ 44%] [32mBuilding CXX object CMakeFiles/aruco_interfaces__rosidl_typesupport_fastrtps_cpp.dir/rosidl_typesupport_fastrtps_cpp/aruco_interfaces/srv/detail/dds_fastrtps/aruco_detect__type_support.cpp.o[0m
[35m[1mConsolidate compiler generated dependencies of target aruco_interfaces__rosidl_typesupport_c[0m
CMakeFiles/aruco_interfaces__rosidl_typesupport_c.dir/build.make:182: warning: overriding recipe for target 'rosidl_typesupport_c/aruco_interfaces/msg/aruco_image__type_support.cpp'
CMakeFiles/aruco_interfaces__rosidl_typesupport_c.dir/build.make:176: warning: ignoring old recipe for target 'rosidl_typesupport_c/aruco_interfaces/msg/aruco_image__type_support.cpp'
[ 46%] [32mBuilding CXX object CMakeFiles/aruco_interfaces__rosidl_typesupport_c.dir/rosidl_typesupport_c/aruco_interfaces/msg/aruco_image__type_support.cpp.o[0m
[ 48%] [32mBuilding CXX object CMakeFiles/aruco_interfaces__rosidl_typesupport_c.dir/rosidl_typesupport_c/aruco_interfaces/srv/get_aruco_response__type_support.cpp.o[0m
[ 51%] [32mBuilding CXX object CMakeFiles/aruco_interfaces__rosidl_typesupport_c.dir/rosidl_typesupport_c/aruco_interfaces/srv/aruco_detect__type_support.cpp.o[0m
[35m[1mConsolidate compiler generated dependencies of target aruco_interfaces__rosidl_typesupport_introspection_c[0m
CMakeFiles/aruco_interfaces__rosidl_typesupport_introspection_c.dir/build.make:184: warning: overriding recipe for target 'rosidl_typesupport_introspection_c/aruco_interfaces/msg/detail/aruco_image__rosidl_typesupport_introspection_c.h'
CMakeFiles/aruco_interfaces__rosidl_typesupport_introspection_c.dir/build.make:178: warning: ignoring old recipe for target 'rosidl_typesupport_introspection_c/aruco_interfaces/msg/detail/aruco_image__rosidl_typesupport_introspection_c.h'
CMakeFiles/aruco_interfaces__rosidl_typesupport_introspection_c.dir/build.make:196: warning: overriding recipe for target 'rosidl_typesupport_introspection_c/aruco_interfaces/msg/detail/aruco_image__type_support.c'
CMakeFiles/aruco_interfaces__rosidl_typesupport_introspection_c.dir/build.make:190: warning: ignoring old recipe for target 'rosidl_typesupport_introspection_c/aruco_interfaces/msg/detail/aruco_image__type_support.c'
[ 53%] [32m[1mLinking CXX shared library libaruco_interfaces__rosidl_typesupport_c.so[0m
[ 57%] [32mBuilding C object CMakeFiles/aruco_interfaces__rosidl_typesupport_introspection_c.dir/rosidl_typesupport_introspection_c/aruco_interfaces/msg/detail/aruco_image__type_support.c.o[0m
[ 57%] [32mBuilding C object CMakeFiles/aruco_interfaces__rosidl_typesupport_introspection_c.dir/rosidl_typesupport_introspection_c/aruco_interfaces/srv/detail/get_aruco_response__type_support.c.o[0m
[ 59%] [32mBuilding C object CMakeFiles/aruco_interfaces__rosidl_typesupport_introspection_c.dir/rosidl_typesupport_introspection_c/aruco_interfaces/srv/detail/aruco_detect__type_support.c.o[0m
[35m[1mConsolidate compiler generated dependencies of target aruco_interfaces__rosidl_typesupport_fastrtps_c[0m
CMakeFiles/aruco_interfaces__rosidl_typesupport_fastrtps_c.dir/build.make:193: warning: overriding recipe for target 'rosidl_typesupport_fastrtps_c/aruco_interfaces/msg/detail/aruco_image__rosidl_typesupport_fastrtps_c.h'
CMakeFiles/aruco_interfaces__rosidl_typesupport_fastrtps_c.dir/build.make:181: warning: ignoring old recipe for target 'rosidl_typesupport_fastrtps_c/aruco_interfaces/msg/detail/aruco_image__rosidl_typesupport_fastrtps_c.h'
CMakeFiles/aruco_interfaces__rosidl_typesupport_fastrtps_c.dir/build.make:196: warning: overriding recipe for target 'rosidl_typesupport_fastrtps_c/aruco_interfaces/msg/detail/aruco_image__type_support_c.cpp'
CMakeFiles/aruco_interfaces__rosidl_typesupport_fastrtps_c.dir/build.make:184: warning: ignoring old recipe for target 'rosidl_typesupport_fastrtps_c/aruco_interfaces/msg/detail/aruco_image__type_support_c.cpp'
[ 61%] [32mBuilding CXX object CMakeFiles/aruco_interfaces__rosidl_typesupport_fastrtps_c.dir/rosidl_typesupport_fastrtps_c/aruco_interfaces/msg/detail/aruco_image__type_support_c.cpp.o[0m
[ 63%] [32mBuilding CXX object CMakeFiles/aruco_interfaces__rosidl_typesupport_fastrtps_c.dir/rosidl_typesupport_fastrtps_c/aruco_interfaces/srv/detail/get_aruco_response__type_support_c.cpp.o[0m
[ 65%] [32mBuilding CXX object CMakeFiles/aruco_interfaces__rosidl_typesupport_fastrtps_c.dir/rosidl_typesupport_fastrtps_c/aruco_interfaces/srv/detail/aruco_detect__type_support_c.cpp.o[0m
[ 65%] Built target aruco_interfaces__rosidl_typesupport_c
[ 68%] [32m[1mLinking C shared library libaruco_interfaces__rosidl_typesupport_introspection_c.so[0m
[ 68%] Built target aruco_interfaces__rosidl_typesupport_introspection_c
[ 70%] [32m[1mLinking CXX shared library libaruco_interfaces__rosidl_typesupport_cpp.so[0m
[ 70%] Built target aruco_interfaces__rosidl_typesupport_cpp
[ 72%] [32m[1mLinking CXX shared library libaruco_interfaces__rosidl_typesupport_fastrtps_c.so[0m
[ 72%] Built target aruco_interfaces__rosidl_typesupport_fastrtps_c
[ 74%] [32m[1mLinking CXX shared library libaruco_interfaces__rosidl_typesupport_fastrtps_cpp.so[0m
[ 76%] [32m[1mLinking CXX shared library libaruco_interfaces__rosidl_typesupport_introspection_cpp.so[0m
[ 76%] Built target aruco_interfaces__rosidl_typesupport_fastrtps_cpp
[ 76%] Built target aruco_interfaces__rosidl_typesupport_introspection_cpp
[ 76%] Built target aruco_interfaces
aruco_interfaces__py/CMakeFiles/aruco_interfaces__py.dir/build.make:209: warning: overriding recipe for target 'rosidl_generator_py/aruco_interfaces/msg/_aruco_image.py'
aruco_interfaces__py/CMakeFiles/aruco_interfaces__py.dir/build.make:203: warning: ignoring old recipe for target 'rosidl_generator_py/aruco_interfaces/msg/_aruco_image.py'
aruco_interfaces__py/CMakeFiles/aruco_interfaces__py.dir/build.make:227: warning: overriding recipe for target 'rosidl_generator_py/aruco_interfaces/msg/_aruco_image_s.c'
aruco_interfaces__py/CMakeFiles/aruco_interfaces__py.dir/build.make:221: warning: ignoring old recipe for target 'rosidl_generator_py/aruco_interfaces/msg/_aruco_image_s.c'
aruco_interfaces__py/CMakeFiles/aruco_interfaces__py.dir/build.make:209: warning: overriding recipe for target 'rosidl_generator_py/aruco_interfaces/msg/_aruco_image.py'
aruco_interfaces__py/CMakeFiles/aruco_interfaces__py.dir/build.make:203: warning: ignoring old recipe for target 'rosidl_generator_py/aruco_interfaces/msg/_aruco_image.py'
aruco_interfaces__py/CMakeFiles/aruco_interfaces__py.dir/build.make:227: warning: overriding recipe for target 'rosidl_generator_py/aruco_interfaces/msg/_aruco_image_s.c'
aruco_interfaces__py/CMakeFiles/aruco_interfaces__py.dir/build.make:221: warning: ignoring old recipe for target 'rosidl_generator_py/aruco_interfaces/msg/_aruco_image_s.c'
[ 78%] [34m[1mGenerating Python code for ROS interfaces[0m
[ 78%] Built target aruco_interfaces__py
[35m[1mConsolidate compiler generated dependencies of target aruco_interfaces__rosidl_generator_py[0m
[ 80%] [32mBuilding C object CMakeFiles/aruco_interfaces__rosidl_generator_py.dir/rosidl_generator_py/aruco_interfaces/srv/_aruco_detect_s.c.o[0m
[ 82%] [32mBuilding C object CMakeFiles/aruco_interfaces__rosidl_generator_py.dir/rosidl_generator_py/aruco_interfaces/msg/_aruco_image_s.c.o[0m
[ 85%] [32mBuilding C object CMakeFiles/aruco_interfaces__rosidl_generator_py.dir/rosidl_generator_py/aruco_interfaces/srv/_get_aruco_response_s.c.o[0m
[ 87%] [32m[1mLinking C shared library rosidl_generator_py/aruco_interfaces/libaruco_interfaces__rosidl_generator_py.so[0m
[ 87%] Built target aruco_interfaces__rosidl_generator_py
[35m[1mConsolidate compiler generated dependencies of target aruco_interfaces__rosidl_typesupport_introspection_c__pyext[0m
[35m[1mConsolidate compiler generated dependencies of target aruco_interfaces__rosidl_typesupport_c__pyext[0m
[35m[1mConsolidate compiler generated dependencies of target aruco_interfaces__rosidl_typesupport_fastrtps_c__pyext[0m
[ 89%] [32mBuilding C object CMakeFiles/aruco_interfaces__rosidl_typesupport_introspection_c__pyext.dir/rosidl_generator_py/aruco_interfaces/_aruco_interfaces_s.ep.rosidl_typesupport_introspection_c.c.o[0m
[ 91%] [32mBuilding C object CMakeFiles/aruco_interfaces__rosidl_typesupport_c__pyext.dir/rosidl_generator_py/aruco_interfaces/_aruco_interfaces_s.ep.rosidl_typesupport_c.c.o[0m
[ 93%] [32mBuilding C object CMakeFiles/aruco_interfaces__rosidl_typesupport_fastrtps_c__pyext.dir/rosidl_generator_py/aruco_interfaces/_aruco_interfaces_s.ep.rosidl_typesupport_fastrtps_c.c.o[0m
[01m[K/home/notthecoolkid/mrtx/mrt_ws/build/aruco_interfaces/rosidl_generator_py/aruco_interfaces/_aruco_interfaces_s.ep.rosidl_typesupport_c.c:173:15:[m[K [01;31m[Kerror: [m[Kredefinition of ‘[01m[Karuco_interfaces__msg__aruco_image__create_ros_message[m[K’
  173 | static void * [01;31m[Karuco_interfaces__msg__aruco_image__create_ros_message[m[K(void)
      |               [01;31m[K^~~~~~~~~~~~~~~~~~~~~~~~~~~~~~~~~~~~~~~~~~~~~~~~~~~~~~[m[K
[01m[K/home/notthecoolkid/mrtx/mrt_ws/build/aruco_interfaces/rosidl_generator_py/aruco_interfaces/_aruco_interfaces_s.ep.rosidl_typesupport_introspection_c.c:173:15:[m[K [01;31m[Kerror: [m[Kredefinition of ‘[01m[Karuco_interfaces__msg__aruco_image__create_ros_message[m[K’
  173 | static void * [01;31m[Karuco_interfaces__msg__aruco_image__create_ros_message[m[K(void)
      |               [01;31m[K^~~~~~~~~~~~~~~~~~~~~~~~~~~~~~~~~~~~~~~~~~~~~~~~~~~~~~[m[K
[01m[K/home/notthecoolkid/mrtx/mrt_ws/build/aruco_interfaces/rosidl_generator_py/aruco_interfaces/_aruco_interfaces_s.ep.rosidl_typesupport_c.c:31:15:[m[K [01;36m[Knote: [m[Kprevious definition of ‘[01m[Karuco_interfaces__msg__aruco_image__create_ros_message[m[K’ with type ‘[01m[Kvoid *(void)[m[K’
   31 | static void * [01;36m[Karuco_interfaces__msg__aruco_image__create_ros_message[m[K(void)
      |               [01;36m[K^~~~~~~~~~~~~~~~~~~~~~~~~~~~~~~~~~~~~~~~~~~~~~~~~~~~~~[m[K
[01m[K/home/notthecoolkid/mrtx/mrt_ws/build/aruco_interfaces/rosidl_generator_py/aruco_interfaces/_aruco_interfaces_s.ep.rosidl_typesupport_introspection_c.c:31:15:[m[K [01;36m[Knote: [m[Kprevious definition of ‘[01m[Karuco_interfaces__msg__aruco_image__create_ros_message[m[K’ with type ‘[01m[Kvoid *(void)[m[K’
   31 | static void * [01;36m[Karuco_interfaces__msg__aruco_image__create_ros_message[m[K(void)
      |               [01;36m[K^~~~~~~~~~~~~~~~~~~~~~~~~~~~~~~~~~~~~~~~~~~~~~~~~~~~~~[m[K
[01m[K/home/notthecoolkid/mrtx/mrt_ws/build/aruco_interfaces/rosidl_generator_py/aruco_interfaces/_aruco_interfaces_s.ep.rosidl_typesupport_c.c:178:13:[m[K [01;31m[Kerror: [m[Kredefinition of ‘[01m[Karuco_interfaces__msg__aruco_image__destroy_ros_message[m[K’
  178 | static void [01;31m[Karuco_interfaces__msg__aruco_image__destroy_ros_message[m[K(void * raw_ros_message)
      |             [01;31m[K^~~~~~~~~~~~~~~~~~~~~~~~~~~~~~~~~~~~~~~~~~~~~~~~~~~~~~~[m[K
[01m[K/home/notthecoolkid/mrtx/mrt_ws/build/aruco_interfaces/rosidl_generator_py/aruco_interfaces/_aruco_interfaces_s.ep.rosidl_typesupport_introspection_c.c:178:13:[m[K [01;31m[Kerror: [m[Kredefinition of ‘[01m[Karuco_interfaces__msg__aruco_image__destroy_ros_message[m[K’
  178 | static void [01;31m[Karuco_interfaces__msg__aruco_image__destroy_ros_message[m[K(void * raw_ros_message)
      |             [01;31m[K^~~~~~~~~~~~~~~~~~~~~~~~~~~~~~~~~~~~~~~~~~~~~~~~~~~~~~~[m[K
[01m[K/home/notthecoolkid/mrtx/mrt_ws/build/aruco_interfaces/rosidl_generator_py/aruco_interfaces/_aruco_interfaces_s.ep.rosidl_typesupport_c.c:36:13:[m[K [01;36m[Knote: [m[Kprevious definition of ‘[01m[Karuco_interfaces__msg__aruco_image__destroy_ros_message[m[K’ with type ‘[01m[Kvoid(void *)[m[K’
   36 | static void [01;36m[Karuco_interfaces__msg__aruco_image__destroy_ros_message[m[K(void * raw_ros_message)
      |             [01;36m[K^~~~~~~~~~~~~~~~~~~~~~~~~~~~~~~~~~~~~~~~~~~~~~~~~~~~~~~[m[K
[01m[K/home/notthecoolkid/mrtx/mrt_ws/build/aruco_interfaces/rosidl_generator_py/aruco_interfaces/_aruco_interfaces_s.ep.rosidl_typesupport_introspection_c.c:36:13:[m[K [01;36m[Knote: [m[Kprevious definition of ‘[01m[Karuco_interfaces__msg__aruco_image__destroy_ros_message[m[K’ with type ‘[01m[Kvoid(void *)[m[K’
   36 | static void [01;36m[Karuco_interfaces__msg__aruco_image__destroy_ros_message[m[K(void * raw_ros_message)
      |             [01;36m[K^~~~~~~~~~~~~~~~~~~~~~~~~~~~~~~~~~~~~~~~~~~~~~~~~~~~~~~[m[K
[01m[K/home/notthecoolkid/mrtx/mrt_ws/build/aruco_interfaces/rosidl_generator_py/aruco_interfaces/_aruco_interfaces_s.ep.rosidl_typesupport_introspection_c.c:195:1:[m[K [01;31m[Kerror: [m[Kredefinition of ‘[01m[K_register_msg_type__msg__aruco_image[m[K’
  195 | [01;31m[K_register_msg_type__msg__aruco_image[m[K(PyObject * pymodule)
      | [01;31m[K^~~~~~~~~~~~~~~~~~~~~~~~~~~~~~~~~~~~[m[K
[01m[K/home/notthecoolkid/mrtx/mrt_ws/build/aruco_interfaces/rosidl_generator_py/aruco_interfaces/_aruco_interfaces_s.ep.rosidl_typesupport_c.c:195:1:[m[K [01;31m[Kerror: [m[Kredefinition of ‘[01m[K_register_msg_type__msg__aruco_image[m[K’
  195 | [01;31m[K_register_msg_type__msg__aruco_image[m[K(PyObject * pymodule)
      | [01;31m[K^~~~~~~~~~~~~~~~~~~~~~~~~~~~~~~~~~~~[m[K
[01m[K/home/notthecoolkid/mrtx/mrt_ws/build/aruco_interfaces/rosidl_generator_py/aruco_interfaces/_aruco_interfaces_s.ep.rosidl_typesupport_introspection_c.c:53:1:[m[K [01;36m[Knote: [m[Kprevious definition of ‘[01m[K_register_msg_type__msg__aruco_image[m[K’ with type ‘[01m[Kint8_t(PyObject *)[m[K’ {aka ‘[01m[Ksigned char(struct _object *)[m[K’}
   53 | [01;36m[K_register_msg_type__msg__aruco_image[m[K(PyObject * pymodule)
      | [01;36m[K^~~~~~~~~~~~~~~~~~~~~~~~~~~~~~~~~~~~[m[K
[01m[K/home/notthecoolkid/mrtx/mrt_ws/build/aruco_interfaces/rosidl_generator_py/aruco_interfaces/_aruco_interfaces_s.ep.rosidl_typesupport_c.c:53:1:[m[K [01;36m[Knote: [m[Kprevious definition of ‘[01m[K_register_msg_type__msg__aruco_image[m[K’ with type ‘[01m[Kint8_t(PyObject *)[m[K’ {aka ‘[01m[Ksigned char(struct _object *)[m[K’}
   53 | [01;36m[K_register_msg_type__msg__aruco_image[m[K(PyObject * pymodule)
      | [01;36m[K^~~~~~~~~~~~~~~~~~~~~~~~~~~~~~~~~~~~[m[K
[01m[K/home/notthecoolkid/mrtx/mrt_ws/build/aruco_interfaces/rosidl_generator_py/aruco_interfaces/_aruco_interfaces_s.ep.rosidl_typesupport_fastrtps_c.c:173:15:[m[K [01;31m[Kerror: [m[Kredefinition of ‘[01m[Karuco_interfaces__msg__aruco_image__create_ros_message[m[K’
  173 | static void * [01;31m[Karuco_interfaces__msg__aruco_image__create_ros_message[m[K(void)
      |               [01;31m[K^~~~~~~~~~~~~~~~~~~~~~~~~~~~~~~~~~~~~~~~~~~~~~~~~~~~~~[m[K
[01m[K/home/notthecoolkid/mrtx/mrt_ws/build/aruco_interfaces/rosidl_generator_py/aruco_interfaces/_aruco_interfaces_s.ep.rosidl_typesupport_fastrtps_c.c:31:15:[m[K [01;36m[Knote: [m[Kprevious definition of ‘[01m[Karuco_interfaces__msg__aruco_image__create_ros_message[m[K’ with type ‘[01m[Kvoid *(void)[m[K’
   31 | static void * [01;36m[Karuco_interfaces__msg__aruco_image__create_ros_message[m[K(void)
      |               [01;36m[K^~~~~~~~~~~~~~~~~~~~~~~~~~~~~~~~~~~~~~~~~~~~~~~~~~~~~~[m[K
[01m[K/home/notthecoolkid/mrtx/mrt_ws/build/aruco_interfaces/rosidl_generator_py/aruco_interfaces/_aruco_interfaces_s.ep.rosidl_typesupport_fastrtps_c.c:178:13:[m[K [01;31m[Kerror: [m[Kredefinition of ‘[01m[Karuco_interfaces__msg__aruco_image__destroy_ros_message[m[K’
  178 | static void [01;31m[Karuco_interfaces__msg__aruco_image__destroy_ros_message[m[K(void * raw_ros_message)
      |             [01;31m[K^~~~~~~~~~~~~~~~~~~~~~~~~~~~~~~~~~~~~~~~~~~~~~~~~~~~~~~[m[K
[01m[K/home/notthecoolkid/mrtx/mrt_ws/build/aruco_interfaces/rosidl_generator_py/aruco_interfaces/_aruco_interfaces_s.ep.rosidl_typesupport_fastrtps_c.c:36:13:[m[K [01;36m[Knote: [m[Kprevious definition of ‘[01m[Karuco_interfaces__msg__aruco_image__destroy_ros_message[m[K’ with type ‘[01m[Kvoid(void *)[m[K’
   36 | static void [01;36m[Karuco_interfaces__msg__aruco_image__destroy_ros_message[m[K(void * raw_ros_message)
      |             [01;36m[K^~~~~~~~~~~~~~~~~~~~~~~~~~~~~~~~~~~~~~~~~~~~~~~~~~~~~~~[m[K
[01m[K/home/notthecoolkid/mrtx/mrt_ws/build/aruco_interfaces/rosidl_generator_py/aruco_interfaces/_aruco_interfaces_s.ep.rosidl_typesupport_fastrtps_c.c:195:1:[m[K [01;31m[Kerror: [m[Kredefinition of ‘[01m[K_register_msg_type__msg__aruco_image[m[K’
  195 | [01;31m[K_register_msg_type__msg__aruco_image[m[K(PyObject * pymodule)
      | [01;31m[K^~~~~~~~~~~~~~~~~~~~~~~~~~~~~~~~~~~~[m[K
[01m[K/home/notthecoolkid/mrtx/mrt_ws/build/aruco_interfaces/rosidl_generator_py/aruco_interfaces/_aruco_interfaces_s.ep.rosidl_typesupport_fastrtps_c.c:53:1:[m[K [01;36m[Knote: [m[Kprevious definition of ‘[01m[K_register_msg_type__msg__aruco_image[m[K’ with type ‘[01m[Kint8_t(PyObject *)[m[K’ {aka ‘[01m[Ksigned char(struct _object *)[m[K’}
   53 | [01;36m[K_register_msg_type__msg__aruco_image[m[K(PyObject * pymodule)
      | [01;36m[K^~~~~~~~~~~~~~~~~~~~~~~~~~~~~~~~~~~~[m[K
gmake[2]: *** [CMakeFiles/aruco_interfaces__rosidl_typesupport_c__pyext.dir/build.make:76: CMakeFiles/aruco_interfaces__rosidl_typesupport_c__pyext.dir/rosidl_generator_py/aruco_interfaces/_aruco_interfaces_s.ep.rosidl_typesupport_c.c.o] Error 1
gmake[1]: *** [CMakeFiles/Makefile2:564: CMakeFiles/aruco_interfaces__rosidl_typesupport_c__pyext.dir/all] Error 2
gmake[1]: *** Waiting for unfinished jobs....
gmake[2]: *** [CMakeFiles/aruco_interfaces__rosidl_typesupport_introspection_c__pyext.dir/build.make:76: CMakeFiles/aruco_interfaces__rosidl_typesupport_introspection_c__pyext.dir/rosidl_generator_py/aruco_interfaces/_aruco_interfaces_s.ep.rosidl_typesupport_introspection_c.c.o] Error 1
gmake[1]: *** [CMakeFiles/Makefile2:535: CMakeFiles/aruco_interfaces__rosidl_typesupport_introspection_c__pyext.dir/all] Error 2
gmake[2]: *** [CMakeFiles/aruco_interfaces__rosidl_typesupport_fastrtps_c__pyext.dir/build.make:76: CMakeFiles/aruco_interfaces__rosidl_typesupport_fastrtps_c__pyext.dir/rosidl_generator_py/aruco_interfaces/_aruco_interfaces_s.ep.rosidl_typesupport_fastrtps_c.c.o] Error 1
gmake[1]: *** [CMakeFiles/Makefile2:505: CMakeFiles/aruco_interfaces__rosidl_typesupport_fastrtps_c__pyext.dir/all] Error 2
gmake: *** [Makefile:146: all] Error 2
