[0.540s] Invoking command in '/home/notthecoolkid/mrt_ws/src/sauron': PYTHONPATH=/home/notthecoolkid/mrt_ws/build/sauron/prefix_override:/usr/lib/python3/dist-packages/colcon_core/task/python/colcon_distutils_commands:/home/notthecoolkid/mrt_ws/install/sauron/lib/python3.10/site-packages:${PYTHONPATH} /usr/bin/python3 -W ignore:setup.py install is deprecated setup.py egg_info --egg-base ../../build/sauron build --build-base /home/notthecoolkid/mrt_ws/build/sauron/build install --record /home/notthecoolkid/mrt_ws/build/sauron/install.log --single-version-externally-managed install_data
[0.674s] running egg_info
[0.674s] creating ../../build/sauron/sauron.egg-info
[0.674s] writing ../../build/sauron/sauron.egg-info/PKG-INFO
[0.674s] writing dependency_links to ../../build/sauron/sauron.egg-info/dependency_links.txt
[0.674s] writing entry points to ../../build/sauron/sauron.egg-info/entry_points.txt
[0.674s] writing requirements to ../../build/sauron/sauron.egg-info/requires.txt
[0.674s] writing top-level names to ../../build/sauron/sauron.egg-info/top_level.txt
[0.674s] writing manifest file '../../build/sauron/sauron.egg-info/SOURCES.txt'
[0.675s] reading manifest file '../../build/sauron/sauron.egg-info/SOURCES.txt'
[0.675s] writing manifest file '../../build/sauron/sauron.egg-info/SOURCES.txt'
[0.675s] running build
[0.676s] running build_py
[0.676s] creating /home/notthecoolkid/mrt_ws/build/sauron/build
[0.676s] creating /home/notthecoolkid/mrt_ws/build/sauron/build/lib
[0.676s] creating /home/notthecoolkid/mrt_ws/build/sauron/build/lib/sauron
[0.676s] copying sauron/__init__.py -> /home/notthecoolkid/mrt_ws/build/sauron/build/lib/sauron
[0.676s] running install
[0.676s] running install_lib
[0.676s] creating /home/notthecoolkid/mrt_ws/install/sauron/lib/python3.10/site-packages/sauron
[0.676s] copying /home/notthecoolkid/mrt_ws/build/sauron/build/lib/sauron/__init__.py -> /home/notthecoolkid/mrt_ws/install/sauron/lib/python3.10/site-packages/sauron
[0.677s] byte-compiling /home/notthecoolkid/mrt_ws/install/sauron/lib/python3.10/site-packages/sauron/__init__.py to __init__.cpython-310.pyc
[0.677s] running install_data
[0.677s] creating /home/notthecoolkid/mrt_ws/install/sauron/share/ament_index
[0.677s] creating /home/notthecoolkid/mrt_ws/install/sauron/share/ament_index/resource_index
[0.677s] creating /home/notthecoolkid/mrt_ws/install/sauron/share/ament_index/resource_index/packages
[0.677s] copying resource/sauron -> /home/notthecoolkid/mrt_ws/install/sauron/share/ament_index/resource_index/packages
[0.677s] copying package.xml -> /home/notthecoolkid/mrt_ws/install/sauron/share/sauron
[0.677s] running install_egg_info
[0.678s] Copying ../../build/sauron/sauron.egg-info to /home/notthecoolkid/mrt_ws/install/sauron/lib/python3.10/site-packages/sauron-0.0.0-py3.10.egg-info
[0.678s] running install_scripts
[0.691s] writing list of installed files to '/home/notthecoolkid/mrt_ws/build/sauron/install.log'
[0.706s] Invoked command in '/home/notthecoolkid/mrt_ws/src/sauron' returned '0': PYTHONPATH=/home/notthecoolkid/mrt_ws/build/sauron/prefix_override:/usr/lib/python3/dist-packages/colcon_core/task/python/colcon_distutils_commands:/home/notthecoolkid/mrt_ws/install/sauron/lib/python3.10/site-packages:${PYTHONPATH} /usr/bin/python3 -W ignore:setup.py install is deprecated setup.py egg_info --egg-base ../../build/sauron build --build-base /home/notthecoolkid/mrt_ws/build/sauron/build install --record /home/notthecoolkid/mrt_ws/build/sauron/install.log --single-version-externally-managed install_data
