running egg_info
writing ../../build/week1_tutorials/week1_tutorials.egg-info/PKG-INFO
writing dependency_links to ../../build/week1_tutorials/week1_tutorials.egg-info/dependency_links.txt
writing entry points to ../../build/week1_tutorials/week1_tutorials.egg-info/entry_points.txt
writing requirements to ../../build/week1_tutorials/week1_tutorials.egg-info/requires.txt
writing top-level names to ../../build/week1_tutorials/week1_tutorials.egg-info/top_level.txt
reading manifest file '../../build/week1_tutorials/week1_tutorials.egg-info/SOURCES.txt'
writing manifest file '../../build/week1_tutorials/week1_tutorials.egg-info/SOURCES.txt'
running build
running build_py
copying week1_tutorials/service_member_function.py -> /home/notthecoolkid/mrtx/mrt_ws/build/week1_tutorials/build/lib/week1_tutorials
running install
running install_lib
copying /home/notthecoolkid/mrtx/mrt_ws/build/week1_tutorials/build/lib/week1_tutorials/service_member_function.py -> /home/notthecoolkid/mrtx/mrt_ws/install/week1_tutorials/lib/python3.10/site-packages/week1_tutorials
byte-compiling /home/notthecoolkid/mrtx/mrt_ws/install/week1_tutorials/lib/python3.10/site-packages/week1_tutorials/service_member_function.py to service_member_function.cpython-310.pyc
running install_data
running install_egg_info
removing '/home/notthecoolkid/mrtx/mrt_ws/install/week1_tutorials/lib/python3.10/site-packages/week1_tutorials-0.0.0-py3.10.egg-info' (and everything under it)
Copying ../../build/week1_tutorials/week1_tutorials.egg-info to /home/notthecoolkid/mrtx/mrt_ws/install/week1_tutorials/lib/python3.10/site-packages/week1_tutorials-0.0.0-py3.10.egg-info
running install_scripts
Installing client script to /home/notthecoolkid/mrtx/mrt_ws/install/week1_tutorials/lib/week1_tutorials
Installing service script to /home/notthecoolkid/mrtx/mrt_ws/install/week1_tutorials/lib/week1_tutorials
writing list of installed files to '/home/notthecoolkid/mrtx/mrt_ws/build/week1_tutorials/install.log'
