[0.366s] Invoking command in '/home/notthecoolkid/mrtx/mrt_ws/src/week1_tutorials': PYTHONPATH=/home/notthecoolkid/mrtx/mrt_ws/build/week1_tutorials/prefix_override:/usr/lib/python3/dist-packages/colcon_core/task/python/colcon_distutils_commands:/home/notthecoolkid/mrtx/mrt_ws/install/week1_tutorials/lib/python3.10/site-packages:${PYTHONPATH} /usr/bin/python3 -W ignore:setup.py install is deprecated setup.py egg_info --egg-base ../../build/week1_tutorials build --build-base /home/notthecoolkid/mrtx/mrt_ws/build/week1_tutorials/build install --record /home/notthecoolkid/mrtx/mrt_ws/build/week1_tutorials/install.log --single-version-externally-managed install_data
[0.505s] running egg_info
[0.505s] writing ../../build/week1_tutorials/week1_tutorials.egg-info/PKG-INFO
[0.505s] writing dependency_links to ../../build/week1_tutorials/week1_tutorials.egg-info/dependency_links.txt
[0.506s] writing entry points to ../../build/week1_tutorials/week1_tutorials.egg-info/entry_points.txt
[0.506s] writing requirements to ../../build/week1_tutorials/week1_tutorials.egg-info/requires.txt
[0.506s] writing top-level names to ../../build/week1_tutorials/week1_tutorials.egg-info/top_level.txt
[0.507s] reading manifest file '../../build/week1_tutorials/week1_tutorials.egg-info/SOURCES.txt'
[0.507s] writing manifest file '../../build/week1_tutorials/week1_tutorials.egg-info/SOURCES.txt'
[0.507s] running build
[0.507s] running build_py
[0.507s] copying week1_tutorials/service_member_function.py -> /home/notthecoolkid/mrtx/mrt_ws/build/week1_tutorials/build/lib/week1_tutorials
[0.507s] running install
[0.508s] running install_lib
[0.508s] copying /home/notthecoolkid/mrtx/mrt_ws/build/week1_tutorials/build/lib/week1_tutorials/service_member_function.py -> /home/notthecoolkid/mrtx/mrt_ws/install/week1_tutorials/lib/python3.10/site-packages/week1_tutorials
[0.508s] byte-compiling /home/notthecoolkid/mrtx/mrt_ws/install/week1_tutorials/lib/python3.10/site-packages/week1_tutorials/service_member_function.py to service_member_function.cpython-310.pyc
[0.508s] running install_data
[0.508s] running install_egg_info
[0.510s] removing '/home/notthecoolkid/mrtx/mrt_ws/install/week1_tutorials/lib/python3.10/site-packages/week1_tutorials-0.0.0-py3.10.egg-info' (and everything under it)
[0.510s] Copying ../../build/week1_tutorials/week1_tutorials.egg-info to /home/notthecoolkid/mrtx/mrt_ws/install/week1_tutorials/lib/python3.10/site-packages/week1_tutorials-0.0.0-py3.10.egg-info
[0.510s] running install_scripts
[0.523s] Installing client script to /home/notthecoolkid/mrtx/mrt_ws/install/week1_tutorials/lib/week1_tutorials
[0.523s] Installing service script to /home/notthecoolkid/mrtx/mrt_ws/install/week1_tutorials/lib/week1_tutorials
[0.524s] writing list of installed files to '/home/notthecoolkid/mrtx/mrt_ws/build/week1_tutorials/install.log'
[0.540s] Invoked command in '/home/notthecoolkid/mrtx/mrt_ws/src/week1_tutorials' returned '0': PYTHONPATH=/home/notthecoolkid/mrtx/mrt_ws/build/week1_tutorials/prefix_override:/usr/lib/python3/dist-packages/colcon_core/task/python/colcon_distutils_commands:/home/notthecoolkid/mrtx/mrt_ws/install/week1_tutorials/lib/python3.10/site-packages:${PYTHONPATH} /usr/bin/python3 -W ignore:setup.py install is deprecated setup.py egg_info --egg-base ../../build/week1_tutorials build --build-base /home/notthecoolkid/mrtx/mrt_ws/build/week1_tutorials/build install --record /home/notthecoolkid/mrtx/mrt_ws/build/week1_tutorials/install.log --single-version-externally-managed install_data
