-- Found ament_cmake: 1.3.10 (/opt/ros/humble/share/ament_cmake/cmake)
-- Found sensor_msgs: 4.2.4 (/opt/ros/humble/share/sensor_msgs/cmake)
-- Found rosidl_generator_c: 3.1.5 (/opt/ros/humble/share/rosidl_generator_c/cmake)
-- Found rosidl_adapter: 3.1.5 (/opt/ros/humble/share/rosidl_adapter/cmake)
-- Found rosidl_generator_cpp: 3.1.5 (/opt/ros/humble/share/rosidl_generator_cpp/cmake)
-- Using all available rosidl_typesupport_c: rosidl_typesupport_fastrtps_c;rosidl_typesupport_introspection_c
-- Using all available rosidl_typesupport_cpp: rosidl_typesupport_fastrtps_cpp;rosidl_typesupport_introspection_cpp
-- Found rosidl_default_generators: 1.2.0 (/opt/ros/humble/share/rosidl_default_generators/cmake)
-- Found ament_cmake_cppcheck: 0.12.11 (/opt/ros/humble/share/ament_cmake_cppcheck/cmake)
-- Found ament_cmake_cpplint: 0.12.11 (/opt/ros/humble/share/ament_cmake_cpplint/cmake)
-- Found ament_cmake_uncrustify: 0.12.11 (/opt/ros/humble/share/ament_cmake_uncrustify/cmake)
-- Found ament_cmake_ros: 0.10.0 (/opt/ros/humble/share/ament_cmake_ros/cmake)
-- Using all available rosidl_typesupport_c: rosidl_typesupport_fastrtps_c;rosidl_typesupport_introspection_c
-- Using all available rosidl_typesupport_cpp: rosidl_typesupport_fastrtps_cpp;rosidl_typesupport_introspection_cpp
-- Found python_cmake_module: 0.10.0 (/opt/ros/humble/share/python_cmake_module/cmake)
-- Using PYTHON_EXECUTABLE: /usr/bin/python3
-- Using PYTHON_INCLUDE_DIRS: /usr/include/python3.10
-- Using PYTHON_LIBRARIES: /usr/lib/x86_64-linux-gnu/libpython3.10.so
-- Found ament_cmake_flake8: 0.12.11 (/opt/ros/humble/share/ament_cmake_flake8/cmake)
-- Found ament_cmake_pep257: 0.12.11 (/opt/ros/humble/share/ament_cmake_pep257/cmake)
-- Found ament_lint_auto: 0.12.11 (/opt/ros/humble/share/ament_lint_auto/cmake)
-- Added test 'lint_cmake' to check CMake code style
-- Added test 'xmllint' to check XML markup files
-- Configuring done
-- Generating done
-- Build files have been written to: /home/notthecoolkid/mrtx/mrt_ws/build/aruco_interfaces
[35m[1mConsolidate compiler generated dependencies of target aruco_interfaces__rosidl_generator_c[0m
[  2%] [32mBuilding C object CMakeFiles/aruco_interfaces__rosidl_generator_c.dir/rosidl_generator_c/aruco_interfaces/srv/detail/aruco_detect__functions.c.o[0m
[  5%] Built target aruco_interfaces__cpp
[  7%] [32mBuilding C object CMakeFiles/aruco_interfaces__rosidl_generator_c.dir/rosidl_generator_c/aruco_interfaces/msg/detail/aruco_image__functions.c.o[0m
[  7%] Built target ament_cmake_python_copy_aruco_interfaces
[35m[1mConsolidate compiler generated dependencies of target aruco_interfaces__rosidl_typesupport_introspection_cpp[0m
[35m[1mConsolidate compiler generated dependencies of target aruco_interfaces__rosidl_typesupport_cpp[0m
[35m[1mConsolidate compiler generated dependencies of target aruco_interfaces__rosidl_typesupport_fastrtps_cpp[0m
[ 10%] [32mBuilding CXX object CMakeFiles/aruco_interfaces__rosidl_typesupport_introspection_cpp.dir/rosidl_typesupport_introspection_cpp/aruco_interfaces/srv/detail/aruco_detect__type_support.cpp.o[0m
[ 12%] [32mBuilding CXX object CMakeFiles/aruco_interfaces__rosidl_typesupport_introspection_cpp.dir/rosidl_typesupport_introspection_cpp/aruco_interfaces/msg/detail/aruco_image__type_support.cpp.o[0m
[ 15%] [32mBuilding CXX object CMakeFiles/aruco_interfaces__rosidl_typesupport_cpp.dir/rosidl_typesupport_cpp/aruco_interfaces/srv/aruco_detect__type_support.cpp.o[0m
[ 17%] [32mBuilding CXX object CMakeFiles/aruco_interfaces__rosidl_typesupport_cpp.dir/rosidl_typesupport_cpp/aruco_interfaces/msg/aruco_image__type_support.cpp.o[0m
[ 20%] [32mBuilding CXX object CMakeFiles/aruco_interfaces__rosidl_typesupport_fastrtps_cpp.dir/rosidl_typesupport_fastrtps_cpp/aruco_interfaces/srv/detail/dds_fastrtps/aruco_detect__type_support.cpp.o[0m
[ 23%] [32mBuilding CXX object CMakeFiles/aruco_interfaces__rosidl_typesupport_fastrtps_cpp.dir/rosidl_typesupport_fastrtps_cpp/aruco_interfaces/msg/detail/dds_fastrtps/aruco_image__type_support.cpp.o[0m
[ 25%] [32m[1mLinking C shared library libaruco_interfaces__rosidl_generator_c.so[0m
[ 28%] Built target aruco_interfaces__rosidl_generator_c
[ 30%] [34m[1mGenerating C type support for eProsima Fast-RTPS[0m
[ 35%] [34m[1mGenerating C type support dispatch for ROS interfaces[0m
[ 35%] [34m[1mGenerating C introspection for ROS interfaces[0m
running egg_info
writing aruco_interfaces.egg-info/PKG-INFO
writing dependency_links to aruco_interfaces.egg-info/dependency_links.txt
writing top-level names to aruco_interfaces.egg-info/top_level.txt
reading manifest file 'aruco_interfaces.egg-info/SOURCES.txt'
writing manifest file 'aruco_interfaces.egg-info/SOURCES.txt'
[ 35%] Built target ament_cmake_python_build_aruco_interfaces_egg
[ 38%] [32m[1mLinking CXX shared library libaruco_interfaces__rosidl_typesupport_cpp.so[0m
[ 41%] [32m[1mLinking CXX shared library libaruco_interfaces__rosidl_typesupport_introspection_cpp.so[0m
[ 43%] Built target aruco_interfaces__rosidl_typesupport_cpp
[ 46%] [32mBuilding CXX object CMakeFiles/aruco_interfaces__rosidl_typesupport_fastrtps_c.dir/rosidl_typesupport_fastrtps_c/aruco_interfaces/msg/detail/aruco_image__type_support_c.cpp.o[0m
[ 48%] [32mBuilding CXX object CMakeFiles/aruco_interfaces__rosidl_typesupport_fastrtps_c.dir/rosidl_typesupport_fastrtps_c/aruco_interfaces/srv/detail/aruco_detect__type_support_c.cpp.o[0m
[ 51%] [32mBuilding CXX object CMakeFiles/aruco_interfaces__rosidl_typesupport_c.dir/rosidl_typesupport_c/aruco_interfaces/srv/aruco_detect__type_support.cpp.o[0m
[ 53%] [32mBuilding CXX object CMakeFiles/aruco_interfaces__rosidl_typesupport_c.dir/rosidl_typesupport_c/aruco_interfaces/msg/aruco_image__type_support.cpp.o[0m
[ 56%] [32m[1mLinking CXX shared library libaruco_interfaces__rosidl_typesupport_c.so[0m
[ 58%] Built target aruco_interfaces__rosidl_typesupport_introspection_cpp
[ 58%] Built target aruco_interfaces__rosidl_typesupport_c
[ 61%] [32m[1mLinking CXX shared library libaruco_interfaces__rosidl_typesupport_fastrtps_cpp.so[0m
[ 66%] [32mBuilding C object CMakeFiles/aruco_interfaces__rosidl_typesupport_introspection_c.dir/rosidl_typesupport_introspection_c/aruco_interfaces/msg/detail/aruco_image__type_support.c.o[0m
[ 66%] [32mBuilding C object CMakeFiles/aruco_interfaces__rosidl_typesupport_introspection_c.dir/rosidl_typesupport_introspection_c/aruco_interfaces/srv/detail/aruco_detect__type_support.c.o[0m
[ 69%] [32m[1mLinking C shared library libaruco_interfaces__rosidl_typesupport_introspection_c.so[0m
[ 71%] Built target aruco_interfaces__rosidl_typesupport_fastrtps_cpp
[ 71%] Built target aruco_interfaces__rosidl_typesupport_introspection_c
[ 74%] [32m[1mLinking CXX shared library libaruco_interfaces__rosidl_typesupport_fastrtps_c.so[0m
[ 74%] Built target aruco_interfaces__rosidl_typesupport_fastrtps_c
[ 74%] Built target aruco_interfaces
[ 76%] [34m[1mGenerating Python code for ROS interfaces[0m
[ 76%] Built target aruco_interfaces__py
[ 82%] [32mBuilding C object CMakeFiles/aruco_interfaces__rosidl_generator_py.dir/rosidl_generator_py/aruco_interfaces/msg/_aruco_image_s.c.o[0m
[ 82%] [32mBuilding C object CMakeFiles/aruco_interfaces__rosidl_generator_py.dir/rosidl_generator_py/aruco_interfaces/srv/_aruco_detect_s.c.o[0m
[ 84%] [32m[1mLinking C shared library rosidl_generator_py/aruco_interfaces/libaruco_interfaces__rosidl_generator_py.so[0m
[ 84%] Built target aruco_interfaces__rosidl_generator_py
[ 87%] [32mBuilding C object CMakeFiles/aruco_interfaces__rosidl_typesupport_introspection_c__pyext.dir/rosidl_generator_py/aruco_interfaces/_aruco_interfaces_s.ep.rosidl_typesupport_introspection_c.c.o[0m
[ 89%] [32mBuilding C object CMakeFiles/aruco_interfaces__rosidl_typesupport_fastrtps_c__pyext.dir/rosidl_generator_py/aruco_interfaces/_aruco_interfaces_s.ep.rosidl_typesupport_fastrtps_c.c.o[0m
[ 92%] [32mBuilding C object CMakeFiles/aruco_interfaces__rosidl_typesupport_c__pyext.dir/rosidl_generator_py/aruco_interfaces/_aruco_interfaces_s.ep.rosidl_typesupport_c.c.o[0m
[ 94%] [32m[1mLinking C shared library rosidl_generator_py/aruco_interfaces/aruco_interfaces_s__rosidl_typesupport_fastrtps_c.cpython-310-x86_64-linux-gnu.so[0m
[ 97%] [32m[1mLinking C shared library rosidl_generator_py/aruco_interfaces/aruco_interfaces_s__rosidl_typesupport_c.cpython-310-x86_64-linux-gnu.so[0m
[100%] [32m[1mLinking C shared library rosidl_generator_py/aruco_interfaces/aruco_interfaces_s__rosidl_typesupport_introspection_c.cpython-310-x86_64-linux-gnu.so[0m
[100%] Built target aruco_interfaces__rosidl_typesupport_c__pyext
[100%] Built target aruco_interfaces__rosidl_typesupport_introspection_c__pyext
[100%] Built target aruco_interfaces__rosidl_typesupport_fastrtps_c__pyext
-- Install configuration: ""
-- Installing: /home/notthecoolkid/mrtx/mrt_ws/install/aruco_interfaces/share/ament_index/resource_index/rosidl_interfaces/aruco_interfaces
-- Installing: /home/notthecoolkid/mrtx/mrt_ws/install/aruco_interfaces/include/aruco_interfaces/aruco_interfaces
-- Installing: /home/notthecoolkid/mrtx/mrt_ws/install/aruco_interfaces/include/aruco_interfaces/aruco_interfaces/msg
-- Installing: /home/notthecoolkid/mrtx/mrt_ws/install/aruco_interfaces/include/aruco_interfaces/aruco_interfaces/msg/aruco_image.h
-- Installing: /home/notthecoolkid/mrtx/mrt_ws/install/aruco_interfaces/include/aruco_interfaces/aruco_interfaces/msg/rosidl_generator_c__visibility_control.h
-- Installing: /home/notthecoolkid/mrtx/mrt_ws/install/aruco_interfaces/include/aruco_interfaces/aruco_interfaces/msg/detail
-- Installing: /home/notthecoolkid/mrtx/mrt_ws/install/aruco_interfaces/include/aruco_interfaces/aruco_interfaces/msg/detail/aruco_image__functions.h
-- Installing: /home/notthecoolkid/mrtx/mrt_ws/install/aruco_interfaces/include/aruco_interfaces/aruco_interfaces/msg/detail/aruco_image__functions.c
-- Installing: /home/notthecoolkid/mrtx/mrt_ws/install/aruco_interfaces/include/aruco_interfaces/aruco_interfaces/msg/detail/aruco_image__struct.h
-- Installing: /home/notthecoolkid/mrtx/mrt_ws/install/aruco_interfaces/include/aruco_interfaces/aruco_interfaces/msg/detail/aruco_image__type_support.h
-- Installing: /home/notthecoolkid/mrtx/mrt_ws/install/aruco_interfaces/include/aruco_interfaces/aruco_interfaces/srv
-- Installing: /home/notthecoolkid/mrtx/mrt_ws/install/aruco_interfaces/include/aruco_interfaces/aruco_interfaces/srv/detail
-- Installing: /home/notthecoolkid/mrtx/mrt_ws/install/aruco_interfaces/include/aruco_interfaces/aruco_interfaces/srv/detail/aruco_detect__functions.h
-- Installing: /home/notthecoolkid/mrtx/mrt_ws/install/aruco_interfaces/include/aruco_interfaces/aruco_interfaces/srv/detail/aruco_detect__type_support.h
-- Installing: /home/notthecoolkid/mrtx/mrt_ws/install/aruco_interfaces/include/aruco_interfaces/aruco_interfaces/srv/detail/aruco_detect__struct.h
-- Installing: /home/notthecoolkid/mrtx/mrt_ws/install/aruco_interfaces/include/aruco_interfaces/aruco_interfaces/srv/detail/aruco_detect__functions.c
-- Installing: /home/notthecoolkid/mrtx/mrt_ws/install/aruco_interfaces/include/aruco_interfaces/aruco_interfaces/srv/aruco_detect.h
-- Installing: /home/notthecoolkid/mrtx/mrt_ws/install/aruco_interfaces/share/aruco_interfaces/environment/library_path.sh
-- Installing: /home/notthecoolkid/mrtx/mrt_ws/install/aruco_interfaces/share/aruco_interfaces/environment/library_path.dsv
-- Installing: /home/notthecoolkid/mrtx/mrt_ws/install/aruco_interfaces/lib/libaruco_interfaces__rosidl_generator_c.so
-- Set runtime path of "/home/notthecoolkid/mrtx/mrt_ws/install/aruco_interfaces/lib/libaruco_interfaces__rosidl_generator_c.so" to ""
-- Up-to-date: /home/notthecoolkid/mrtx/mrt_ws/install/aruco_interfaces/include/aruco_interfaces/aruco_interfaces
-- Up-to-date: /home/notthecoolkid/mrtx/mrt_ws/install/aruco_interfaces/include/aruco_interfaces/aruco_interfaces/msg
-- Installing: /home/notthecoolkid/mrtx/mrt_ws/install/aruco_interfaces/include/aruco_interfaces/aruco_interfaces/msg/rosidl_typesupport_fastrtps_c__visibility_control.h
-- Up-to-date: /home/notthecoolkid/mrtx/mrt_ws/install/aruco_interfaces/include/aruco_interfaces/aruco_interfaces/msg/detail
-- Installing: /home/notthecoolkid/mrtx/mrt_ws/install/aruco_interfaces/include/aruco_interfaces/aruco_interfaces/msg/detail/aruco_image__rosidl_typesupport_fastrtps_c.h
-- Up-to-date: /home/notthecoolkid/mrtx/mrt_ws/install/aruco_interfaces/include/aruco_interfaces/aruco_interfaces/srv
-- Up-to-date: /home/notthecoolkid/mrtx/mrt_ws/install/aruco_interfaces/include/aruco_interfaces/aruco_interfaces/srv/detail
-- Installing: /home/notthecoolkid/mrtx/mrt_ws/install/aruco_interfaces/include/aruco_interfaces/aruco_interfaces/srv/detail/aruco_detect__rosidl_typesupport_fastrtps_c.h
-- Installing: /home/notthecoolkid/mrtx/mrt_ws/install/aruco_interfaces/lib/libaruco_interfaces__rosidl_typesupport_fastrtps_c.so
-- Set runtime path of "/home/notthecoolkid/mrtx/mrt_ws/install/aruco_interfaces/lib/libaruco_interfaces__rosidl_typesupport_fastrtps_c.so" to ""
-- Up-to-date: /home/notthecoolkid/mrtx/mrt_ws/install/aruco_interfaces/include/aruco_interfaces/aruco_interfaces
-- Up-to-date: /home/notthecoolkid/mrtx/mrt_ws/install/aruco_interfaces/include/aruco_interfaces/aruco_interfaces/msg
-- Installing: /home/notthecoolkid/mrtx/mrt_ws/install/aruco_interfaces/include/aruco_interfaces/aruco_interfaces/msg/aruco_image.hpp
-- Up-to-date: /home/notthecoolkid/mrtx/mrt_ws/install/aruco_interfaces/include/aruco_interfaces/aruco_interfaces/msg/detail
-- Installing: /home/notthecoolkid/mrtx/mrt_ws/install/aruco_interfaces/include/aruco_interfaces/aruco_interfaces/msg/detail/aruco_image__struct.hpp
-- Installing: /home/notthecoolkid/mrtx/mrt_ws/install/aruco_interfaces/include/aruco_interfaces/aruco_interfaces/msg/detail/aruco_image__builder.hpp
-- Installing: /home/notthecoolkid/mrtx/mrt_ws/install/aruco_interfaces/include/aruco_interfaces/aruco_interfaces/msg/detail/aruco_image__traits.hpp
-- Up-to-date: /home/notthecoolkid/mrtx/mrt_ws/install/aruco_interfaces/include/aruco_interfaces/aruco_interfaces/srv
-- Up-to-date: /home/notthecoolkid/mrtx/mrt_ws/install/aruco_interfaces/include/aruco_interfaces/aruco_interfaces/srv/detail
-- Installing: /home/notthecoolkid/mrtx/mrt_ws/install/aruco_interfaces/include/aruco_interfaces/aruco_interfaces/srv/detail/aruco_detect__builder.hpp
-- Installing: /home/notthecoolkid/mrtx/mrt_ws/install/aruco_interfaces/include/aruco_interfaces/aruco_interfaces/srv/detail/aruco_detect__struct.hpp
-- Installing: /home/notthecoolkid/mrtx/mrt_ws/install/aruco_interfaces/include/aruco_interfaces/aruco_interfaces/srv/detail/aruco_detect__traits.hpp
-- Installing: /home/notthecoolkid/mrtx/mrt_ws/install/aruco_interfaces/include/aruco_interfaces/aruco_interfaces/srv/aruco_detect.hpp
-- Up-to-date: /home/notthecoolkid/mrtx/mrt_ws/install/aruco_interfaces/include/aruco_interfaces/aruco_interfaces
-- Up-to-date: /home/notthecoolkid/mrtx/mrt_ws/install/aruco_interfaces/include/aruco_interfaces/aruco_interfaces/msg
-- Up-to-date: /home/notthecoolkid/mrtx/mrt_ws/install/aruco_interfaces/include/aruco_interfaces/aruco_interfaces/msg/detail
-- Installing: /home/notthecoolkid/mrtx/mrt_ws/install/aruco_interfaces/include/aruco_interfaces/aruco_interfaces/msg/detail/aruco_image__rosidl_typesupport_fastrtps_cpp.hpp
-- Installing: /home/notthecoolkid/mrtx/mrt_ws/install/aruco_interfaces/include/aruco_interfaces/aruco_interfaces/msg/detail/dds_fastrtps
-- Installing: /home/notthecoolkid/mrtx/mrt_ws/install/aruco_interfaces/include/aruco_interfaces/aruco_interfaces/msg/rosidl_typesupport_fastrtps_cpp__visibility_control.h
-- Up-to-date: /home/notthecoolkid/mrtx/mrt_ws/install/aruco_interfaces/include/aruco_interfaces/aruco_interfaces/srv
-- Up-to-date: /home/notthecoolkid/mrtx/mrt_ws/install/aruco_interfaces/include/aruco_interfaces/aruco_interfaces/srv/detail
-- Installing: /home/notthecoolkid/mrtx/mrt_ws/install/aruco_interfaces/include/aruco_interfaces/aruco_interfaces/srv/detail/dds_fastrtps
-- Installing: /home/notthecoolkid/mrtx/mrt_ws/install/aruco_interfaces/include/aruco_interfaces/aruco_interfaces/srv/detail/aruco_detect__rosidl_typesupport_fastrtps_cpp.hpp
-- Installing: /home/notthecoolkid/mrtx/mrt_ws/install/aruco_interfaces/lib/libaruco_interfaces__rosidl_typesupport_fastrtps_cpp.so
-- Set runtime path of "/home/notthecoolkid/mrtx/mrt_ws/install/aruco_interfaces/lib/libaruco_interfaces__rosidl_typesupport_fastrtps_cpp.so" to ""
-- Up-to-date: /home/notthecoolkid/mrtx/mrt_ws/install/aruco_interfaces/include/aruco_interfaces/aruco_interfaces
-- Up-to-date: /home/notthecoolkid/mrtx/mrt_ws/install/aruco_interfaces/include/aruco_interfaces/aruco_interfaces/msg
-- Up-to-date: /home/notthecoolkid/mrtx/mrt_ws/install/aruco_interfaces/include/aruco_interfaces/aruco_interfaces/msg/detail
-- Installing: /home/notthecoolkid/mrtx/mrt_ws/install/aruco_interfaces/include/aruco_interfaces/aruco_interfaces/msg/detail/aruco_image__rosidl_typesupport_introspection_c.h
-- Installing: /home/notthecoolkid/mrtx/mrt_ws/install/aruco_interfaces/include/aruco_interfaces/aruco_interfaces/msg/detail/aruco_image__type_support.c
-- Installing: /home/notthecoolkid/mrtx/mrt_ws/install/aruco_interfaces/include/aruco_interfaces/aruco_interfaces/msg/rosidl_typesupport_introspection_c__visibility_control.h
-- Up-to-date: /home/notthecoolkid/mrtx/mrt_ws/install/aruco_interfaces/include/aruco_interfaces/aruco_interfaces/srv
-- Up-to-date: /home/notthecoolkid/mrtx/mrt_ws/install/aruco_interfaces/include/aruco_interfaces/aruco_interfaces/srv/detail
-- Installing: /home/notthecoolkid/mrtx/mrt_ws/install/aruco_interfaces/include/aruco_interfaces/aruco_interfaces/srv/detail/aruco_detect__type_support.c
-- Installing: /home/notthecoolkid/mrtx/mrt_ws/install/aruco_interfaces/include/aruco_interfaces/aruco_interfaces/srv/detail/aruco_detect__rosidl_typesupport_introspection_c.h
-- Installing: /home/notthecoolkid/mrtx/mrt_ws/install/aruco_interfaces/lib/libaruco_interfaces__rosidl_typesupport_introspection_c.so
-- Set runtime path of "/home/notthecoolkid/mrtx/mrt_ws/install/aruco_interfaces/lib/libaruco_interfaces__rosidl_typesupport_introspection_c.so" to ""
-- Installing: /home/notthecoolkid/mrtx/mrt_ws/install/aruco_interfaces/lib/libaruco_interfaces__rosidl_typesupport_c.so
-- Set runtime path of "/home/notthecoolkid/mrtx/mrt_ws/install/aruco_interfaces/lib/libaruco_interfaces__rosidl_typesupport_c.so" to ""
-- Up-to-date: /home/notthecoolkid/mrtx/mrt_ws/install/aruco_interfaces/include/aruco_interfaces/aruco_interfaces
-- Up-to-date: /home/notthecoolkid/mrtx/mrt_ws/install/aruco_interfaces/include/aruco_interfaces/aruco_interfaces/msg
-- Up-to-date: /home/notthecoolkid/mrtx/mrt_ws/install/aruco_interfaces/include/aruco_interfaces/aruco_interfaces/msg/detail
-- Installing: /home/notthecoolkid/mrtx/mrt_ws/install/aruco_interfaces/include/aruco_interfaces/aruco_interfaces/msg/detail/aruco_image__type_support.cpp
-- Installing: /home/notthecoolkid/mrtx/mrt_ws/install/aruco_interfaces/include/aruco_interfaces/aruco_interfaces/msg/detail/aruco_image__rosidl_typesupport_introspection_cpp.hpp
-- Up-to-date: /home/notthecoolkid/mrtx/mrt_ws/install/aruco_interfaces/include/aruco_interfaces/aruco_interfaces/srv
-- Up-to-date: /home/notthecoolkid/mrtx/mrt_ws/install/aruco_interfaces/include/aruco_interfaces/aruco_interfaces/srv/detail
-- Installing: /home/notthecoolkid/mrtx/mrt_ws/install/aruco_interfaces/include/aruco_interfaces/aruco_interfaces/srv/detail/aruco_detect__type_support.cpp
-- Installing: /home/notthecoolkid/mrtx/mrt_ws/install/aruco_interfaces/include/aruco_interfaces/aruco_interfaces/srv/detail/aruco_detect__rosidl_typesupport_introspection_cpp.hpp
-- Installing: /home/notthecoolkid/mrtx/mrt_ws/install/aruco_interfaces/lib/libaruco_interfaces__rosidl_typesupport_introspection_cpp.so
-- Set runtime path of "/home/notthecoolkid/mrtx/mrt_ws/install/aruco_interfaces/lib/libaruco_interfaces__rosidl_typesupport_introspection_cpp.so" to ""
-- Installing: /home/notthecoolkid/mrtx/mrt_ws/install/aruco_interfaces/lib/libaruco_interfaces__rosidl_typesupport_cpp.so
-- Set runtime path of "/home/notthecoolkid/mrtx/mrt_ws/install/aruco_interfaces/lib/libaruco_interfaces__rosidl_typesupport_cpp.so" to ""
-- Installing: /home/notthecoolkid/mrtx/mrt_ws/install/aruco_interfaces/share/aruco_interfaces/environment/pythonpath.sh
-- Installing: /home/notthecoolkid/mrtx/mrt_ws/install/aruco_interfaces/share/aruco_interfaces/environment/pythonpath.dsv
-- Installing: /home/notthecoolkid/mrtx/mrt_ws/install/aruco_interfaces/local/lib/python3.10/dist-packages/aruco_interfaces-0.0.0-py3.10.egg-info
-- Installing: /home/notthecoolkid/mrtx/mrt_ws/install/aruco_interfaces/local/lib/python3.10/dist-packages/aruco_interfaces-0.0.0-py3.10.egg-info/top_level.txt
-- Installing: /home/notthecoolkid/mrtx/mrt_ws/install/aruco_interfaces/local/lib/python3.10/dist-packages/aruco_interfaces-0.0.0-py3.10.egg-info/dependency_links.txt
-- Installing: /home/notthecoolkid/mrtx/mrt_ws/install/aruco_interfaces/local/lib/python3.10/dist-packages/aruco_interfaces-0.0.0-py3.10.egg-info/PKG-INFO
-- Installing: /home/notthecoolkid/mrtx/mrt_ws/install/aruco_interfaces/local/lib/python3.10/dist-packages/aruco_interfaces-0.0.0-py3.10.egg-info/SOURCES.txt
-- Installing: /home/notthecoolkid/mrtx/mrt_ws/install/aruco_interfaces/local/lib/python3.10/dist-packages/aruco_interfaces
-- Installing: /home/notthecoolkid/mrtx/mrt_ws/install/aruco_interfaces/local/lib/python3.10/dist-packages/aruco_interfaces/_aruco_interfaces_s.ep.rosidl_typesupport_c.c
-- Installing: /home/notthecoolkid/mrtx/mrt_ws/install/aruco_interfaces/local/lib/python3.10/dist-packages/aruco_interfaces/aruco_interfaces_s__rosidl_typesupport_fastrtps_c.cpython-310-x86_64-linux-gnu.so
-- Installing: /home/notthecoolkid/mrtx/mrt_ws/install/aruco_interfaces/local/lib/python3.10/dist-packages/aruco_interfaces/msg
-- Installing: /home/notthecoolkid/mrtx/mrt_ws/install/aruco_interfaces/local/lib/python3.10/dist-packages/aruco_interfaces/msg/_aruco_image.py
-- Installing: /home/notthecoolkid/mrtx/mrt_ws/install/aruco_interfaces/local/lib/python3.10/dist-packages/aruco_interfaces/msg/__init__.py
-- Installing: /home/notthecoolkid/mrtx/mrt_ws/install/aruco_interfaces/local/lib/python3.10/dist-packages/aruco_interfaces/msg/_aruco_image_s.c
-- Installing: /home/notthecoolkid/mrtx/mrt_ws/install/aruco_interfaces/local/lib/python3.10/dist-packages/aruco_interfaces/_aruco_interfaces_s.ep.rosidl_typesupport_fastrtps_c.c
-- Installing: /home/notthecoolkid/mrtx/mrt_ws/install/aruco_interfaces/local/lib/python3.10/dist-packages/aruco_interfaces/__init__.py
-- Installing: /home/notthecoolkid/mrtx/mrt_ws/install/aruco_interfaces/local/lib/python3.10/dist-packages/aruco_interfaces/_aruco_interfaces_s.ep.rosidl_typesupport_introspection_c.c
-- Installing: /home/notthecoolkid/mrtx/mrt_ws/install/aruco_interfaces/local/lib/python3.10/dist-packages/aruco_interfaces/aruco_interfaces_s__rosidl_typesupport_c.cpython-310-x86_64-linux-gnu.so
-- Installing: /home/notthecoolkid/mrtx/mrt_ws/install/aruco_interfaces/local/lib/python3.10/dist-packages/aruco_interfaces/libaruco_interfaces__rosidl_generator_py.so
-- Installing: /home/notthecoolkid/mrtx/mrt_ws/install/aruco_interfaces/local/lib/python3.10/dist-packages/aruco_interfaces/srv
-- Installing: /home/notthecoolkid/mrtx/mrt_ws/install/aruco_interfaces/local/lib/python3.10/dist-packages/aruco_interfaces/srv/_aruco_detect.py
-- Installing: /home/notthecoolkid/mrtx/mrt_ws/install/aruco_interfaces/local/lib/python3.10/dist-packages/aruco_interfaces/srv/__init__.py
-- Installing: /home/notthecoolkid/mrtx/mrt_ws/install/aruco_interfaces/local/lib/python3.10/dist-packages/aruco_interfaces/srv/_aruco_detect_s.c
-- Installing: /home/notthecoolkid/mrtx/mrt_ws/install/aruco_interfaces/local/lib/python3.10/dist-packages/aruco_interfaces/aruco_interfaces_s__rosidl_typesupport_introspection_c.cpython-310-x86_64-linux-gnu.so
Listing '/home/notthecoolkid/mrtx/mrt_ws/install/aruco_interfaces/local/lib/python3.10/dist-packages/aruco_interfaces'...
Compiling '/home/notthecoolkid/mrtx/mrt_ws/install/aruco_interfaces/local/lib/python3.10/dist-packages/aruco_interfaces/__init__.py'...
Listing '/home/notthecoolkid/mrtx/mrt_ws/install/aruco_interfaces/local/lib/python3.10/dist-packages/aruco_interfaces/msg'...
Compiling '/home/notthecoolkid/mrtx/mrt_ws/install/aruco_interfaces/local/lib/python3.10/dist-packages/aruco_interfaces/msg/__init__.py'...
Compiling '/home/notthecoolkid/mrtx/mrt_ws/install/aruco_interfaces/local/lib/python3.10/dist-packages/aruco_interfaces/msg/_aruco_image.py'...
Listing '/home/notthecoolkid/mrtx/mrt_ws/install/aruco_interfaces/local/lib/python3.10/dist-packages/aruco_interfaces/srv'...
Compiling '/home/notthecoolkid/mrtx/mrt_ws/install/aruco_interfaces/local/lib/python3.10/dist-packages/aruco_interfaces/srv/__init__.py'...
Compiling '/home/notthecoolkid/mrtx/mrt_ws/install/aruco_interfaces/local/lib/python3.10/dist-packages/aruco_interfaces/srv/_aruco_detect.py'...
-- Installing: /home/notthecoolkid/mrtx/mrt_ws/install/aruco_interfaces/local/lib/python3.10/dist-packages/aruco_interfaces/aruco_interfaces_s__rosidl_typesupport_fastrtps_c.cpython-310-x86_64-linux-gnu.so
-- Set runtime path of "/home/notthecoolkid/mrtx/mrt_ws/install/aruco_interfaces/local/lib/python3.10/dist-packages/aruco_interfaces/aruco_interfaces_s__rosidl_typesupport_fastrtps_c.cpython-310-x86_64-linux-gnu.so" to ""
-- Installing: /home/notthecoolkid/mrtx/mrt_ws/install/aruco_interfaces/local/lib/python3.10/dist-packages/aruco_interfaces/aruco_interfaces_s__rosidl_typesupport_introspection_c.cpython-310-x86_64-linux-gnu.so
-- Set runtime path of "/home/notthecoolkid/mrtx/mrt_ws/install/aruco_interfaces/local/lib/python3.10/dist-packages/aruco_interfaces/aruco_interfaces_s__rosidl_typesupport_introspection_c.cpython-310-x86_64-linux-gnu.so" to ""
-- Installing: /home/notthecoolkid/mrtx/mrt_ws/install/aruco_interfaces/local/lib/python3.10/dist-packages/aruco_interfaces/aruco_interfaces_s__rosidl_typesupport_c.cpython-310-x86_64-linux-gnu.so
-- Set runtime path of "/home/notthecoolkid/mrtx/mrt_ws/install/aruco_interfaces/local/lib/python3.10/dist-packages/aruco_interfaces/aruco_interfaces_s__rosidl_typesupport_c.cpython-310-x86_64-linux-gnu.so" to ""
-- Installing: /home/notthecoolkid/mrtx/mrt_ws/install/aruco_interfaces/lib/libaruco_interfaces__rosidl_generator_py.so
-- Set runtime path of "/home/notthecoolkid/mrtx/mrt_ws/install/aruco_interfaces/lib/libaruco_interfaces__rosidl_generator_py.so" to ""
-- Installing: /home/notthecoolkid/mrtx/mrt_ws/install/aruco_interfaces/share/aruco_interfaces/srv/ArucoDetect.idl
-- Installing: /home/notthecoolkid/mrtx/mrt_ws/install/aruco_interfaces/share/aruco_interfaces/msg/ArucoImage.idl
-- Installing: /home/notthecoolkid/mrtx/mrt_ws/install/aruco_interfaces/share/aruco_interfaces/srv/ArucoDetect.srv
-- Installing: /home/notthecoolkid/mrtx/mrt_ws/install/aruco_interfaces/share/aruco_interfaces/srv/ArucoDetect_Request.msg
-- Installing: /home/notthecoolkid/mrtx/mrt_ws/install/aruco_interfaces/share/aruco_interfaces/srv/ArucoDetect_Response.msg
-- Installing: /home/notthecoolkid/mrtx/mrt_ws/install/aruco_interfaces/share/aruco_interfaces/msg/ArucoImage.msg
-- Installing: /home/notthecoolkid/mrtx/mrt_ws/install/aruco_interfaces/share/ament_index/resource_index/package_run_dependencies/aruco_interfaces
-- Installing: /home/notthecoolkid/mrtx/mrt_ws/install/aruco_interfaces/share/ament_index/resource_index/parent_prefix_path/aruco_interfaces
-- Installing: /home/notthecoolkid/mrtx/mrt_ws/install/aruco_interfaces/share/aruco_interfaces/environment/ament_prefix_path.sh
-- Installing: /home/notthecoolkid/mrtx/mrt_ws/install/aruco_interfaces/share/aruco_interfaces/environment/ament_prefix_path.dsv
-- Installing: /home/notthecoolkid/mrtx/mrt_ws/install/aruco_interfaces/share/aruco_interfaces/environment/path.sh
-- Installing: /home/notthecoolkid/mrtx/mrt_ws/install/aruco_interfaces/share/aruco_interfaces/environment/path.dsv
-- Installing: /home/notthecoolkid/mrtx/mrt_ws/install/aruco_interfaces/share/aruco_interfaces/local_setup.bash
-- Installing: /home/notthecoolkid/mrtx/mrt_ws/install/aruco_interfaces/share/aruco_interfaces/local_setup.sh
-- Installing: /home/notthecoolkid/mrtx/mrt_ws/install/aruco_interfaces/share/aruco_interfaces/local_setup.zsh
-- Installing: /home/notthecoolkid/mrtx/mrt_ws/install/aruco_interfaces/share/aruco_interfaces/local_setup.dsv
-- Installing: /home/notthecoolkid/mrtx/mrt_ws/install/aruco_interfaces/share/aruco_interfaces/package.dsv
-- Installing: /home/notthecoolkid/mrtx/mrt_ws/install/aruco_interfaces/share/ament_index/resource_index/packages/aruco_interfaces
-- Installing: /home/notthecoolkid/mrtx/mrt_ws/install/aruco_interfaces/share/aruco_interfaces/cmake/export_aruco_interfaces__rosidl_generator_cExport.cmake
-- Installing: /home/notthecoolkid/mrtx/mrt_ws/install/aruco_interfaces/share/aruco_interfaces/cmake/export_aruco_interfaces__rosidl_generator_cExport-noconfig.cmake
-- Installing: /home/notthecoolkid/mrtx/mrt_ws/install/aruco_interfaces/share/aruco_interfaces/cmake/export_aruco_interfaces__rosidl_typesupport_fastrtps_cExport.cmake
-- Installing: /home/notthecoolkid/mrtx/mrt_ws/install/aruco_interfaces/share/aruco_interfaces/cmake/export_aruco_interfaces__rosidl_typesupport_fastrtps_cExport-noconfig.cmake
-- Installing: /home/notthecoolkid/mrtx/mrt_ws/install/aruco_interfaces/share/aruco_interfaces/cmake/export_aruco_interfaces__rosidl_generator_cppExport.cmake
-- Installing: /home/notthecoolkid/mrtx/mrt_ws/install/aruco_interfaces/share/aruco_interfaces/cmake/export_aruco_interfaces__rosidl_typesupport_fastrtps_cppExport.cmake
-- Installing: /home/notthecoolkid/mrtx/mrt_ws/install/aruco_interfaces/share/aruco_interfaces/cmake/export_aruco_interfaces__rosidl_typesupport_fastrtps_cppExport-noconfig.cmake
-- Installing: /home/notthecoolkid/mrtx/mrt_ws/install/aruco_interfaces/share/aruco_interfaces/cmake/aruco_interfaces__rosidl_typesupport_introspection_cExport.cmake
-- Installing: /home/notthecoolkid/mrtx/mrt_ws/install/aruco_interfaces/share/aruco_interfaces/cmake/aruco_interfaces__rosidl_typesupport_introspection_cExport-noconfig.cmake
-- Installing: /home/notthecoolkid/mrtx/mrt_ws/install/aruco_interfaces/share/aruco_interfaces/cmake/aruco_interfaces__rosidl_typesupport_cExport.cmake
-- Installing: /home/notthecoolkid/mrtx/mrt_ws/install/aruco_interfaces/share/aruco_interfaces/cmake/aruco_interfaces__rosidl_typesupport_cExport-noconfig.cmake
-- Installing: /home/notthecoolkid/mrtx/mrt_ws/install/aruco_interfaces/share/aruco_interfaces/cmake/aruco_interfaces__rosidl_typesupport_introspection_cppExport.cmake
-- Installing: /home/notthecoolkid/mrtx/mrt_ws/install/aruco_interfaces/share/aruco_interfaces/cmake/aruco_interfaces__rosidl_typesupport_introspection_cppExport-noconfig.cmake
-- Installing: /home/notthecoolkid/mrtx/mrt_ws/install/aruco_interfaces/share/aruco_interfaces/cmake/aruco_interfaces__rosidl_typesupport_cppExport.cmake
-- Installing: /home/notthecoolkid/mrtx/mrt_ws/install/aruco_interfaces/share/aruco_interfaces/cmake/aruco_interfaces__rosidl_typesupport_cppExport-noconfig.cmake
-- Installing: /home/notthecoolkid/mrtx/mrt_ws/install/aruco_interfaces/share/aruco_interfaces/cmake/export_aruco_interfaces__rosidl_generator_pyExport.cmake
-- Installing: /home/notthecoolkid/mrtx/mrt_ws/install/aruco_interfaces/share/aruco_interfaces/cmake/export_aruco_interfaces__rosidl_generator_pyExport-noconfig.cmake
-- Installing: /home/notthecoolkid/mrtx/mrt_ws/install/aruco_interfaces/share/aruco_interfaces/cmake/rosidl_cmake-extras.cmake
-- Installing: /home/notthecoolkid/mrtx/mrt_ws/install/aruco_interfaces/share/aruco_interfaces/cmake/ament_cmake_export_dependencies-extras.cmake
-- Installing: /home/notthecoolkid/mrtx/mrt_ws/install/aruco_interfaces/share/aruco_interfaces/cmake/ament_cmake_export_include_directories-extras.cmake
-- Installing: /home/notthecoolkid/mrtx/mrt_ws/install/aruco_interfaces/share/aruco_interfaces/cmake/ament_cmake_export_libraries-extras.cmake
-- Installing: /home/notthecoolkid/mrtx/mrt_ws/install/aruco_interfaces/share/aruco_interfaces/cmake/ament_cmake_export_targets-extras.cmake
-- Installing: /home/notthecoolkid/mrtx/mrt_ws/install/aruco_interfaces/share/aruco_interfaces/cmake/rosidl_cmake_export_typesupport_targets-extras.cmake
-- Installing: /home/notthecoolkid/mrtx/mrt_ws/install/aruco_interfaces/share/aruco_interfaces/cmake/rosidl_cmake_export_typesupport_libraries-extras.cmake
-- Installing: /home/notthecoolkid/mrtx/mrt_ws/install/aruco_interfaces/share/aruco_interfaces/cmake/aruco_interfacesConfig.cmake
-- Installing: /home/notthecoolkid/mrtx/mrt_ws/install/aruco_interfaces/share/aruco_interfaces/cmake/aruco_interfacesConfig-version.cmake
-- Installing: /home/notthecoolkid/mrtx/mrt_ws/install/aruco_interfaces/share/aruco_interfaces/package.xml
