[0.007s] Invoking command in '/home/notthecoolkid/mrtx/mrt_ws/build/aruco_interfaces': CMAKE_PREFIX_PATH=/home/notthecoolkid/mrt_ws/install/week0_tutorials:/home/notthecoolkid/mrt_ws/install/sauron:/opt/ros/humble /usr/bin/cmake --build /home/notthecoolkid/mrtx/mrt_ws/build/aruco_interfaces -- -j20 -l20
[0.028s] -- Found ament_cmake: 1.3.10 (/opt/ros/humble/share/ament_cmake/cmake)
[0.124s] -- Found sensor_msgs: 4.2.4 (/opt/ros/humble/share/sensor_msgs/cmake)
[0.140s] -- Found rosidl_generator_c: 3.1.5 (/opt/ros/humble/share/rosidl_generator_c/cmake)
[0.142s] -- Found rosidl_adapter: 3.1.5 (/opt/ros/humble/share/rosidl_adapter/cmake)
[0.146s] -- Found rosidl_generator_cpp: 3.1.5 (/opt/ros/humble/share/rosidl_generator_cpp/cmake)
[0.152s] -- Using all available rosidl_typesupport_c: rosidl_typesupport_fastrtps_c;rosidl_typesupport_introspection_c
[0.160s] -- Using all available rosidl_typesupport_cpp: rosidl_typesupport_fastrtps_cpp;rosidl_typesupport_introspection_cpp
[0.194s] -- Found rosidl_default_generators: 1.2.0 (/opt/ros/humble/share/rosidl_default_generators/cmake)
[0.420s] -- Found ament_cmake_cppcheck: 0.12.11 (/opt/ros/humble/share/ament_cmake_cppcheck/cmake)
[0.422s] -- Found ament_cmake_cpplint: 0.12.11 (/opt/ros/humble/share/ament_cmake_cpplint/cmake)
[0.423s] -- Found ament_cmake_uncrustify: 0.12.11 (/opt/ros/humble/share/ament_cmake_uncrustify/cmake)
[0.423s] -- Found ament_cmake_ros: 0.10.0 (/opt/ros/humble/share/ament_cmake_ros/cmake)
[0.745s] -- Using all available rosidl_typesupport_c: rosidl_typesupport_fastrtps_c;rosidl_typesupport_introspection_c
[0.870s] -- Using all available rosidl_typesupport_cpp: rosidl_typesupport_fastrtps_cpp;rosidl_typesupport_introspection_cpp
[0.888s] -- Found python_cmake_module: 0.10.0 (/opt/ros/humble/share/python_cmake_module/cmake)
[0.906s] -- Using PYTHON_EXECUTABLE: /usr/bin/python3
[0.906s] -- Using PYTHON_INCLUDE_DIRS: /usr/include/python3.10
[0.906s] -- Using PYTHON_LIBRARIES: /usr/lib/x86_64-linux-gnu/libpython3.10.so
[0.939s] -- Found ament_cmake_flake8: 0.12.11 (/opt/ros/humble/share/ament_cmake_flake8/cmake)
[0.939s] -- Found ament_cmake_pep257: 0.12.11 (/opt/ros/humble/share/ament_cmake_pep257/cmake)
[0.940s] -- Found ament_lint_auto: 0.12.11 (/opt/ros/humble/share/ament_lint_auto/cmake)
[0.945s] -- Added test 'lint_cmake' to check CMake code style
[0.945s] -- Added test 'xmllint' to check XML markup files
[0.946s] -- Configuring done
[0.969s] -- Generating done
[0.970s] -- Build files have been written to: /home/notthecoolkid/mrtx/mrt_ws/build/aruco_interfaces
[0.991s] [35m[1mConsolidate compiler generated dependencies of target aruco_interfaces__rosidl_generator_c[0m
[1.000s] [  2%] [32mBuilding C object CMakeFiles/aruco_interfaces__rosidl_generator_c.dir/rosidl_generator_c/aruco_interfaces/srv/detail/aruco_detect__functions.c.o[0m
[1.000s] [  5%] Built target aruco_interfaces__cpp
[1.000s] [  7%] [32mBuilding C object CMakeFiles/aruco_interfaces__rosidl_generator_c.dir/rosidl_generator_c/aruco_interfaces/msg/detail/aruco_image__functions.c.o[0m
[1.006s] [  7%] Built target ament_cmake_python_copy_aruco_interfaces
[1.008s] [35m[1mConsolidate compiler generated dependencies of target aruco_interfaces__rosidl_typesupport_introspection_cpp[0m
[1.014s] [35m[1mConsolidate compiler generated dependencies of target aruco_interfaces__rosidl_typesupport_cpp[0m
[1.015s] [35m[1mConsolidate compiler generated dependencies of target aruco_interfaces__rosidl_typesupport_fastrtps_cpp[0m
[1.031s] [ 10%] [32mBuilding CXX object CMakeFiles/aruco_interfaces__rosidl_typesupport_introspection_cpp.dir/rosidl_typesupport_introspection_cpp/aruco_interfaces/srv/detail/aruco_detect__type_support.cpp.o[0m
[1.034s] [ 12%] [32mBuilding CXX object CMakeFiles/aruco_interfaces__rosidl_typesupport_introspection_cpp.dir/rosidl_typesupport_introspection_cpp/aruco_interfaces/msg/detail/aruco_image__type_support.cpp.o[0m
[1.035s] [ 15%] [32mBuilding CXX object CMakeFiles/aruco_interfaces__rosidl_typesupport_cpp.dir/rosidl_typesupport_cpp/aruco_interfaces/srv/aruco_detect__type_support.cpp.o[0m
[1.035s] [ 17%] [32mBuilding CXX object CMakeFiles/aruco_interfaces__rosidl_typesupport_cpp.dir/rosidl_typesupport_cpp/aruco_interfaces/msg/aruco_image__type_support.cpp.o[0m
[1.037s] [ 20%] [32mBuilding CXX object CMakeFiles/aruco_interfaces__rosidl_typesupport_fastrtps_cpp.dir/rosidl_typesupport_fastrtps_cpp/aruco_interfaces/srv/detail/dds_fastrtps/aruco_detect__type_support.cpp.o[0m
[1.040s] [ 23%] [32mBuilding CXX object CMakeFiles/aruco_interfaces__rosidl_typesupport_fastrtps_cpp.dir/rosidl_typesupport_fastrtps_cpp/aruco_interfaces/msg/detail/dds_fastrtps/aruco_image__type_support.cpp.o[0m
[1.083s] [ 25%] [32m[1mLinking C shared library libaruco_interfaces__rosidl_generator_c.so[0m
[1.115s] [ 28%] Built target aruco_interfaces__rosidl_generator_c
[1.123s] [ 30%] [34m[1mGenerating C type support for eProsima Fast-RTPS[0m
[1.127s] [ 35%] [34m[1mGenerating C type support dispatch for ROS interfaces[0m
[1.127s] [ 35%] [34m[1mGenerating C introspection for ROS interfaces[0m
[1.196s] running egg_info
[1.196s] writing aruco_interfaces.egg-info/PKG-INFO
[1.196s] writing dependency_links to aruco_interfaces.egg-info/dependency_links.txt
[1.197s] writing top-level names to aruco_interfaces.egg-info/top_level.txt
[1.198s] reading manifest file 'aruco_interfaces.egg-info/SOURCES.txt'
[1.198s] writing manifest file 'aruco_interfaces.egg-info/SOURCES.txt'
[1.233s] [ 35%] Built target ament_cmake_python_build_aruco_interfaces_egg
[1.310s] [ 38%] [32m[1mLinking CXX shared library libaruco_interfaces__rosidl_typesupport_cpp.so[0m
[1.340s] [ 41%] [32m[1mLinking CXX shared library libaruco_interfaces__rosidl_typesupport_introspection_cpp.so[0m
[1.346s] [ 43%] Built target aruco_interfaces__rosidl_typesupport_cpp
[1.351s] [ 46%] [32mBuilding CXX object CMakeFiles/aruco_interfaces__rosidl_typesupport_fastrtps_c.dir/rosidl_typesupport_fastrtps_c/aruco_interfaces/msg/detail/aruco_image__type_support_c.cpp.o[0m
[1.352s] [ 48%] [32mBuilding CXX object CMakeFiles/aruco_interfaces__rosidl_typesupport_fastrtps_c.dir/rosidl_typesupport_fastrtps_c/aruco_interfaces/srv/detail/aruco_detect__type_support_c.cpp.o[0m
[1.373s] [ 51%] [32mBuilding CXX object CMakeFiles/aruco_interfaces__rosidl_typesupport_c.dir/rosidl_typesupport_c/aruco_interfaces/srv/aruco_detect__type_support.cpp.o[0m
[1.375s] [ 53%] [32mBuilding CXX object CMakeFiles/aruco_interfaces__rosidl_typesupport_c.dir/rosidl_typesupport_c/aruco_interfaces/msg/aruco_image__type_support.cpp.o[0m
[1.399s] [ 56%] [32m[1mLinking CXX shared library libaruco_interfaces__rosidl_typesupport_c.so[0m
[1.402s] [ 58%] Built target aruco_interfaces__rosidl_typesupport_introspection_cpp
[1.435s] [ 58%] Built target aruco_interfaces__rosidl_typesupport_c
[1.493s] [ 61%] [32m[1mLinking CXX shared library libaruco_interfaces__rosidl_typesupport_fastrtps_cpp.so[0m
[1.493s] [ 66%] [32mBuilding C object CMakeFiles/aruco_interfaces__rosidl_typesupport_introspection_c.dir/rosidl_typesupport_introspection_c/aruco_interfaces/msg/detail/aruco_image__type_support.c.o[0m
[1.493s] [ 66%] [32mBuilding C object CMakeFiles/aruco_interfaces__rosidl_typesupport_introspection_c.dir/rosidl_typesupport_introspection_c/aruco_interfaces/srv/detail/aruco_detect__type_support.c.o[0m
[1.532s] [ 69%] [32m[1mLinking C shared library libaruco_interfaces__rosidl_typesupport_introspection_c.so[0m
[1.552s] [ 71%] Built target aruco_interfaces__rosidl_typesupport_fastrtps_cpp
[1.562s] [ 71%] Built target aruco_interfaces__rosidl_typesupport_introspection_c
[1.568s] [ 74%] [32m[1mLinking CXX shared library libaruco_interfaces__rosidl_typesupport_fastrtps_c.so[0m
[1.637s] [ 74%] Built target aruco_interfaces__rosidl_typesupport_fastrtps_c
[1.662s] [ 74%] Built target aruco_interfaces
[1.687s] [ 76%] [34m[1mGenerating Python code for ROS interfaces[0m
[2.027s] [ 76%] Built target aruco_interfaces__py
[2.055s] [ 82%] [32mBuilding C object CMakeFiles/aruco_interfaces__rosidl_generator_py.dir/rosidl_generator_py/aruco_interfaces/msg/_aruco_image_s.c.o[0m
[2.055s] [ 82%] [32mBuilding C object CMakeFiles/aruco_interfaces__rosidl_generator_py.dir/rosidl_generator_py/aruco_interfaces/srv/_aruco_detect_s.c.o[0m
[2.149s] [ 84%] [32m[1mLinking C shared library rosidl_generator_py/aruco_interfaces/libaruco_interfaces__rosidl_generator_py.so[0m
[2.199s] [ 84%] Built target aruco_interfaces__rosidl_generator_py
[2.223s] [ 87%] [32mBuilding C object CMakeFiles/aruco_interfaces__rosidl_typesupport_introspection_c__pyext.dir/rosidl_generator_py/aruco_interfaces/_aruco_interfaces_s.ep.rosidl_typesupport_introspection_c.c.o[0m
[2.223s] [ 89%] [32mBuilding C object CMakeFiles/aruco_interfaces__rosidl_typesupport_fastrtps_c__pyext.dir/rosidl_generator_py/aruco_interfaces/_aruco_interfaces_s.ep.rosidl_typesupport_fastrtps_c.c.o[0m
[2.224s] [ 92%] [32mBuilding C object CMakeFiles/aruco_interfaces__rosidl_typesupport_c__pyext.dir/rosidl_generator_py/aruco_interfaces/_aruco_interfaces_s.ep.rosidl_typesupport_c.c.o[0m
[2.299s] [ 94%] [32m[1mLinking C shared library rosidl_generator_py/aruco_interfaces/aruco_interfaces_s__rosidl_typesupport_fastrtps_c.cpython-310-x86_64-linux-gnu.so[0m
[2.300s] [ 97%] [32m[1mLinking C shared library rosidl_generator_py/aruco_interfaces/aruco_interfaces_s__rosidl_typesupport_c.cpython-310-x86_64-linux-gnu.so[0m
[2.300s] [100%] [32m[1mLinking C shared library rosidl_generator_py/aruco_interfaces/aruco_interfaces_s__rosidl_typesupport_introspection_c.cpython-310-x86_64-linux-gnu.so[0m
[2.331s] [100%] Built target aruco_interfaces__rosidl_typesupport_c__pyext
[2.331s] [100%] Built target aruco_interfaces__rosidl_typesupport_introspection_c__pyext
[2.341s] [100%] Built target aruco_interfaces__rosidl_typesupport_fastrtps_c__pyext
[2.356s] Invoked command in '/home/notthecoolkid/mrtx/mrt_ws/build/aruco_interfaces' returned '0': CMAKE_PREFIX_PATH=/home/notthecoolkid/mrt_ws/install/week0_tutorials:/home/notthecoolkid/mrt_ws/install/sauron:/opt/ros/humble /usr/bin/cmake --build /home/notthecoolkid/mrtx/mrt_ws/build/aruco_interfaces -- -j20 -l20
[2.462s] Invoking command in '/home/notthecoolkid/mrtx/mrt_ws/build/aruco_interfaces': CMAKE_PREFIX_PATH=/home/notthecoolkid/mrt_ws/install/week0_tutorials:/home/notthecoolkid/mrt_ws/install/sauron:/opt/ros/humble /usr/bin/cmake --install /home/notthecoolkid/mrtx/mrt_ws/build/aruco_interfaces
[2.470s] -- Install configuration: ""
[2.470s] -- Installing: /home/notthecoolkid/mrtx/mrt_ws/install/aruco_interfaces/share/ament_index/resource_index/rosidl_interfaces/aruco_interfaces
[2.470s] -- Installing: /home/notthecoolkid/mrtx/mrt_ws/install/aruco_interfaces/include/aruco_interfaces/aruco_interfaces
[2.470s] -- Installing: /home/notthecoolkid/mrtx/mrt_ws/install/aruco_interfaces/include/aruco_interfaces/aruco_interfaces/msg
[2.471s] -- Installing: /home/notthecoolkid/mrtx/mrt_ws/install/aruco_interfaces/include/aruco_interfaces/aruco_interfaces/msg/aruco_image.h
[2.471s] -- Installing: /home/notthecoolkid/mrtx/mrt_ws/install/aruco_interfaces/include/aruco_interfaces/aruco_interfaces/msg/rosidl_generator_c__visibility_control.h
[2.471s] -- Installing: /home/notthecoolkid/mrtx/mrt_ws/install/aruco_interfaces/include/aruco_interfaces/aruco_interfaces/msg/detail
[2.471s] -- Installing: /home/notthecoolkid/mrtx/mrt_ws/install/aruco_interfaces/include/aruco_interfaces/aruco_interfaces/msg/detail/aruco_image__functions.h
[2.471s] -- Installing: /home/notthecoolkid/mrtx/mrt_ws/install/aruco_interfaces/include/aruco_interfaces/aruco_interfaces/msg/detail/aruco_image__functions.c
[2.471s] -- Installing: /home/notthecoolkid/mrtx/mrt_ws/install/aruco_interfaces/include/aruco_interfaces/aruco_interfaces/msg/detail/aruco_image__struct.h
[2.471s] -- Installing: /home/notthecoolkid/mrtx/mrt_ws/install/aruco_interfaces/include/aruco_interfaces/aruco_interfaces/msg/detail/aruco_image__type_support.h
[2.471s] -- Installing: /home/notthecoolkid/mrtx/mrt_ws/install/aruco_interfaces/include/aruco_interfaces/aruco_interfaces/srv
[2.471s] -- Installing: /home/notthecoolkid/mrtx/mrt_ws/install/aruco_interfaces/include/aruco_interfaces/aruco_interfaces/srv/detail
[2.471s] -- Installing: /home/notthecoolkid/mrtx/mrt_ws/install/aruco_interfaces/include/aruco_interfaces/aruco_interfaces/srv/detail/aruco_detect__functions.h
[2.471s] -- Installing: /home/notthecoolkid/mrtx/mrt_ws/install/aruco_interfaces/include/aruco_interfaces/aruco_interfaces/srv/detail/aruco_detect__type_support.h
[2.471s] -- Installing: /home/notthecoolkid/mrtx/mrt_ws/install/aruco_interfaces/include/aruco_interfaces/aruco_interfaces/srv/detail/aruco_detect__struct.h
[2.471s] -- Installing: /home/notthecoolkid/mrtx/mrt_ws/install/aruco_interfaces/include/aruco_interfaces/aruco_interfaces/srv/detail/aruco_detect__functions.c
[2.471s] -- Installing: /home/notthecoolkid/mrtx/mrt_ws/install/aruco_interfaces/include/aruco_interfaces/aruco_interfaces/srv/aruco_detect.h
[2.471s] -- Installing: /home/notthecoolkid/mrtx/mrt_ws/install/aruco_interfaces/share/aruco_interfaces/environment/library_path.sh
[2.471s] -- Installing: /home/notthecoolkid/mrtx/mrt_ws/install/aruco_interfaces/share/aruco_interfaces/environment/library_path.dsv
[2.472s] -- Installing: /home/notthecoolkid/mrtx/mrt_ws/install/aruco_interfaces/lib/libaruco_interfaces__rosidl_generator_c.so
[2.472s] -- Set runtime path of "/home/notthecoolkid/mrtx/mrt_ws/install/aruco_interfaces/lib/libaruco_interfaces__rosidl_generator_c.so" to ""
[2.472s] -- Up-to-date: /home/notthecoolkid/mrtx/mrt_ws/install/aruco_interfaces/include/aruco_interfaces/aruco_interfaces
[2.472s] -- Up-to-date: /home/notthecoolkid/mrtx/mrt_ws/install/aruco_interfaces/include/aruco_interfaces/aruco_interfaces/msg
[2.472s] -- Installing: /home/notthecoolkid/mrtx/mrt_ws/install/aruco_interfaces/include/aruco_interfaces/aruco_interfaces/msg/rosidl_typesupport_fastrtps_c__visibility_control.h
[2.472s] -- Up-to-date: /home/notthecoolkid/mrtx/mrt_ws/install/aruco_interfaces/include/aruco_interfaces/aruco_interfaces/msg/detail
[2.472s] -- Installing: /home/notthecoolkid/mrtx/mrt_ws/install/aruco_interfaces/include/aruco_interfaces/aruco_interfaces/msg/detail/aruco_image__rosidl_typesupport_fastrtps_c.h
[2.472s] -- Up-to-date: /home/notthecoolkid/mrtx/mrt_ws/install/aruco_interfaces/include/aruco_interfaces/aruco_interfaces/srv
[2.472s] -- Up-to-date: /home/notthecoolkid/mrtx/mrt_ws/install/aruco_interfaces/include/aruco_interfaces/aruco_interfaces/srv/detail
[2.472s] -- Installing: /home/notthecoolkid/mrtx/mrt_ws/install/aruco_interfaces/include/aruco_interfaces/aruco_interfaces/srv/detail/aruco_detect__rosidl_typesupport_fastrtps_c.h
[2.472s] -- Installing: /home/notthecoolkid/mrtx/mrt_ws/install/aruco_interfaces/lib/libaruco_interfaces__rosidl_typesupport_fastrtps_c.so
[2.472s] -- Set runtime path of "/home/notthecoolkid/mrtx/mrt_ws/install/aruco_interfaces/lib/libaruco_interfaces__rosidl_typesupport_fastrtps_c.so" to ""
[2.472s] -- Up-to-date: /home/notthecoolkid/mrtx/mrt_ws/install/aruco_interfaces/include/aruco_interfaces/aruco_interfaces
[2.472s] -- Up-to-date: /home/notthecoolkid/mrtx/mrt_ws/install/aruco_interfaces/include/aruco_interfaces/aruco_interfaces/msg
[2.472s] -- Installing: /home/notthecoolkid/mrtx/mrt_ws/install/aruco_interfaces/include/aruco_interfaces/aruco_interfaces/msg/aruco_image.hpp
[2.472s] -- Up-to-date: /home/notthecoolkid/mrtx/mrt_ws/install/aruco_interfaces/include/aruco_interfaces/aruco_interfaces/msg/detail
[2.473s] -- Installing: /home/notthecoolkid/mrtx/mrt_ws/install/aruco_interfaces/include/aruco_interfaces/aruco_interfaces/msg/detail/aruco_image__struct.hpp
[2.473s] -- Installing: /home/notthecoolkid/mrtx/mrt_ws/install/aruco_interfaces/include/aruco_interfaces/aruco_interfaces/msg/detail/aruco_image__builder.hpp
[2.473s] -- Installing: /home/notthecoolkid/mrtx/mrt_ws/install/aruco_interfaces/include/aruco_interfaces/aruco_interfaces/msg/detail/aruco_image__traits.hpp
[2.473s] -- Up-to-date: /home/notthecoolkid/mrtx/mrt_ws/install/aruco_interfaces/include/aruco_interfaces/aruco_interfaces/srv
[2.473s] -- Up-to-date: /home/notthecoolkid/mrtx/mrt_ws/install/aruco_interfaces/include/aruco_interfaces/aruco_interfaces/srv/detail
[2.473s] -- Installing: /home/notthecoolkid/mrtx/mrt_ws/install/aruco_interfaces/include/aruco_interfaces/aruco_interfaces/srv/detail/aruco_detect__builder.hpp
[2.473s] -- Installing: /home/notthecoolkid/mrtx/mrt_ws/install/aruco_interfaces/include/aruco_interfaces/aruco_interfaces/srv/detail/aruco_detect__struct.hpp
[2.473s] -- Installing: /home/notthecoolkid/mrtx/mrt_ws/install/aruco_interfaces/include/aruco_interfaces/aruco_interfaces/srv/detail/aruco_detect__traits.hpp
[2.473s] -- Installing: /home/notthecoolkid/mrtx/mrt_ws/install/aruco_interfaces/include/aruco_interfaces/aruco_interfaces/srv/aruco_detect.hpp
[2.473s] -- Up-to-date: /home/notthecoolkid/mrtx/mrt_ws/install/aruco_interfaces/include/aruco_interfaces/aruco_interfaces
[2.473s] -- Up-to-date: /home/notthecoolkid/mrtx/mrt_ws/install/aruco_interfaces/include/aruco_interfaces/aruco_interfaces/msg
[2.473s] -- Up-to-date: /home/notthecoolkid/mrtx/mrt_ws/install/aruco_interfaces/include/aruco_interfaces/aruco_interfaces/msg/detail
[2.473s] -- Installing: /home/notthecoolkid/mrtx/mrt_ws/install/aruco_interfaces/include/aruco_interfaces/aruco_interfaces/msg/detail/aruco_image__rosidl_typesupport_fastrtps_cpp.hpp
[2.473s] -- Installing: /home/notthecoolkid/mrtx/mrt_ws/install/aruco_interfaces/include/aruco_interfaces/aruco_interfaces/msg/detail/dds_fastrtps
[2.473s] -- Installing: /home/notthecoolkid/mrtx/mrt_ws/install/aruco_interfaces/include/aruco_interfaces/aruco_interfaces/msg/rosidl_typesupport_fastrtps_cpp__visibility_control.h
[2.473s] -- Up-to-date: /home/notthecoolkid/mrtx/mrt_ws/install/aruco_interfaces/include/aruco_interfaces/aruco_interfaces/srv
[2.473s] -- Up-to-date: /home/notthecoolkid/mrtx/mrt_ws/install/aruco_interfaces/include/aruco_interfaces/aruco_interfaces/srv/detail
[2.473s] -- Installing: /home/notthecoolkid/mrtx/mrt_ws/install/aruco_interfaces/include/aruco_interfaces/aruco_interfaces/srv/detail/dds_fastrtps
[2.473s] -- Installing: /home/notthecoolkid/mrtx/mrt_ws/install/aruco_interfaces/include/aruco_interfaces/aruco_interfaces/srv/detail/aruco_detect__rosidl_typesupport_fastrtps_cpp.hpp
[2.473s] -- Installing: /home/notthecoolkid/mrtx/mrt_ws/install/aruco_interfaces/lib/libaruco_interfaces__rosidl_typesupport_fastrtps_cpp.so
[2.474s] -- Set runtime path of "/home/notthecoolkid/mrtx/mrt_ws/install/aruco_interfaces/lib/libaruco_interfaces__rosidl_typesupport_fastrtps_cpp.so" to ""
[2.474s] -- Up-to-date: /home/notthecoolkid/mrtx/mrt_ws/install/aruco_interfaces/include/aruco_interfaces/aruco_interfaces
[2.474s] -- Up-to-date: /home/notthecoolkid/mrtx/mrt_ws/install/aruco_interfaces/include/aruco_interfaces/aruco_interfaces/msg
[2.474s] -- Up-to-date: /home/notthecoolkid/mrtx/mrt_ws/install/aruco_interfaces/include/aruco_interfaces/aruco_interfaces/msg/detail
[2.474s] -- Installing: /home/notthecoolkid/mrtx/mrt_ws/install/aruco_interfaces/include/aruco_interfaces/aruco_interfaces/msg/detail/aruco_image__rosidl_typesupport_introspection_c.h
[2.474s] -- Installing: /home/notthecoolkid/mrtx/mrt_ws/install/aruco_interfaces/include/aruco_interfaces/aruco_interfaces/msg/detail/aruco_image__type_support.c
[2.474s] -- Installing: /home/notthecoolkid/mrtx/mrt_ws/install/aruco_interfaces/include/aruco_interfaces/aruco_interfaces/msg/rosidl_typesupport_introspection_c__visibility_control.h
[2.474s] -- Up-to-date: /home/notthecoolkid/mrtx/mrt_ws/install/aruco_interfaces/include/aruco_interfaces/aruco_interfaces/srv
[2.474s] -- Up-to-date: /home/notthecoolkid/mrtx/mrt_ws/install/aruco_interfaces/include/aruco_interfaces/aruco_interfaces/srv/detail
[2.474s] -- Installing: /home/notthecoolkid/mrtx/mrt_ws/install/aruco_interfaces/include/aruco_interfaces/aruco_interfaces/srv/detail/aruco_detect__type_support.c
[2.474s] -- Installing: /home/notthecoolkid/mrtx/mrt_ws/install/aruco_interfaces/include/aruco_interfaces/aruco_interfaces/srv/detail/aruco_detect__rosidl_typesupport_introspection_c.h
[2.474s] -- Installing: /home/notthecoolkid/mrtx/mrt_ws/install/aruco_interfaces/lib/libaruco_interfaces__rosidl_typesupport_introspection_c.so
[2.474s] -- Set runtime path of "/home/notthecoolkid/mrtx/mrt_ws/install/aruco_interfaces/lib/libaruco_interfaces__rosidl_typesupport_introspection_c.so" to ""
[2.474s] -- Installing: /home/notthecoolkid/mrtx/mrt_ws/install/aruco_interfaces/lib/libaruco_interfaces__rosidl_typesupport_c.so
[2.474s] -- Set runtime path of "/home/notthecoolkid/mrtx/mrt_ws/install/aruco_interfaces/lib/libaruco_interfaces__rosidl_typesupport_c.so" to ""
[2.474s] -- Up-to-date: /home/notthecoolkid/mrtx/mrt_ws/install/aruco_interfaces/include/aruco_interfaces/aruco_interfaces
[2.474s] -- Up-to-date: /home/notthecoolkid/mrtx/mrt_ws/install/aruco_interfaces/include/aruco_interfaces/aruco_interfaces/msg
[2.474s] -- Up-to-date: /home/notthecoolkid/mrtx/mrt_ws/install/aruco_interfaces/include/aruco_interfaces/aruco_interfaces/msg/detail
[2.474s] -- Installing: /home/notthecoolkid/mrtx/mrt_ws/install/aruco_interfaces/include/aruco_interfaces/aruco_interfaces/msg/detail/aruco_image__type_support.cpp
[2.474s] -- Installing: /home/notthecoolkid/mrtx/mrt_ws/install/aruco_interfaces/include/aruco_interfaces/aruco_interfaces/msg/detail/aruco_image__rosidl_typesupport_introspection_cpp.hpp
[2.474s] -- Up-to-date: /home/notthecoolkid/mrtx/mrt_ws/install/aruco_interfaces/include/aruco_interfaces/aruco_interfaces/srv
[2.474s] -- Up-to-date: /home/notthecoolkid/mrtx/mrt_ws/install/aruco_interfaces/include/aruco_interfaces/aruco_interfaces/srv/detail
[2.475s] -- Installing: /home/notthecoolkid/mrtx/mrt_ws/install/aruco_interfaces/include/aruco_interfaces/aruco_interfaces/srv/detail/aruco_detect__type_support.cpp
[2.475s] -- Installing: /home/notthecoolkid/mrtx/mrt_ws/install/aruco_interfaces/include/aruco_interfaces/aruco_interfaces/srv/detail/aruco_detect__rosidl_typesupport_introspection_cpp.hpp
[2.475s] -- Installing: /home/notthecoolkid/mrtx/mrt_ws/install/aruco_interfaces/lib/libaruco_interfaces__rosidl_typesupport_introspection_cpp.so
[2.475s] -- Set runtime path of "/home/notthecoolkid/mrtx/mrt_ws/install/aruco_interfaces/lib/libaruco_interfaces__rosidl_typesupport_introspection_cpp.so" to ""
[2.475s] -- Installing: /home/notthecoolkid/mrtx/mrt_ws/install/aruco_interfaces/lib/libaruco_interfaces__rosidl_typesupport_cpp.so
[2.475s] -- Set runtime path of "/home/notthecoolkid/mrtx/mrt_ws/install/aruco_interfaces/lib/libaruco_interfaces__rosidl_typesupport_cpp.so" to ""
[2.475s] -- Installing: /home/notthecoolkid/mrtx/mrt_ws/install/aruco_interfaces/share/aruco_interfaces/environment/pythonpath.sh
[2.475s] -- Installing: /home/notthecoolkid/mrtx/mrt_ws/install/aruco_interfaces/share/aruco_interfaces/environment/pythonpath.dsv
[2.475s] -- Installing: /home/notthecoolkid/mrtx/mrt_ws/install/aruco_interfaces/local/lib/python3.10/dist-packages/aruco_interfaces-0.0.0-py3.10.egg-info
[2.475s] -- Installing: /home/notthecoolkid/mrtx/mrt_ws/install/aruco_interfaces/local/lib/python3.10/dist-packages/aruco_interfaces-0.0.0-py3.10.egg-info/top_level.txt
[2.475s] -- Installing: /home/notthecoolkid/mrtx/mrt_ws/install/aruco_interfaces/local/lib/python3.10/dist-packages/aruco_interfaces-0.0.0-py3.10.egg-info/dependency_links.txt
[2.475s] -- Installing: /home/notthecoolkid/mrtx/mrt_ws/install/aruco_interfaces/local/lib/python3.10/dist-packages/aruco_interfaces-0.0.0-py3.10.egg-info/PKG-INFO
[2.475s] -- Installing: /home/notthecoolkid/mrtx/mrt_ws/install/aruco_interfaces/local/lib/python3.10/dist-packages/aruco_interfaces-0.0.0-py3.10.egg-info/SOURCES.txt
[2.475s] -- Installing: /home/notthecoolkid/mrtx/mrt_ws/install/aruco_interfaces/local/lib/python3.10/dist-packages/aruco_interfaces
[2.475s] -- Installing: /home/notthecoolkid/mrtx/mrt_ws/install/aruco_interfaces/local/lib/python3.10/dist-packages/aruco_interfaces/_aruco_interfaces_s.ep.rosidl_typesupport_c.c
[2.476s] -- Installing: /home/notthecoolkid/mrtx/mrt_ws/install/aruco_interfaces/local/lib/python3.10/dist-packages/aruco_interfaces/aruco_interfaces_s__rosidl_typesupport_fastrtps_c.cpython-310-x86_64-linux-gnu.so
[2.476s] -- Installing: /home/notthecoolkid/mrtx/mrt_ws/install/aruco_interfaces/local/lib/python3.10/dist-packages/aruco_interfaces/msg
[2.476s] -- Installing: /home/notthecoolkid/mrtx/mrt_ws/install/aruco_interfaces/local/lib/python3.10/dist-packages/aruco_interfaces/msg/_aruco_image.py
[2.476s] -- Installing: /home/notthecoolkid/mrtx/mrt_ws/install/aruco_interfaces/local/lib/python3.10/dist-packages/aruco_interfaces/msg/__init__.py
[2.476s] -- Installing: /home/notthecoolkid/mrtx/mrt_ws/install/aruco_interfaces/local/lib/python3.10/dist-packages/aruco_interfaces/msg/_aruco_image_s.c
[2.476s] -- Installing: /home/notthecoolkid/mrtx/mrt_ws/install/aruco_interfaces/local/lib/python3.10/dist-packages/aruco_interfaces/_aruco_interfaces_s.ep.rosidl_typesupport_fastrtps_c.c
[2.476s] -- Installing: /home/notthecoolkid/mrtx/mrt_ws/install/aruco_interfaces/local/lib/python3.10/dist-packages/aruco_interfaces/__init__.py
[2.476s] -- Installing: /home/notthecoolkid/mrtx/mrt_ws/install/aruco_interfaces/local/lib/python3.10/dist-packages/aruco_interfaces/_aruco_interfaces_s.ep.rosidl_typesupport_introspection_c.c
[2.476s] -- Installing: /home/notthecoolkid/mrtx/mrt_ws/install/aruco_interfaces/local/lib/python3.10/dist-packages/aruco_interfaces/aruco_interfaces_s__rosidl_typesupport_c.cpython-310-x86_64-linux-gnu.so
[2.476s] -- Installing: /home/notthecoolkid/mrtx/mrt_ws/install/aruco_interfaces/local/lib/python3.10/dist-packages/aruco_interfaces/libaruco_interfaces__rosidl_generator_py.so
[2.476s] -- Installing: /home/notthecoolkid/mrtx/mrt_ws/install/aruco_interfaces/local/lib/python3.10/dist-packages/aruco_interfaces/srv
[2.476s] -- Installing: /home/notthecoolkid/mrtx/mrt_ws/install/aruco_interfaces/local/lib/python3.10/dist-packages/aruco_interfaces/srv/_aruco_detect.py
[2.476s] -- Installing: /home/notthecoolkid/mrtx/mrt_ws/install/aruco_interfaces/local/lib/python3.10/dist-packages/aruco_interfaces/srv/__init__.py
[2.476s] -- Installing: /home/notthecoolkid/mrtx/mrt_ws/install/aruco_interfaces/local/lib/python3.10/dist-packages/aruco_interfaces/srv/_aruco_detect_s.c
[2.476s] -- Installing: /home/notthecoolkid/mrtx/mrt_ws/install/aruco_interfaces/local/lib/python3.10/dist-packages/aruco_interfaces/aruco_interfaces_s__rosidl_typesupport_introspection_c.cpython-310-x86_64-linux-gnu.so
[2.502s] Listing '/home/notthecoolkid/mrtx/mrt_ws/install/aruco_interfaces/local/lib/python3.10/dist-packages/aruco_interfaces'...
[2.502s] Compiling '/home/notthecoolkid/mrtx/mrt_ws/install/aruco_interfaces/local/lib/python3.10/dist-packages/aruco_interfaces/__init__.py'...
[2.502s] Listing '/home/notthecoolkid/mrtx/mrt_ws/install/aruco_interfaces/local/lib/python3.10/dist-packages/aruco_interfaces/msg'...
[2.502s] Compiling '/home/notthecoolkid/mrtx/mrt_ws/install/aruco_interfaces/local/lib/python3.10/dist-packages/aruco_interfaces/msg/__init__.py'...
[2.502s] Compiling '/home/notthecoolkid/mrtx/mrt_ws/install/aruco_interfaces/local/lib/python3.10/dist-packages/aruco_interfaces/msg/_aruco_image.py'...
[2.502s] Listing '/home/notthecoolkid/mrtx/mrt_ws/install/aruco_interfaces/local/lib/python3.10/dist-packages/aruco_interfaces/srv'...
[2.502s] Compiling '/home/notthecoolkid/mrtx/mrt_ws/install/aruco_interfaces/local/lib/python3.10/dist-packages/aruco_interfaces/srv/__init__.py'...
[2.502s] Compiling '/home/notthecoolkid/mrtx/mrt_ws/install/aruco_interfaces/local/lib/python3.10/dist-packages/aruco_interfaces/srv/_aruco_detect.py'...
[2.507s] -- Installing: /home/notthecoolkid/mrtx/mrt_ws/install/aruco_interfaces/local/lib/python3.10/dist-packages/aruco_interfaces/aruco_interfaces_s__rosidl_typesupport_fastrtps_c.cpython-310-x86_64-linux-gnu.so
[2.507s] -- Set runtime path of "/home/notthecoolkid/mrtx/mrt_ws/install/aruco_interfaces/local/lib/python3.10/dist-packages/aruco_interfaces/aruco_interfaces_s__rosidl_typesupport_fastrtps_c.cpython-310-x86_64-linux-gnu.so" to ""
[2.507s] -- Installing: /home/notthecoolkid/mrtx/mrt_ws/install/aruco_interfaces/local/lib/python3.10/dist-packages/aruco_interfaces/aruco_interfaces_s__rosidl_typesupport_introspection_c.cpython-310-x86_64-linux-gnu.so
[2.507s] -- Set runtime path of "/home/notthecoolkid/mrtx/mrt_ws/install/aruco_interfaces/local/lib/python3.10/dist-packages/aruco_interfaces/aruco_interfaces_s__rosidl_typesupport_introspection_c.cpython-310-x86_64-linux-gnu.so" to ""
[2.507s] -- Installing: /home/notthecoolkid/mrtx/mrt_ws/install/aruco_interfaces/local/lib/python3.10/dist-packages/aruco_interfaces/aruco_interfaces_s__rosidl_typesupport_c.cpython-310-x86_64-linux-gnu.so
[2.508s] -- Set runtime path of "/home/notthecoolkid/mrtx/mrt_ws/install/aruco_interfaces/local/lib/python3.10/dist-packages/aruco_interfaces/aruco_interfaces_s__rosidl_typesupport_c.cpython-310-x86_64-linux-gnu.so" to ""
[2.508s] -- Installing: /home/notthecoolkid/mrtx/mrt_ws/install/aruco_interfaces/lib/libaruco_interfaces__rosidl_generator_py.so
[2.508s] -- Set runtime path of "/home/notthecoolkid/mrtx/mrt_ws/install/aruco_interfaces/lib/libaruco_interfaces__rosidl_generator_py.so" to ""
[2.508s] -- Installing: /home/notthecoolkid/mrtx/mrt_ws/install/aruco_interfaces/share/aruco_interfaces/srv/ArucoDetect.idl
[2.508s] -- Installing: /home/notthecoolkid/mrtx/mrt_ws/install/aruco_interfaces/share/aruco_interfaces/msg/ArucoImage.idl
[2.508s] -- Installing: /home/notthecoolkid/mrtx/mrt_ws/install/aruco_interfaces/share/aruco_interfaces/srv/ArucoDetect.srv
[2.508s] -- Installing: /home/notthecoolkid/mrtx/mrt_ws/install/aruco_interfaces/share/aruco_interfaces/srv/ArucoDetect_Request.msg
[2.508s] -- Installing: /home/notthecoolkid/mrtx/mrt_ws/install/aruco_interfaces/share/aruco_interfaces/srv/ArucoDetect_Response.msg
[2.508s] -- Installing: /home/notthecoolkid/mrtx/mrt_ws/install/aruco_interfaces/share/aruco_interfaces/msg/ArucoImage.msg
[2.508s] -- Installing: /home/notthecoolkid/mrtx/mrt_ws/install/aruco_interfaces/share/ament_index/resource_index/package_run_dependencies/aruco_interfaces
[2.508s] -- Installing: /home/notthecoolkid/mrtx/mrt_ws/install/aruco_interfaces/share/ament_index/resource_index/parent_prefix_path/aruco_interfaces
[2.508s] -- Installing: /home/notthecoolkid/mrtx/mrt_ws/install/aruco_interfaces/share/aruco_interfaces/environment/ament_prefix_path.sh
[2.509s] -- Installing: /home/notthecoolkid/mrtx/mrt_ws/install/aruco_interfaces/share/aruco_interfaces/environment/ament_prefix_path.dsv
[2.509s] -- Installing: /home/notthecoolkid/mrtx/mrt_ws/install/aruco_interfaces/share/aruco_interfaces/environment/path.sh
[2.509s] -- Installing: /home/notthecoolkid/mrtx/mrt_ws/install/aruco_interfaces/share/aruco_interfaces/environment/path.dsv
[2.509s] -- Installing: /home/notthecoolkid/mrtx/mrt_ws/install/aruco_interfaces/share/aruco_interfaces/local_setup.bash
[2.509s] -- Installing: /home/notthecoolkid/mrtx/mrt_ws/install/aruco_interfaces/share/aruco_interfaces/local_setup.sh
[2.509s] -- Installing: /home/notthecoolkid/mrtx/mrt_ws/install/aruco_interfaces/share/aruco_interfaces/local_setup.zsh
[2.509s] -- Installing: /home/notthecoolkid/mrtx/mrt_ws/install/aruco_interfaces/share/aruco_interfaces/local_setup.dsv
[2.509s] -- Installing: /home/notthecoolkid/mrtx/mrt_ws/install/aruco_interfaces/share/aruco_interfaces/package.dsv
[2.509s] -- Installing: /home/notthecoolkid/mrtx/mrt_ws/install/aruco_interfaces/share/ament_index/resource_index/packages/aruco_interfaces
[2.509s] -- Installing: /home/notthecoolkid/mrtx/mrt_ws/install/aruco_interfaces/share/aruco_interfaces/cmake/export_aruco_interfaces__rosidl_generator_cExport.cmake
[2.509s] -- Installing: /home/notthecoolkid/mrtx/mrt_ws/install/aruco_interfaces/share/aruco_interfaces/cmake/export_aruco_interfaces__rosidl_generator_cExport-noconfig.cmake
[2.509s] -- Installing: /home/notthecoolkid/mrtx/mrt_ws/install/aruco_interfaces/share/aruco_interfaces/cmake/export_aruco_interfaces__rosidl_typesupport_fastrtps_cExport.cmake
[2.509s] -- Installing: /home/notthecoolkid/mrtx/mrt_ws/install/aruco_interfaces/share/aruco_interfaces/cmake/export_aruco_interfaces__rosidl_typesupport_fastrtps_cExport-noconfig.cmake
[2.509s] -- Installing: /home/notthecoolkid/mrtx/mrt_ws/install/aruco_interfaces/share/aruco_interfaces/cmake/export_aruco_interfaces__rosidl_generator_cppExport.cmake
[2.510s] -- Installing: /home/notthecoolkid/mrtx/mrt_ws/install/aruco_interfaces/share/aruco_interfaces/cmake/export_aruco_interfaces__rosidl_typesupport_fastrtps_cppExport.cmake
[2.510s] -- Installing: /home/notthecoolkid/mrtx/mrt_ws/install/aruco_interfaces/share/aruco_interfaces/cmake/export_aruco_interfaces__rosidl_typesupport_fastrtps_cppExport-noconfig.cmake
[2.510s] -- Installing: /home/notthecoolkid/mrtx/mrt_ws/install/aruco_interfaces/share/aruco_interfaces/cmake/aruco_interfaces__rosidl_typesupport_introspection_cExport.cmake
[2.510s] -- Installing: /home/notthecoolkid/mrtx/mrt_ws/install/aruco_interfaces/share/aruco_interfaces/cmake/aruco_interfaces__rosidl_typesupport_introspection_cExport-noconfig.cmake
[2.510s] -- Installing: /home/notthecoolkid/mrtx/mrt_ws/install/aruco_interfaces/share/aruco_interfaces/cmake/aruco_interfaces__rosidl_typesupport_cExport.cmake
[2.510s] -- Installing: /home/notthecoolkid/mrtx/mrt_ws/install/aruco_interfaces/share/aruco_interfaces/cmake/aruco_interfaces__rosidl_typesupport_cExport-noconfig.cmake
[2.510s] -- Installing: /home/notthecoolkid/mrtx/mrt_ws/install/aruco_interfaces/share/aruco_interfaces/cmake/aruco_interfaces__rosidl_typesupport_introspection_cppExport.cmake
[2.510s] -- Installing: /home/notthecoolkid/mrtx/mrt_ws/install/aruco_interfaces/share/aruco_interfaces/cmake/aruco_interfaces__rosidl_typesupport_introspection_cppExport-noconfig.cmake
[2.510s] -- Installing: /home/notthecoolkid/mrtx/mrt_ws/install/aruco_interfaces/share/aruco_interfaces/cmake/aruco_interfaces__rosidl_typesupport_cppExport.cmake
[2.510s] -- Installing: /home/notthecoolkid/mrtx/mrt_ws/install/aruco_interfaces/share/aruco_interfaces/cmake/aruco_interfaces__rosidl_typesupport_cppExport-noconfig.cmake
[2.510s] -- Installing: /home/notthecoolkid/mrtx/mrt_ws/install/aruco_interfaces/share/aruco_interfaces/cmake/export_aruco_interfaces__rosidl_generator_pyExport.cmake
[2.510s] -- Installing: /home/notthecoolkid/mrtx/mrt_ws/install/aruco_interfaces/share/aruco_interfaces/cmake/export_aruco_interfaces__rosidl_generator_pyExport-noconfig.cmake
[2.510s] -- Installing: /home/notthecoolkid/mrtx/mrt_ws/install/aruco_interfaces/share/aruco_interfaces/cmake/rosidl_cmake-extras.cmake
[2.510s] -- Installing: /home/notthecoolkid/mrtx/mrt_ws/install/aruco_interfaces/share/aruco_interfaces/cmake/ament_cmake_export_dependencies-extras.cmake
[2.510s] -- Installing: /home/notthecoolkid/mrtx/mrt_ws/install/aruco_interfaces/share/aruco_interfaces/cmake/ament_cmake_export_include_directories-extras.cmake
[2.511s] -- Installing: /home/notthecoolkid/mrtx/mrt_ws/install/aruco_interfaces/share/aruco_interfaces/cmake/ament_cmake_export_libraries-extras.cmake
[2.511s] -- Installing: /home/notthecoolkid/mrtx/mrt_ws/install/aruco_interfaces/share/aruco_interfaces/cmake/ament_cmake_export_targets-extras.cmake
[2.511s] -- Installing: /home/notthecoolkid/mrtx/mrt_ws/install/aruco_interfaces/share/aruco_interfaces/cmake/rosidl_cmake_export_typesupport_targets-extras.cmake
[2.511s] -- Installing: /home/notthecoolkid/mrtx/mrt_ws/install/aruco_interfaces/share/aruco_interfaces/cmake/rosidl_cmake_export_typesupport_libraries-extras.cmake
[2.511s] -- Installing: /home/notthecoolkid/mrtx/mrt_ws/install/aruco_interfaces/share/aruco_interfaces/cmake/aruco_interfacesConfig.cmake
[2.511s] -- Installing: /home/notthecoolkid/mrtx/mrt_ws/install/aruco_interfaces/share/aruco_interfaces/cmake/aruco_interfacesConfig-version.cmake
[2.511s] -- Installing: /home/notthecoolkid/mrtx/mrt_ws/install/aruco_interfaces/share/aruco_interfaces/package.xml
[2.513s] Invoked command in '/home/notthecoolkid/mrtx/mrt_ws/build/aruco_interfaces' returned '0': CMAKE_PREFIX_PATH=/home/notthecoolkid/mrt_ws/install/week0_tutorials:/home/notthecoolkid/mrt_ws/install/sauron:/opt/ros/humble /usr/bin/cmake --install /home/notthecoolkid/mrtx/mrt_ws/build/aruco_interfaces
