[0.536s] Invoking command in '/home/notthecoolkid/mrt_ws/src/week0_tutorials': PYTHONPATH=/home/notthecoolkid/mrt_ws/build/week0_tutorials/prefix_override:/usr/lib/python3/dist-packages/colcon_core/task/python/colcon_distutils_commands:/home/notthecoolkid/mrt_ws/install/week0_tutorials/lib/python3.10/site-packages:${PYTHONPATH} /usr/bin/python3 -W ignore:setup.py install is deprecated setup.py egg_info --egg-base ../../build/week0_tutorials build --build-base /home/notthecoolkid/mrt_ws/build/week0_tutorials/build install --record /home/notthecoolkid/mrt_ws/build/week0_tutorials/install.log --single-version-externally-managed install_data
[0.671s] running egg_info
[0.671s] creating ../../build/week0_tutorials/week0_tutorials.egg-info
[0.671s] writing ../../build/week0_tutorials/week0_tutorials.egg-info/PKG-INFO
[0.671s] writing dependency_links to ../../build/week0_tutorials/week0_tutorials.egg-info/dependency_links.txt
[0.671s] writing entry points to ../../build/week0_tutorials/week0_tutorials.egg-info/entry_points.txt
[0.671s] writing requirements to ../../build/week0_tutorials/week0_tutorials.egg-info/requires.txt
[0.671s] writing top-level names to ../../build/week0_tutorials/week0_tutorials.egg-info/top_level.txt
[0.671s] writing manifest file '../../build/week0_tutorials/week0_tutorials.egg-info/SOURCES.txt'
[0.672s] reading manifest file '../../build/week0_tutorials/week0_tutorials.egg-info/SOURCES.txt'
[0.673s] writing manifest file '../../build/week0_tutorials/week0_tutorials.egg-info/SOURCES.txt'
[0.673s] running build
[0.673s] running build_py
[0.673s] creating /home/notthecoolkid/mrt_ws/build/week0_tutorials/build
[0.673s] creating /home/notthecoolkid/mrt_ws/build/week0_tutorials/build/lib
[0.673s] creating /home/notthecoolkid/mrt_ws/build/week0_tutorials/build/lib/week0_tutorials
[0.673s] copying week0_tutorials/listener.py -> /home/notthecoolkid/mrt_ws/build/week0_tutorials/build/lib/week0_tutorials
[0.673s] copying week0_tutorials/talker.py -> /home/notthecoolkid/mrt_ws/build/week0_tutorials/build/lib/week0_tutorials
[0.673s] copying week0_tutorials/__init__.py -> /home/notthecoolkid/mrt_ws/build/week0_tutorials/build/lib/week0_tutorials
[0.673s] running install
[0.673s] running install_lib
[0.674s] creating /home/notthecoolkid/mrt_ws/install/week0_tutorials/lib/python3.10/site-packages/week0_tutorials
[0.674s] copying /home/notthecoolkid/mrt_ws/build/week0_tutorials/build/lib/week0_tutorials/listener.py -> /home/notthecoolkid/mrt_ws/install/week0_tutorials/lib/python3.10/site-packages/week0_tutorials
[0.674s] copying /home/notthecoolkid/mrt_ws/build/week0_tutorials/build/lib/week0_tutorials/talker.py -> /home/notthecoolkid/mrt_ws/install/week0_tutorials/lib/python3.10/site-packages/week0_tutorials
[0.674s] copying /home/notthecoolkid/mrt_ws/build/week0_tutorials/build/lib/week0_tutorials/__init__.py -> /home/notthecoolkid/mrt_ws/install/week0_tutorials/lib/python3.10/site-packages/week0_tutorials
[0.674s] byte-compiling /home/notthecoolkid/mrt_ws/install/week0_tutorials/lib/python3.10/site-packages/week0_tutorials/listener.py to listener.cpython-310.pyc
[0.674s] byte-compiling /home/notthecoolkid/mrt_ws/install/week0_tutorials/lib/python3.10/site-packages/week0_tutorials/talker.py to talker.cpython-310.pyc
[0.674s] byte-compiling /home/notthecoolkid/mrt_ws/install/week0_tutorials/lib/python3.10/site-packages/week0_tutorials/__init__.py to __init__.cpython-310.pyc
[0.674s] running install_data
[0.675s] creating /home/notthecoolkid/mrt_ws/install/week0_tutorials/share/ament_index
[0.675s] creating /home/notthecoolkid/mrt_ws/install/week0_tutorials/share/ament_index/resource_index
[0.675s] creating /home/notthecoolkid/mrt_ws/install/week0_tutorials/share/ament_index/resource_index/packages
[0.675s] copying resource/week0_tutorials -> /home/notthecoolkid/mrt_ws/install/week0_tutorials/share/ament_index/resource_index/packages
[0.675s] copying package.xml -> /home/notthecoolkid/mrt_ws/install/week0_tutorials/share/week0_tutorials
[0.675s] running install_egg_info
[0.676s] Copying ../../build/week0_tutorials/week0_tutorials.egg-info to /home/notthecoolkid/mrt_ws/install/week0_tutorials/lib/python3.10/site-packages/week0_tutorials-0.0.0-py3.10.egg-info
[0.676s] running install_scripts
[0.689s] Installing publisher script to /home/notthecoolkid/mrt_ws/install/week0_tutorials/lib/week0_tutorials
[0.689s] Installing subscriber script to /home/notthecoolkid/mrt_ws/install/week0_tutorials/lib/week0_tutorials
[0.689s] writing list of installed files to '/home/notthecoolkid/mrt_ws/build/week0_tutorials/install.log'
[0.710s] Invoked command in '/home/notthecoolkid/mrt_ws/src/week0_tutorials' returned '0': PYTHONPATH=/home/notthecoolkid/mrt_ws/build/week0_tutorials/prefix_override:/usr/lib/python3/dist-packages/colcon_core/task/python/colcon_distutils_commands:/home/notthecoolkid/mrt_ws/install/week0_tutorials/lib/python3.10/site-packages:${PYTHONPATH} /usr/bin/python3 -W ignore:setup.py install is deprecated setup.py egg_info --egg-base ../../build/week0_tutorials build --build-base /home/notthecoolkid/mrt_ws/build/week0_tutorials/build install --record /home/notthecoolkid/mrt_ws/build/week0_tutorials/install.log --single-version-externally-managed install_data
