[0.007s] Invoking command in '/home/notthecoolkid/mrtx/mrt_ws/build/aruco_interfaces': CMAKE_PREFIX_PATH=${CMAKE_PREFIX_PATH}:/home/notthecoolkid/mrtx/mrt_ws/install/week1_tutorials:/home/notthecoolkid/mrtx/mrt_ws/install/week0_tutorials:/home/notthecoolkid/mrtx/mrt_ws/install/sauron:/home/notthecoolkid/mrtx/mrt_ws/install/aruco_server:/home/notthecoolkid/mrt_ws/install/week0_tutorials:/home/notthecoolkid/mrt_ws/install/sauron:/opt/ros/humble /usr/bin/cmake --build /home/notthecoolkid/mrtx/mrt_ws/build/aruco_interfaces -- -j20 -l20
[0.024s] -- Found ament_cmake: 1.3.10 (/opt/ros/humble/share/ament_cmake/cmake)
[0.122s] -- Found sensor_msgs: 4.2.4 (/opt/ros/humble/share/sensor_msgs/cmake)
[0.138s] -- Found rosidl_generator_c: 3.1.5 (/opt/ros/humble/share/rosidl_generator_c/cmake)
[0.139s] -- Found rosidl_adapter: 3.1.5 (/opt/ros/humble/share/rosidl_adapter/cmake)
[0.143s] -- Found rosidl_generator_cpp: 3.1.5 (/opt/ros/humble/share/rosidl_generator_cpp/cmake)
[0.149s] -- Using all available rosidl_typesupport_c: rosidl_typesupport_fastrtps_c;rosidl_typesupport_introspection_c
[0.157s] -- Using all available rosidl_typesupport_cpp: rosidl_typesupport_fastrtps_cpp;rosidl_typesupport_introspection_cpp
[0.192s] -- Found rosidl_default_generators: 1.2.0 (/opt/ros/humble/share/rosidl_default_generators/cmake)
[0.411s] -- Found ament_cmake_cppcheck: 0.12.11 (/opt/ros/humble/share/ament_cmake_cppcheck/cmake)
[0.411s] -- Found ament_cmake_cpplint: 0.12.11 (/opt/ros/humble/share/ament_cmake_cpplint/cmake)
[0.412s] -- Found ament_cmake_uncrustify: 0.12.11 (/opt/ros/humble/share/ament_cmake_uncrustify/cmake)
[0.412s] -- Found ament_cmake_ros: 0.10.0 (/opt/ros/humble/share/ament_cmake_ros/cmake)
[0.775s] -- Using all available rosidl_typesupport_c: rosidl_typesupport_fastrtps_c;rosidl_typesupport_introspection_c
[0.906s] -- Using all available rosidl_typesupport_cpp: rosidl_typesupport_fastrtps_cpp;rosidl_typesupport_introspection_cpp
[0.924s] -- Found python_cmake_module: 0.10.0 (/opt/ros/humble/share/python_cmake_module/cmake)
[0.942s] -- Using PYTHON_EXECUTABLE: /usr/bin/python3
[0.943s] -- Using PYTHON_INCLUDE_DIRS: /usr/include/python3.10
[0.943s] -- Using PYTHON_LIBRARIES: /usr/lib/x86_64-linux-gnu/libpython3.10.so
[0.978s] -- Found ament_cmake_flake8: 0.12.11 (/opt/ros/humble/share/ament_cmake_flake8/cmake)
[0.978s] -- Found ament_cmake_pep257: 0.12.11 (/opt/ros/humble/share/ament_cmake_pep257/cmake)
[0.979s] -- Found ament_lint_auto: 0.12.11 (/opt/ros/humble/share/ament_lint_auto/cmake)
[0.984s] -- Added test 'lint_cmake' to check CMake code style
[0.984s] -- Added test 'xmllint' to check XML markup files
[0.985s] -- Configuring done
[1.007s] -- Generating done
[1.009s] -- Build files have been written to: /home/notthecoolkid/mrtx/mrt_ws/build/aruco_interfaces
[1.030s] [  2%] [34m[1mGenerating C code for ROS interfaces[0m
[1.043s] [  5%] [34m[1mGenerating C++ code for ROS interfaces[0m
[1.044s] [  5%] Built target ament_cmake_python_copy_aruco_interfaces
[1.206s] running egg_info
[1.206s] writing aruco_interfaces.egg-info/PKG-INFO
[1.206s] writing dependency_links to aruco_interfaces.egg-info/dependency_links.txt
[1.206s] writing top-level names to aruco_interfaces.egg-info/top_level.txt
[1.208s] reading manifest file 'aruco_interfaces.egg-info/SOURCES.txt'
[1.208s] writing manifest file 'aruco_interfaces.egg-info/SOURCES.txt'
[1.227s] [  5%] Built target ament_cmake_python_build_aruco_interfaces_egg
[1.273s] [35m[1mConsolidate compiler generated dependencies of target aruco_interfaces__rosidl_generator_c[0m
[1.278s] [  5%] Built target aruco_interfaces__cpp
[1.285s] [  7%] [32mBuilding C object CMakeFiles/aruco_interfaces__rosidl_generator_c.dir/rosidl_generator_c/aruco_interfaces/srv/detail/aruco_detect__functions.c.o[0m
[1.286s] [ 10%] [32mBuilding C object CMakeFiles/aruco_interfaces__rosidl_generator_c.dir/rosidl_generator_c/aruco_interfaces/msg/detail/aruco_image__functions.c.o[0m
[1.286s] [ 12%] [34m[1mGenerating C++ introspection for ROS interfaces[0m
[1.287s] [ 15%] [34m[1mGenerating C++ type support dispatch for ROS interfaces[0m
[1.290s] [ 17%] [34m[1mGenerating C++ type support for eProsima Fast-RTPS[0m
[1.331s] [ 20%] [32m[1mLinking C shared library libaruco_interfaces__rosidl_generator_c.so[0m
[1.362s] [ 20%] Built target aruco_interfaces__rosidl_generator_c
[1.374s] [ 23%] [34m[1mGenerating C type support for eProsima Fast-RTPS[0m
[1.374s] [ 25%] [34m[1mGenerating C type support dispatch for ROS interfaces[0m
[1.374s] [ 28%] [34m[1mGenerating C introspection for ROS interfaces[0m
[1.486s] [35m[1mConsolidate compiler generated dependencies of target aruco_interfaces__rosidl_typesupport_cpp[0m
[1.495s] [ 30%] [32mBuilding CXX object CMakeFiles/aruco_interfaces__rosidl_typesupport_cpp.dir/rosidl_typesupport_cpp/aruco_interfaces/srv/aruco_detect__type_support.cpp.o[0m
[1.495s] [ 33%] [32mBuilding CXX object CMakeFiles/aruco_interfaces__rosidl_typesupport_cpp.dir/rosidl_typesupport_cpp/aruco_interfaces/msg/aruco_image__type_support.cpp.o[0m
[1.501s] [35m[1mConsolidate compiler generated dependencies of target aruco_interfaces__rosidl_typesupport_introspection_cpp[0m
[1.513s] [ 35%] [32mBuilding CXX object CMakeFiles/aruco_interfaces__rosidl_typesupport_introspection_cpp.dir/rosidl_typesupport_introspection_cpp/aruco_interfaces/msg/detail/aruco_image__type_support.cpp.o[0m
[1.514s] [ 38%] [32mBuilding CXX object CMakeFiles/aruco_interfaces__rosidl_typesupport_introspection_cpp.dir/rosidl_typesupport_introspection_cpp/aruco_interfaces/srv/detail/aruco_detect__type_support.cpp.o[0m
[1.524s] [35m[1mConsolidate compiler generated dependencies of target aruco_interfaces__rosidl_typesupport_fastrtps_cpp[0m
[1.541s] [ 43%] [32mBuilding CXX object CMakeFiles/aruco_interfaces__rosidl_typesupport_fastrtps_cpp.dir/rosidl_typesupport_fastrtps_cpp/aruco_interfaces/srv/detail/dds_fastrtps/aruco_detect__type_support.cpp.o[0m
[1.541s] [ 43%] [32mBuilding CXX object CMakeFiles/aruco_interfaces__rosidl_typesupport_fastrtps_cpp.dir/rosidl_typesupport_fastrtps_cpp/aruco_interfaces/msg/detail/dds_fastrtps/aruco_image__type_support.cpp.o[0m
[1.578s] [35m[1mConsolidate compiler generated dependencies of target aruco_interfaces__rosidl_typesupport_c[0m
[1.588s] [ 46%] [32mBuilding CXX object CMakeFiles/aruco_interfaces__rosidl_typesupport_c.dir/rosidl_typesupport_c/aruco_interfaces/srv/aruco_detect__type_support.cpp.o[0m
[1.591s] [ 48%] [32mBuilding CXX object CMakeFiles/aruco_interfaces__rosidl_typesupport_c.dir/rosidl_typesupport_c/aruco_interfaces/msg/aruco_image__type_support.cpp.o[0m
[1.624s] [ 51%] [32m[1mLinking CXX shared library libaruco_interfaces__rosidl_typesupport_c.so[0m
[1.634s] [35m[1mConsolidate compiler generated dependencies of target aruco_interfaces__rosidl_typesupport_introspection_c[0m
[1.647s] [ 56%] [32mBuilding C object CMakeFiles/aruco_interfaces__rosidl_typesupport_introspection_c.dir/rosidl_typesupport_introspection_c/aruco_interfaces/srv/detail/aruco_detect__type_support.c.o[0m
[1.647s] [ 56%] [32mBuilding C object CMakeFiles/aruco_interfaces__rosidl_typesupport_introspection_c.dir/rosidl_typesupport_introspection_c/aruco_interfaces/msg/detail/aruco_image__type_support.c.o[0m
[1.666s] [ 58%] [32m[1mLinking CXX shared library libaruco_interfaces__rosidl_typesupport_cpp.so[0m
[1.667s] [ 58%] Built target aruco_interfaces__rosidl_typesupport_c
[1.685s] [ 61%] [32m[1mLinking C shared library libaruco_interfaces__rosidl_typesupport_introspection_c.so[0m
[1.691s] [35m[1mConsolidate compiler generated dependencies of target aruco_interfaces__rosidl_typesupport_fastrtps_c[0m
[1.700s] [ 61%] Built target aruco_interfaces__rosidl_typesupport_cpp
[1.704s] [ 64%] [32mBuilding CXX object CMakeFiles/aruco_interfaces__rosidl_typesupport_fastrtps_c.dir/rosidl_typesupport_fastrtps_c/aruco_interfaces/msg/detail/aruco_image__type_support_c.cpp.o[0m
[1.705s] [ 66%] [32mBuilding CXX object CMakeFiles/aruco_interfaces__rosidl_typesupport_fastrtps_c.dir/rosidl_typesupport_fastrtps_c/aruco_interfaces/srv/detail/aruco_detect__type_support_c.cpp.o[0m
[1.715s] [ 66%] Built target aruco_interfaces__rosidl_typesupport_introspection_c
[1.855s] [ 69%] [32m[1mLinking CXX shared library libaruco_interfaces__rosidl_typesupport_introspection_cpp.so[0m
[1.917s] [ 69%] Built target aruco_interfaces__rosidl_typesupport_introspection_cpp
[1.929s] [ 71%] [32m[1mLinking CXX shared library libaruco_interfaces__rosidl_typesupport_fastrtps_c.so[0m
[1.950s] [ 74%] [32m[1mLinking CXX shared library libaruco_interfaces__rosidl_typesupport_fastrtps_cpp.so[0m
[1.991s] [ 74%] Built target aruco_interfaces__rosidl_typesupport_fastrtps_c
[2.012s] [ 74%] Built target aruco_interfaces__rosidl_typesupport_fastrtps_cpp
[2.029s] [ 74%] Built target aruco_interfaces
[2.049s] [ 76%] [34m[1mGenerating Python code for ROS interfaces[0m
[2.383s] [ 76%] Built target aruco_interfaces__py
[2.391s] [35m[1mConsolidate compiler generated dependencies of target aruco_interfaces__rosidl_generator_py[0m
[2.405s] [ 79%] [32mBuilding C object CMakeFiles/aruco_interfaces__rosidl_generator_py.dir/rosidl_generator_py/aruco_interfaces/srv/_aruco_detect_s.c.o[0m
[2.406s] [ 82%] [32mBuilding C object CMakeFiles/aruco_interfaces__rosidl_generator_py.dir/rosidl_generator_py/aruco_interfaces/msg/_aruco_image_s.c.o[0m
[2.485s] [ 84%] [32m[1mLinking C shared library rosidl_generator_py/aruco_interfaces/libaruco_interfaces__rosidl_generator_py.so[0m
[2.517s] [ 84%] Built target aruco_interfaces__rosidl_generator_py
[2.526s] [35m[1mConsolidate compiler generated dependencies of target aruco_interfaces__rosidl_typesupport_c__pyext[0m
[2.528s] [35m[1mConsolidate compiler generated dependencies of target aruco_interfaces__rosidl_typesupport_fastrtps_c__pyext[0m
[2.528s] [35m[1mConsolidate compiler generated dependencies of target aruco_interfaces__rosidl_typesupport_introspection_c__pyext[0m
[2.540s] [ 89%] [32mBuilding C object CMakeFiles/aruco_interfaces__rosidl_typesupport_fastrtps_c__pyext.dir/rosidl_generator_py/aruco_interfaces/_aruco_interfaces_s.ep.rosidl_typesupport_fastrtps_c.c.o[0m
[2.540s] [ 89%] [32mBuilding C object CMakeFiles/aruco_interfaces__rosidl_typesupport_c__pyext.dir/rosidl_generator_py/aruco_interfaces/_aruco_interfaces_s.ep.rosidl_typesupport_c.c.o[0m
[2.541s] [ 92%] [32mBuilding C object CMakeFiles/aruco_interfaces__rosidl_typesupport_introspection_c__pyext.dir/rosidl_generator_py/aruco_interfaces/_aruco_interfaces_s.ep.rosidl_typesupport_introspection_c.c.o[0m
[2.614s] [ 94%] [32m[1mLinking C shared library rosidl_generator_py/aruco_interfaces/aruco_interfaces_s__rosidl_typesupport_fastrtps_c.cpython-310-x86_64-linux-gnu.so[0m
[2.614s] [ 97%] [32m[1mLinking C shared library rosidl_generator_py/aruco_interfaces/aruco_interfaces_s__rosidl_typesupport_c.cpython-310-x86_64-linux-gnu.so[0m
[2.616s] [100%] [32m[1mLinking C shared library rosidl_generator_py/aruco_interfaces/aruco_interfaces_s__rosidl_typesupport_introspection_c.cpython-310-x86_64-linux-gnu.so[0m
[2.647s] [100%] Built target aruco_interfaces__rosidl_typesupport_fastrtps_c__pyext
[2.652s] [100%] Built target aruco_interfaces__rosidl_typesupport_c__pyext
[2.652s] [100%] Built target aruco_interfaces__rosidl_typesupport_introspection_c__pyext
[2.663s] Invoked command in '/home/notthecoolkid/mrtx/mrt_ws/build/aruco_interfaces' returned '0': CMAKE_PREFIX_PATH=${CMAKE_PREFIX_PATH}:/home/notthecoolkid/mrtx/mrt_ws/install/week1_tutorials:/home/notthecoolkid/mrtx/mrt_ws/install/week0_tutorials:/home/notthecoolkid/mrtx/mrt_ws/install/sauron:/home/notthecoolkid/mrtx/mrt_ws/install/aruco_server:/home/notthecoolkid/mrt_ws/install/week0_tutorials:/home/notthecoolkid/mrt_ws/install/sauron:/opt/ros/humble /usr/bin/cmake --build /home/notthecoolkid/mrtx/mrt_ws/build/aruco_interfaces -- -j20 -l20
[2.758s] Invoking command in '/home/notthecoolkid/mrtx/mrt_ws/build/aruco_interfaces': CMAKE_PREFIX_PATH=${CMAKE_PREFIX_PATH}:/home/notthecoolkid/mrtx/mrt_ws/install/week1_tutorials:/home/notthecoolkid/mrtx/mrt_ws/install/week0_tutorials:/home/notthecoolkid/mrtx/mrt_ws/install/sauron:/home/notthecoolkid/mrtx/mrt_ws/install/aruco_server:/home/notthecoolkid/mrt_ws/install/week0_tutorials:/home/notthecoolkid/mrt_ws/install/sauron:/opt/ros/humble /usr/bin/cmake --install /home/notthecoolkid/mrtx/mrt_ws/build/aruco_interfaces
[2.768s] -- Install configuration: ""
[2.768s] -- Up-to-date: /home/notthecoolkid/mrtx/mrt_ws/install/aruco_interfaces/share/ament_index/resource_index/rosidl_interfaces/aruco_interfaces
[2.768s] -- Up-to-date: /home/notthecoolkid/mrtx/mrt_ws/install/aruco_interfaces/include/aruco_interfaces/aruco_interfaces
[2.768s] -- Up-to-date: /home/notthecoolkid/mrtx/mrt_ws/install/aruco_interfaces/include/aruco_interfaces/aruco_interfaces/msg
[2.768s] -- Installing: /home/notthecoolkid/mrtx/mrt_ws/install/aruco_interfaces/include/aruco_interfaces/aruco_interfaces/msg/aruco_image.h
[2.768s] -- Up-to-date: /home/notthecoolkid/mrtx/mrt_ws/install/aruco_interfaces/include/aruco_interfaces/aruco_interfaces/msg/rosidl_generator_c__visibility_control.h
[2.768s] -- Up-to-date: /home/notthecoolkid/mrtx/mrt_ws/install/aruco_interfaces/include/aruco_interfaces/aruco_interfaces/msg/detail
[2.768s] -- Installing: /home/notthecoolkid/mrtx/mrt_ws/install/aruco_interfaces/include/aruco_interfaces/aruco_interfaces/msg/detail/aruco_image__functions.h
[2.769s] -- Installing: /home/notthecoolkid/mrtx/mrt_ws/install/aruco_interfaces/include/aruco_interfaces/aruco_interfaces/msg/detail/aruco_image__functions.c
[2.769s] -- Installing: /home/notthecoolkid/mrtx/mrt_ws/install/aruco_interfaces/include/aruco_interfaces/aruco_interfaces/msg/detail/aruco_image__struct.h
[2.769s] -- Installing: /home/notthecoolkid/mrtx/mrt_ws/install/aruco_interfaces/include/aruco_interfaces/aruco_interfaces/msg/detail/aruco_image__type_support.h
[2.769s] -- Up-to-date: /home/notthecoolkid/mrtx/mrt_ws/install/aruco_interfaces/include/aruco_interfaces/aruco_interfaces/srv
[2.769s] -- Up-to-date: /home/notthecoolkid/mrtx/mrt_ws/install/aruco_interfaces/include/aruco_interfaces/aruco_interfaces/srv/detail
[2.769s] -- Installing: /home/notthecoolkid/mrtx/mrt_ws/install/aruco_interfaces/include/aruco_interfaces/aruco_interfaces/srv/detail/aruco_detect__functions.h
[2.769s] -- Installing: /home/notthecoolkid/mrtx/mrt_ws/install/aruco_interfaces/include/aruco_interfaces/aruco_interfaces/srv/detail/aruco_detect__type_support.h
[2.769s] -- Installing: /home/notthecoolkid/mrtx/mrt_ws/install/aruco_interfaces/include/aruco_interfaces/aruco_interfaces/srv/detail/aruco_detect__struct.h
[2.769s] -- Installing: /home/notthecoolkid/mrtx/mrt_ws/install/aruco_interfaces/include/aruco_interfaces/aruco_interfaces/srv/detail/aruco_detect__functions.c
[2.769s] -- Installing: /home/notthecoolkid/mrtx/mrt_ws/install/aruco_interfaces/include/aruco_interfaces/aruco_interfaces/srv/aruco_detect.h
[2.769s] -- Up-to-date: /home/notthecoolkid/mrtx/mrt_ws/install/aruco_interfaces/share/aruco_interfaces/environment/library_path.sh
[2.769s] -- Installing: /home/notthecoolkid/mrtx/mrt_ws/install/aruco_interfaces/share/aruco_interfaces/environment/library_path.dsv
[2.769s] -- Installing: /home/notthecoolkid/mrtx/mrt_ws/install/aruco_interfaces/lib/libaruco_interfaces__rosidl_generator_c.so
[2.769s] -- Set runtime path of "/home/notthecoolkid/mrtx/mrt_ws/install/aruco_interfaces/lib/libaruco_interfaces__rosidl_generator_c.so" to ""
[2.770s] -- Up-to-date: /home/notthecoolkid/mrtx/mrt_ws/install/aruco_interfaces/include/aruco_interfaces/aruco_interfaces
[2.770s] -- Up-to-date: /home/notthecoolkid/mrtx/mrt_ws/install/aruco_interfaces/include/aruco_interfaces/aruco_interfaces/msg
[2.770s] -- Up-to-date: /home/notthecoolkid/mrtx/mrt_ws/install/aruco_interfaces/include/aruco_interfaces/aruco_interfaces/msg/rosidl_typesupport_fastrtps_c__visibility_control.h
[2.770s] -- Up-to-date: /home/notthecoolkid/mrtx/mrt_ws/install/aruco_interfaces/include/aruco_interfaces/aruco_interfaces/msg/detail
[2.770s] -- Installing: /home/notthecoolkid/mrtx/mrt_ws/install/aruco_interfaces/include/aruco_interfaces/aruco_interfaces/msg/detail/aruco_image__rosidl_typesupport_fastrtps_c.h
[2.770s] -- Up-to-date: /home/notthecoolkid/mrtx/mrt_ws/install/aruco_interfaces/include/aruco_interfaces/aruco_interfaces/srv
[2.770s] -- Up-to-date: /home/notthecoolkid/mrtx/mrt_ws/install/aruco_interfaces/include/aruco_interfaces/aruco_interfaces/srv/detail
[2.770s] -- Installing: /home/notthecoolkid/mrtx/mrt_ws/install/aruco_interfaces/include/aruco_interfaces/aruco_interfaces/srv/detail/aruco_detect__rosidl_typesupport_fastrtps_c.h
[2.770s] -- Installing: /home/notthecoolkid/mrtx/mrt_ws/install/aruco_interfaces/lib/libaruco_interfaces__rosidl_typesupport_fastrtps_c.so
[2.770s] -- Set runtime path of "/home/notthecoolkid/mrtx/mrt_ws/install/aruco_interfaces/lib/libaruco_interfaces__rosidl_typesupport_fastrtps_c.so" to ""
[2.770s] -- Up-to-date: /home/notthecoolkid/mrtx/mrt_ws/install/aruco_interfaces/include/aruco_interfaces/aruco_interfaces
[2.771s] -- Up-to-date: /home/notthecoolkid/mrtx/mrt_ws/install/aruco_interfaces/include/aruco_interfaces/aruco_interfaces/msg
[2.771s] -- Installing: /home/notthecoolkid/mrtx/mrt_ws/install/aruco_interfaces/include/aruco_interfaces/aruco_interfaces/msg/aruco_image.hpp
[2.771s] -- Up-to-date: /home/notthecoolkid/mrtx/mrt_ws/install/aruco_interfaces/include/aruco_interfaces/aruco_interfaces/msg/detail
[2.771s] -- Installing: /home/notthecoolkid/mrtx/mrt_ws/install/aruco_interfaces/include/aruco_interfaces/aruco_interfaces/msg/detail/aruco_image__struct.hpp
[2.771s] -- Installing: /home/notthecoolkid/mrtx/mrt_ws/install/aruco_interfaces/include/aruco_interfaces/aruco_interfaces/msg/detail/aruco_image__builder.hpp
[2.771s] -- Installing: /home/notthecoolkid/mrtx/mrt_ws/install/aruco_interfaces/include/aruco_interfaces/aruco_interfaces/msg/detail/aruco_image__traits.hpp
[2.771s] -- Up-to-date: /home/notthecoolkid/mrtx/mrt_ws/install/aruco_interfaces/include/aruco_interfaces/aruco_interfaces/srv
[2.771s] -- Up-to-date: /home/notthecoolkid/mrtx/mrt_ws/install/aruco_interfaces/include/aruco_interfaces/aruco_interfaces/srv/detail
[2.771s] -- Installing: /home/notthecoolkid/mrtx/mrt_ws/install/aruco_interfaces/include/aruco_interfaces/aruco_interfaces/srv/detail/aruco_detect__builder.hpp
[2.771s] -- Installing: /home/notthecoolkid/mrtx/mrt_ws/install/aruco_interfaces/include/aruco_interfaces/aruco_interfaces/srv/detail/aruco_detect__struct.hpp
[2.771s] -- Installing: /home/notthecoolkid/mrtx/mrt_ws/install/aruco_interfaces/include/aruco_interfaces/aruco_interfaces/srv/detail/aruco_detect__traits.hpp
[2.771s] -- Installing: /home/notthecoolkid/mrtx/mrt_ws/install/aruco_interfaces/include/aruco_interfaces/aruco_interfaces/srv/aruco_detect.hpp
[2.771s] -- Up-to-date: /home/notthecoolkid/mrtx/mrt_ws/install/aruco_interfaces/include/aruco_interfaces/aruco_interfaces
[2.772s] -- Up-to-date: /home/notthecoolkid/mrtx/mrt_ws/install/aruco_interfaces/include/aruco_interfaces/aruco_interfaces/msg
[2.772s] -- Up-to-date: /home/notthecoolkid/mrtx/mrt_ws/install/aruco_interfaces/include/aruco_interfaces/aruco_interfaces/msg/detail
[2.772s] -- Installing: /home/notthecoolkid/mrtx/mrt_ws/install/aruco_interfaces/include/aruco_interfaces/aruco_interfaces/msg/detail/aruco_image__rosidl_typesupport_fastrtps_cpp.hpp
[2.772s] -- Up-to-date: /home/notthecoolkid/mrtx/mrt_ws/install/aruco_interfaces/include/aruco_interfaces/aruco_interfaces/msg/detail/dds_fastrtps
[2.772s] -- Up-to-date: /home/notthecoolkid/mrtx/mrt_ws/install/aruco_interfaces/include/aruco_interfaces/aruco_interfaces/msg/rosidl_typesupport_fastrtps_cpp__visibility_control.h
[2.772s] -- Up-to-date: /home/notthecoolkid/mrtx/mrt_ws/install/aruco_interfaces/include/aruco_interfaces/aruco_interfaces/srv
[2.772s] -- Up-to-date: /home/notthecoolkid/mrtx/mrt_ws/install/aruco_interfaces/include/aruco_interfaces/aruco_interfaces/srv/detail
[2.772s] -- Up-to-date: /home/notthecoolkid/mrtx/mrt_ws/install/aruco_interfaces/include/aruco_interfaces/aruco_interfaces/srv/detail/dds_fastrtps
[2.772s] -- Installing: /home/notthecoolkid/mrtx/mrt_ws/install/aruco_interfaces/include/aruco_interfaces/aruco_interfaces/srv/detail/aruco_detect__rosidl_typesupport_fastrtps_cpp.hpp
[2.772s] -- Installing: /home/notthecoolkid/mrtx/mrt_ws/install/aruco_interfaces/lib/libaruco_interfaces__rosidl_typesupport_fastrtps_cpp.so
[2.772s] -- Set runtime path of "/home/notthecoolkid/mrtx/mrt_ws/install/aruco_interfaces/lib/libaruco_interfaces__rosidl_typesupport_fastrtps_cpp.so" to ""
[2.773s] -- Up-to-date: /home/notthecoolkid/mrtx/mrt_ws/install/aruco_interfaces/include/aruco_interfaces/aruco_interfaces
[2.773s] -- Up-to-date: /home/notthecoolkid/mrtx/mrt_ws/install/aruco_interfaces/include/aruco_interfaces/aruco_interfaces/msg
[2.773s] -- Up-to-date: /home/notthecoolkid/mrtx/mrt_ws/install/aruco_interfaces/include/aruco_interfaces/aruco_interfaces/msg/detail
[2.773s] -- Installing: /home/notthecoolkid/mrtx/mrt_ws/install/aruco_interfaces/include/aruco_interfaces/aruco_interfaces/msg/detail/aruco_image__rosidl_typesupport_introspection_c.h
[2.773s] -- Installing: /home/notthecoolkid/mrtx/mrt_ws/install/aruco_interfaces/include/aruco_interfaces/aruco_interfaces/msg/detail/aruco_image__type_support.c
[2.773s] -- Up-to-date: /home/notthecoolkid/mrtx/mrt_ws/install/aruco_interfaces/include/aruco_interfaces/aruco_interfaces/msg/rosidl_typesupport_introspection_c__visibility_control.h
[2.773s] -- Up-to-date: /home/notthecoolkid/mrtx/mrt_ws/install/aruco_interfaces/include/aruco_interfaces/aruco_interfaces/srv
[2.773s] -- Up-to-date: /home/notthecoolkid/mrtx/mrt_ws/install/aruco_interfaces/include/aruco_interfaces/aruco_interfaces/srv/detail
[2.773s] -- Installing: /home/notthecoolkid/mrtx/mrt_ws/install/aruco_interfaces/include/aruco_interfaces/aruco_interfaces/srv/detail/aruco_detect__type_support.c
[2.773s] -- Installing: /home/notthecoolkid/mrtx/mrt_ws/install/aruco_interfaces/include/aruco_interfaces/aruco_interfaces/srv/detail/aruco_detect__rosidl_typesupport_introspection_c.h
[2.773s] -- Installing: /home/notthecoolkid/mrtx/mrt_ws/install/aruco_interfaces/lib/libaruco_interfaces__rosidl_typesupport_introspection_c.so
[2.773s] -- Set runtime path of "/home/notthecoolkid/mrtx/mrt_ws/install/aruco_interfaces/lib/libaruco_interfaces__rosidl_typesupport_introspection_c.so" to ""
[2.773s] -- Installing: /home/notthecoolkid/mrtx/mrt_ws/install/aruco_interfaces/lib/libaruco_interfaces__rosidl_typesupport_c.so
[2.773s] -- Set runtime path of "/home/notthecoolkid/mrtx/mrt_ws/install/aruco_interfaces/lib/libaruco_interfaces__rosidl_typesupport_c.so" to ""
[2.773s] -- Up-to-date: /home/notthecoolkid/mrtx/mrt_ws/install/aruco_interfaces/include/aruco_interfaces/aruco_interfaces
[2.774s] -- Up-to-date: /home/notthecoolkid/mrtx/mrt_ws/install/aruco_interfaces/include/aruco_interfaces/aruco_interfaces/msg
[2.774s] -- Up-to-date: /home/notthecoolkid/mrtx/mrt_ws/install/aruco_interfaces/include/aruco_interfaces/aruco_interfaces/msg/detail
[2.774s] -- Installing: /home/notthecoolkid/mrtx/mrt_ws/install/aruco_interfaces/include/aruco_interfaces/aruco_interfaces/msg/detail/aruco_image__type_support.cpp
[2.774s] -- Installing: /home/notthecoolkid/mrtx/mrt_ws/install/aruco_interfaces/include/aruco_interfaces/aruco_interfaces/msg/detail/aruco_image__rosidl_typesupport_introspection_cpp.hpp
[2.774s] -- Up-to-date: /home/notthecoolkid/mrtx/mrt_ws/install/aruco_interfaces/include/aruco_interfaces/aruco_interfaces/srv
[2.774s] -- Up-to-date: /home/notthecoolkid/mrtx/mrt_ws/install/aruco_interfaces/include/aruco_interfaces/aruco_interfaces/srv/detail
[2.774s] -- Installing: /home/notthecoolkid/mrtx/mrt_ws/install/aruco_interfaces/include/aruco_interfaces/aruco_interfaces/srv/detail/aruco_detect__type_support.cpp
[2.774s] -- Installing: /home/notthecoolkid/mrtx/mrt_ws/install/aruco_interfaces/include/aruco_interfaces/aruco_interfaces/srv/detail/aruco_detect__rosidl_typesupport_introspection_cpp.hpp
[2.774s] -- Installing: /home/notthecoolkid/mrtx/mrt_ws/install/aruco_interfaces/lib/libaruco_interfaces__rosidl_typesupport_introspection_cpp.so
[2.774s] -- Set runtime path of "/home/notthecoolkid/mrtx/mrt_ws/install/aruco_interfaces/lib/libaruco_interfaces__rosidl_typesupport_introspection_cpp.so" to ""
[2.774s] -- Installing: /home/notthecoolkid/mrtx/mrt_ws/install/aruco_interfaces/lib/libaruco_interfaces__rosidl_typesupport_cpp.so
[2.774s] -- Set runtime path of "/home/notthecoolkid/mrtx/mrt_ws/install/aruco_interfaces/lib/libaruco_interfaces__rosidl_typesupport_cpp.so" to ""
[2.774s] -- Up-to-date: /home/notthecoolkid/mrtx/mrt_ws/install/aruco_interfaces/share/aruco_interfaces/environment/pythonpath.sh
[2.774s] -- Installing: /home/notthecoolkid/mrtx/mrt_ws/install/aruco_interfaces/share/aruco_interfaces/environment/pythonpath.dsv
[2.774s] -- Up-to-date: /home/notthecoolkid/mrtx/mrt_ws/install/aruco_interfaces/local/lib/python3.10/dist-packages/aruco_interfaces-0.0.0-py3.10.egg-info
[2.774s] -- Installing: /home/notthecoolkid/mrtx/mrt_ws/install/aruco_interfaces/local/lib/python3.10/dist-packages/aruco_interfaces-0.0.0-py3.10.egg-info/top_level.txt
[2.774s] -- Installing: /home/notthecoolkid/mrtx/mrt_ws/install/aruco_interfaces/local/lib/python3.10/dist-packages/aruco_interfaces-0.0.0-py3.10.egg-info/dependency_links.txt
[2.775s] -- Installing: /home/notthecoolkid/mrtx/mrt_ws/install/aruco_interfaces/local/lib/python3.10/dist-packages/aruco_interfaces-0.0.0-py3.10.egg-info/PKG-INFO
[2.775s] -- Installing: /home/notthecoolkid/mrtx/mrt_ws/install/aruco_interfaces/local/lib/python3.10/dist-packages/aruco_interfaces-0.0.0-py3.10.egg-info/SOURCES.txt
[2.775s] -- Up-to-date: /home/notthecoolkid/mrtx/mrt_ws/install/aruco_interfaces/local/lib/python3.10/dist-packages/aruco_interfaces
[2.775s] -- Installing: /home/notthecoolkid/mrtx/mrt_ws/install/aruco_interfaces/local/lib/python3.10/dist-packages/aruco_interfaces/_aruco_interfaces_s.ep.rosidl_typesupport_c.c
[2.775s] -- Installing: /home/notthecoolkid/mrtx/mrt_ws/install/aruco_interfaces/local/lib/python3.10/dist-packages/aruco_interfaces/aruco_interfaces_s__rosidl_typesupport_fastrtps_c.cpython-310-x86_64-linux-gnu.so
[2.775s] -- Up-to-date: /home/notthecoolkid/mrtx/mrt_ws/install/aruco_interfaces/local/lib/python3.10/dist-packages/aruco_interfaces/msg
[2.775s] -- Installing: /home/notthecoolkid/mrtx/mrt_ws/install/aruco_interfaces/local/lib/python3.10/dist-packages/aruco_interfaces/msg/_aruco_image.py
[2.775s] -- Installing: /home/notthecoolkid/mrtx/mrt_ws/install/aruco_interfaces/local/lib/python3.10/dist-packages/aruco_interfaces/msg/__init__.py
[2.775s] -- Installing: /home/notthecoolkid/mrtx/mrt_ws/install/aruco_interfaces/local/lib/python3.10/dist-packages/aruco_interfaces/msg/_aruco_image_s.c
[2.775s] -- Installing: /home/notthecoolkid/mrtx/mrt_ws/install/aruco_interfaces/local/lib/python3.10/dist-packages/aruco_interfaces/_aruco_interfaces_s.ep.rosidl_typesupport_fastrtps_c.c
[2.775s] -- Installing: /home/notthecoolkid/mrtx/mrt_ws/install/aruco_interfaces/local/lib/python3.10/dist-packages/aruco_interfaces/__init__.py
[2.775s] -- Installing: /home/notthecoolkid/mrtx/mrt_ws/install/aruco_interfaces/local/lib/python3.10/dist-packages/aruco_interfaces/_aruco_interfaces_s.ep.rosidl_typesupport_introspection_c.c
[2.775s] -- Installing: /home/notthecoolkid/mrtx/mrt_ws/install/aruco_interfaces/local/lib/python3.10/dist-packages/aruco_interfaces/aruco_interfaces_s__rosidl_typesupport_c.cpython-310-x86_64-linux-gnu.so
[2.775s] -- Installing: /home/notthecoolkid/mrtx/mrt_ws/install/aruco_interfaces/local/lib/python3.10/dist-packages/aruco_interfaces/libaruco_interfaces__rosidl_generator_py.so
[2.775s] -- Up-to-date: /home/notthecoolkid/mrtx/mrt_ws/install/aruco_interfaces/local/lib/python3.10/dist-packages/aruco_interfaces/srv
[2.775s] -- Installing: /home/notthecoolkid/mrtx/mrt_ws/install/aruco_interfaces/local/lib/python3.10/dist-packages/aruco_interfaces/srv/_aruco_detect.py
[2.775s] -- Installing: /home/notthecoolkid/mrtx/mrt_ws/install/aruco_interfaces/local/lib/python3.10/dist-packages/aruco_interfaces/srv/__init__.py
[2.775s] -- Installing: /home/notthecoolkid/mrtx/mrt_ws/install/aruco_interfaces/local/lib/python3.10/dist-packages/aruco_interfaces/srv/_aruco_detect_s.c
[2.775s] -- Installing: /home/notthecoolkid/mrtx/mrt_ws/install/aruco_interfaces/local/lib/python3.10/dist-packages/aruco_interfaces/aruco_interfaces_s__rosidl_typesupport_introspection_c.cpython-310-x86_64-linux-gnu.so
[2.809s] Listing '/home/notthecoolkid/mrtx/mrt_ws/install/aruco_interfaces/local/lib/python3.10/dist-packages/aruco_interfaces'...
[2.809s] Compiling '/home/notthecoolkid/mrtx/mrt_ws/install/aruco_interfaces/local/lib/python3.10/dist-packages/aruco_interfaces/__init__.py'...
[2.809s] Listing '/home/notthecoolkid/mrtx/mrt_ws/install/aruco_interfaces/local/lib/python3.10/dist-packages/aruco_interfaces/msg'...
[2.809s] Compiling '/home/notthecoolkid/mrtx/mrt_ws/install/aruco_interfaces/local/lib/python3.10/dist-packages/aruco_interfaces/msg/__init__.py'...
[2.809s] Compiling '/home/notthecoolkid/mrtx/mrt_ws/install/aruco_interfaces/local/lib/python3.10/dist-packages/aruco_interfaces/msg/_aruco_image.py'...
[2.809s] Listing '/home/notthecoolkid/mrtx/mrt_ws/install/aruco_interfaces/local/lib/python3.10/dist-packages/aruco_interfaces/srv'...
[2.809s] Compiling '/home/notthecoolkid/mrtx/mrt_ws/install/aruco_interfaces/local/lib/python3.10/dist-packages/aruco_interfaces/srv/__init__.py'...
[2.809s] Compiling '/home/notthecoolkid/mrtx/mrt_ws/install/aruco_interfaces/local/lib/python3.10/dist-packages/aruco_interfaces/srv/_aruco_detect.py'...
[2.811s] -- Installing: /home/notthecoolkid/mrtx/mrt_ws/install/aruco_interfaces/local/lib/python3.10/dist-packages/aruco_interfaces/aruco_interfaces_s__rosidl_typesupport_fastrtps_c.cpython-310-x86_64-linux-gnu.so
[2.812s] -- Set runtime path of "/home/notthecoolkid/mrtx/mrt_ws/install/aruco_interfaces/local/lib/python3.10/dist-packages/aruco_interfaces/aruco_interfaces_s__rosidl_typesupport_fastrtps_c.cpython-310-x86_64-linux-gnu.so" to ""
[2.812s] -- Installing: /home/notthecoolkid/mrtx/mrt_ws/install/aruco_interfaces/local/lib/python3.10/dist-packages/aruco_interfaces/aruco_interfaces_s__rosidl_typesupport_introspection_c.cpython-310-x86_64-linux-gnu.so
[2.812s] -- Set runtime path of "/home/notthecoolkid/mrtx/mrt_ws/install/aruco_interfaces/local/lib/python3.10/dist-packages/aruco_interfaces/aruco_interfaces_s__rosidl_typesupport_introspection_c.cpython-310-x86_64-linux-gnu.so" to ""
[2.812s] -- Installing: /home/notthecoolkid/mrtx/mrt_ws/install/aruco_interfaces/local/lib/python3.10/dist-packages/aruco_interfaces/aruco_interfaces_s__rosidl_typesupport_c.cpython-310-x86_64-linux-gnu.so
[2.812s] -- Set runtime path of "/home/notthecoolkid/mrtx/mrt_ws/install/aruco_interfaces/local/lib/python3.10/dist-packages/aruco_interfaces/aruco_interfaces_s__rosidl_typesupport_c.cpython-310-x86_64-linux-gnu.so" to ""
[2.812s] -- Installing: /home/notthecoolkid/mrtx/mrt_ws/install/aruco_interfaces/lib/libaruco_interfaces__rosidl_generator_py.so
[2.812s] -- Set runtime path of "/home/notthecoolkid/mrtx/mrt_ws/install/aruco_interfaces/lib/libaruco_interfaces__rosidl_generator_py.so" to ""
[2.812s] -- Installing: /home/notthecoolkid/mrtx/mrt_ws/install/aruco_interfaces/share/aruco_interfaces/srv/ArucoDetect.idl
[2.812s] -- Up-to-date: /home/notthecoolkid/mrtx/mrt_ws/install/aruco_interfaces/share/aruco_interfaces/msg/ArucoImage.idl
[2.812s] -- Installing: /home/notthecoolkid/mrtx/mrt_ws/install/aruco_interfaces/share/aruco_interfaces/srv/ArucoDetect.srv
[2.812s] -- Up-to-date: /home/notthecoolkid/mrtx/mrt_ws/install/aruco_interfaces/share/aruco_interfaces/srv/ArucoDetect_Request.msg
[2.812s] -- Installing: /home/notthecoolkid/mrtx/mrt_ws/install/aruco_interfaces/share/aruco_interfaces/srv/ArucoDetect_Response.msg
[2.812s] -- Up-to-date: /home/notthecoolkid/mrtx/mrt_ws/install/aruco_interfaces/share/aruco_interfaces/msg/ArucoImage.msg
[2.812s] -- Installing: /home/notthecoolkid/mrtx/mrt_ws/install/aruco_interfaces/share/ament_index/resource_index/package_run_dependencies/aruco_interfaces
[2.813s] -- Installing: /home/notthecoolkid/mrtx/mrt_ws/install/aruco_interfaces/share/ament_index/resource_index/parent_prefix_path/aruco_interfaces
[2.813s] -- Up-to-date: /home/notthecoolkid/mrtx/mrt_ws/install/aruco_interfaces/share/aruco_interfaces/environment/ament_prefix_path.sh
[2.813s] -- Installing: /home/notthecoolkid/mrtx/mrt_ws/install/aruco_interfaces/share/aruco_interfaces/environment/ament_prefix_path.dsv
[2.813s] -- Up-to-date: /home/notthecoolkid/mrtx/mrt_ws/install/aruco_interfaces/share/aruco_interfaces/environment/path.sh
[2.813s] -- Installing: /home/notthecoolkid/mrtx/mrt_ws/install/aruco_interfaces/share/aruco_interfaces/environment/path.dsv
[2.813s] -- Up-to-date: /home/notthecoolkid/mrtx/mrt_ws/install/aruco_interfaces/share/aruco_interfaces/local_setup.bash
[2.813s] -- Up-to-date: /home/notthecoolkid/mrtx/mrt_ws/install/aruco_interfaces/share/aruco_interfaces/local_setup.sh
[2.813s] -- Up-to-date: /home/notthecoolkid/mrtx/mrt_ws/install/aruco_interfaces/share/aruco_interfaces/local_setup.zsh
[2.813s] -- Installing: /home/notthecoolkid/mrtx/mrt_ws/install/aruco_interfaces/share/aruco_interfaces/local_setup.dsv
[2.813s] -- Installing: /home/notthecoolkid/mrtx/mrt_ws/install/aruco_interfaces/share/aruco_interfaces/package.dsv
[2.813s] -- Up-to-date: /home/notthecoolkid/mrtx/mrt_ws/install/aruco_interfaces/share/ament_index/resource_index/packages/aruco_interfaces
[2.813s] -- Up-to-date: /home/notthecoolkid/mrtx/mrt_ws/install/aruco_interfaces/share/aruco_interfaces/cmake/export_aruco_interfaces__rosidl_generator_cExport.cmake
[2.813s] -- Up-to-date: /home/notthecoolkid/mrtx/mrt_ws/install/aruco_interfaces/share/aruco_interfaces/cmake/export_aruco_interfaces__rosidl_generator_cExport-noconfig.cmake
[2.813s] -- Up-to-date: /home/notthecoolkid/mrtx/mrt_ws/install/aruco_interfaces/share/aruco_interfaces/cmake/export_aruco_interfaces__rosidl_typesupport_fastrtps_cExport.cmake
[2.813s] -- Up-to-date: /home/notthecoolkid/mrtx/mrt_ws/install/aruco_interfaces/share/aruco_interfaces/cmake/export_aruco_interfaces__rosidl_typesupport_fastrtps_cExport-noconfig.cmake
[2.813s] -- Up-to-date: /home/notthecoolkid/mrtx/mrt_ws/install/aruco_interfaces/share/aruco_interfaces/cmake/export_aruco_interfaces__rosidl_generator_cppExport.cmake
[2.813s] -- Up-to-date: /home/notthecoolkid/mrtx/mrt_ws/install/aruco_interfaces/share/aruco_interfaces/cmake/export_aruco_interfaces__rosidl_typesupport_fastrtps_cppExport.cmake
[2.813s] -- Up-to-date: /home/notthecoolkid/mrtx/mrt_ws/install/aruco_interfaces/share/aruco_interfaces/cmake/export_aruco_interfaces__rosidl_typesupport_fastrtps_cppExport-noconfig.cmake
[2.813s] -- Up-to-date: /home/notthecoolkid/mrtx/mrt_ws/install/aruco_interfaces/share/aruco_interfaces/cmake/aruco_interfaces__rosidl_typesupport_introspection_cExport.cmake
[2.813s] -- Up-to-date: /home/notthecoolkid/mrtx/mrt_ws/install/aruco_interfaces/share/aruco_interfaces/cmake/aruco_interfaces__rosidl_typesupport_introspection_cExport-noconfig.cmake
[2.813s] -- Up-to-date: /home/notthecoolkid/mrtx/mrt_ws/install/aruco_interfaces/share/aruco_interfaces/cmake/aruco_interfaces__rosidl_typesupport_cExport.cmake
[2.813s] -- Up-to-date: /home/notthecoolkid/mrtx/mrt_ws/install/aruco_interfaces/share/aruco_interfaces/cmake/aruco_interfaces__rosidl_typesupport_cExport-noconfig.cmake
[2.813s] -- Up-to-date: /home/notthecoolkid/mrtx/mrt_ws/install/aruco_interfaces/share/aruco_interfaces/cmake/aruco_interfaces__rosidl_typesupport_introspection_cppExport.cmake
[2.813s] -- Up-to-date: /home/notthecoolkid/mrtx/mrt_ws/install/aruco_interfaces/share/aruco_interfaces/cmake/aruco_interfaces__rosidl_typesupport_introspection_cppExport-noconfig.cmake
[2.814s] -- Up-to-date: /home/notthecoolkid/mrtx/mrt_ws/install/aruco_interfaces/share/aruco_interfaces/cmake/aruco_interfaces__rosidl_typesupport_cppExport.cmake
[2.814s] -- Up-to-date: /home/notthecoolkid/mrtx/mrt_ws/install/aruco_interfaces/share/aruco_interfaces/cmake/aruco_interfaces__rosidl_typesupport_cppExport-noconfig.cmake
[2.814s] -- Up-to-date: /home/notthecoolkid/mrtx/mrt_ws/install/aruco_interfaces/share/aruco_interfaces/cmake/export_aruco_interfaces__rosidl_generator_pyExport.cmake
[2.814s] -- Up-to-date: /home/notthecoolkid/mrtx/mrt_ws/install/aruco_interfaces/share/aruco_interfaces/cmake/export_aruco_interfaces__rosidl_generator_pyExport-noconfig.cmake
[2.814s] -- Up-to-date: /home/notthecoolkid/mrtx/mrt_ws/install/aruco_interfaces/share/aruco_interfaces/cmake/rosidl_cmake-extras.cmake
[2.814s] -- Installing: /home/notthecoolkid/mrtx/mrt_ws/install/aruco_interfaces/share/aruco_interfaces/cmake/ament_cmake_export_dependencies-extras.cmake
[2.814s] -- Up-to-date: /home/notthecoolkid/mrtx/mrt_ws/install/aruco_interfaces/share/aruco_interfaces/cmake/ament_cmake_export_include_directories-extras.cmake
[2.814s] -- Up-to-date: /home/notthecoolkid/mrtx/mrt_ws/install/aruco_interfaces/share/aruco_interfaces/cmake/ament_cmake_export_libraries-extras.cmake
[2.814s] -- Up-to-date: /home/notthecoolkid/mrtx/mrt_ws/install/aruco_interfaces/share/aruco_interfaces/cmake/ament_cmake_export_targets-extras.cmake
[2.814s] -- Up-to-date: /home/notthecoolkid/mrtx/mrt_ws/install/aruco_interfaces/share/aruco_interfaces/cmake/rosidl_cmake_export_typesupport_targets-extras.cmake
[2.814s] -- Up-to-date: /home/notthecoolkid/mrtx/mrt_ws/install/aruco_interfaces/share/aruco_interfaces/cmake/rosidl_cmake_export_typesupport_libraries-extras.cmake
[2.814s] -- Up-to-date: /home/notthecoolkid/mrtx/mrt_ws/install/aruco_interfaces/share/aruco_interfaces/cmake/aruco_interfacesConfig.cmake
[2.814s] -- Up-to-date: /home/notthecoolkid/mrtx/mrt_ws/install/aruco_interfaces/share/aruco_interfaces/cmake/aruco_interfacesConfig-version.cmake
[2.814s] -- Installing: /home/notthecoolkid/mrtx/mrt_ws/install/aruco_interfaces/share/aruco_interfaces/package.xml
[2.815s] Invoked command in '/home/notthecoolkid/mrtx/mrt_ws/build/aruco_interfaces' returned '0': CMAKE_PREFIX_PATH=${CMAKE_PREFIX_PATH}:/home/notthecoolkid/mrtx/mrt_ws/install/week1_tutorials:/home/notthecoolkid/mrtx/mrt_ws/install/week0_tutorials:/home/notthecoolkid/mrtx/mrt_ws/install/sauron:/home/notthecoolkid/mrtx/mrt_ws/install/aruco_server:/home/notthecoolkid/mrt_ws/install/week0_tutorials:/home/notthecoolkid/mrt_ws/install/sauron:/opt/ros/humble /usr/bin/cmake --install /home/notthecoolkid/mrtx/mrt_ws/build/aruco_interfaces
