[0.522s] Invoking command in '/home/notthecoolkid/mrt_ws/src/week0_tutorials': PYTHONPATH=/home/notthecoolkid/mrt_ws/build/week0_tutorials/prefix_override:/usr/lib/python3/dist-packages/colcon_core/task/python/colcon_distutils_commands:/home/notthecoolkid/mrt_ws/install/week0_tutorials/lib/python3.10/site-packages:${PYTHONPATH} /usr/bin/python3 -W ignore:setup.py install is deprecated setup.py egg_info --egg-base ../../build/week0_tutorials build --build-base /home/notthecoolkid/mrt_ws/build/week0_tutorials/build install --record /home/notthecoolkid/mrt_ws/build/week0_tutorials/install.log --single-version-externally-managed install_data
[0.663s] running egg_info
[0.663s] writing ../../build/week0_tutorials/week0_tutorials.egg-info/PKG-INFO
[0.663s] writing dependency_links to ../../build/week0_tutorials/week0_tutorials.egg-info/dependency_links.txt
[0.664s] writing entry points to ../../build/week0_tutorials/week0_tutorials.egg-info/entry_points.txt
[0.664s] writing requirements to ../../build/week0_tutorials/week0_tutorials.egg-info/requires.txt
[0.664s] writing top-level names to ../../build/week0_tutorials/week0_tutorials.egg-info/top_level.txt
[0.665s] reading manifest file '../../build/week0_tutorials/week0_tutorials.egg-info/SOURCES.txt'
[0.665s] writing manifest file '../../build/week0_tutorials/week0_tutorials.egg-info/SOURCES.txt'
[0.665s] running build
[0.665s] running build_py
[0.665s] running install
[0.666s] running install_lib
[0.666s] running install_data
[0.666s] running install_egg_info
[0.667s] removing '/home/notthecoolkid/mrt_ws/install/week0_tutorials/lib/python3.10/site-packages/week0_tutorials-0.0.0-py3.10.egg-info' (and everything under it)
[0.667s] Copying ../../build/week0_tutorials/week0_tutorials.egg-info to /home/notthecoolkid/mrt_ws/install/week0_tutorials/lib/python3.10/site-packages/week0_tutorials-0.0.0-py3.10.egg-info
[0.668s] running install_scripts
[0.681s] Installing publisher script to /home/notthecoolkid/mrt_ws/install/week0_tutorials/lib/week0_tutorials
[0.681s] Installing subscriber script to /home/notthecoolkid/mrt_ws/install/week0_tutorials/lib/week0_tutorials
[0.681s] writing list of installed files to '/home/notthecoolkid/mrt_ws/build/week0_tutorials/install.log'
[0.697s] Invoked command in '/home/notthecoolkid/mrt_ws/src/week0_tutorials' returned '0': PYTHONPATH=/home/notthecoolkid/mrt_ws/build/week0_tutorials/prefix_override:/usr/lib/python3/dist-packages/colcon_core/task/python/colcon_distutils_commands:/home/notthecoolkid/mrt_ws/install/week0_tutorials/lib/python3.10/site-packages:${PYTHONPATH} /usr/bin/python3 -W ignore:setup.py install is deprecated setup.py egg_info --egg-base ../../build/week0_tutorials build --build-base /home/notthecoolkid/mrt_ws/build/week0_tutorials/build install --record /home/notthecoolkid/mrt_ws/build/week0_tutorials/install.log --single-version-externally-managed install_data
