running egg_info
creating ../../build/aruco_server/aruco_server.egg-info
writing ../../build/aruco_server/aruco_server.egg-info/PKG-INFO
writing dependency_links to ../../build/aruco_server/aruco_server.egg-info/dependency_links.txt
writing entry points to ../../build/aruco_server/aruco_server.egg-info/entry_points.txt
writing requirements to ../../build/aruco_server/aruco_server.egg-info/requires.txt
writing top-level names to ../../build/aruco_server/aruco_server.egg-info/top_level.txt
writing manifest file '../../build/aruco_server/aruco_server.egg-info/SOURCES.txt'
reading manifest file '../../build/aruco_server/aruco_server.egg-info/SOURCES.txt'
writing manifest file '../../build/aruco_server/aruco_server.egg-info/SOURCES.txt'
running build
running build_py
creating /home/notthecoolkid/mrtx/mrt_ws/build/aruco_server/build
creating /home/notthecoolkid/mrtx/mrt_ws/build/aruco_server/build/lib
creating /home/notthecoolkid/mrtx/mrt_ws/build/aruco_server/build/lib/aruco_server
copying aruco_server/__init__.py -> /home/notthecoolkid/mrtx/mrt_ws/build/aruco_server/build/lib/aruco_server
copying aruco_server/aruco_client.py -> /home/notthecoolkid/mrtx/mrt_ws/build/aruco_server/build/lib/aruco_server
copying aruco_server/aruco_service.py -> /home/notthecoolkid/mrtx/mrt_ws/build/aruco_server/build/lib/aruco_server
running install
running install_lib
creating /home/notthecoolkid/mrtx/mrt_ws/install/aruco_server/lib/python3.10/site-packages/aruco_server
copying /home/notthecoolkid/mrtx/mrt_ws/build/aruco_server/build/lib/aruco_server/__init__.py -> /home/notthecoolkid/mrtx/mrt_ws/install/aruco_server/lib/python3.10/site-packages/aruco_server
copying /home/notthecoolkid/mrtx/mrt_ws/build/aruco_server/build/lib/aruco_server/aruco_client.py -> /home/notthecoolkid/mrtx/mrt_ws/install/aruco_server/lib/python3.10/site-packages/aruco_server
copying /home/notthecoolkid/mrtx/mrt_ws/build/aruco_server/build/lib/aruco_server/aruco_service.py -> /home/notthecoolkid/mrtx/mrt_ws/install/aruco_server/lib/python3.10/site-packages/aruco_server
byte-compiling /home/notthecoolkid/mrtx/mrt_ws/install/aruco_server/lib/python3.10/site-packages/aruco_server/__init__.py to __init__.cpython-310.pyc
byte-compiling /home/notthecoolkid/mrtx/mrt_ws/install/aruco_server/lib/python3.10/site-packages/aruco_server/aruco_client.py to aruco_client.cpython-310.pyc
byte-compiling /home/notthecoolkid/mrtx/mrt_ws/install/aruco_server/lib/python3.10/site-packages/aruco_server/aruco_service.py to aruco_service.cpython-310.pyc
running install_data
creating /home/notthecoolkid/mrtx/mrt_ws/install/aruco_server/share/ament_index
creating /home/notthecoolkid/mrtx/mrt_ws/install/aruco_server/share/ament_index/resource_index
creating /home/notthecoolkid/mrtx/mrt_ws/install/aruco_server/share/ament_index/resource_index/packages
copying resource/aruco_server -> /home/notthecoolkid/mrtx/mrt_ws/install/aruco_server/share/ament_index/resource_index/packages
copying package.xml -> /home/notthecoolkid/mrtx/mrt_ws/install/aruco_server/share/aruco_server
running install_egg_info
Copying ../../build/aruco_server/aruco_server.egg-info to /home/notthecoolkid/mrtx/mrt_ws/install/aruco_server/lib/python3.10/site-packages/aruco_server-0.0.0-py3.10.egg-info
running install_scripts
Installing client script to /home/notthecoolkid/mrtx/mrt_ws/install/aruco_server/lib/aruco_server
Installing service script to /home/notthecoolkid/mrtx/mrt_ws/install/aruco_server/lib/aruco_server
writing list of installed files to '/home/notthecoolkid/mrtx/mrt_ws/build/aruco_server/install.log'
