[0.359s] Invoking command in '/home/notthecoolkid/mrtx/mrt_ws/src/aruco_server': PYTHONPATH=/home/notthecoolkid/mrtx/mrt_ws/build/aruco_server/prefix_override:/usr/lib/python3/dist-packages/colcon_core/task/python/colcon_distutils_commands:/home/notthecoolkid/mrtx/mrt_ws/install/aruco_server/lib/python3.10/site-packages:${PYTHONPATH} /usr/bin/python3 -W ignore:setup.py install is deprecated setup.py egg_info --egg-base ../../build/aruco_server build --build-base /home/notthecoolkid/mrtx/mrt_ws/build/aruco_server/build install --record /home/notthecoolkid/mrtx/mrt_ws/build/aruco_server/install.log --single-version-externally-managed install_data
[0.501s] running egg_info
[0.501s] writing ../../build/aruco_server/aruco_server.egg-info/PKG-INFO
[0.502s] writing dependency_links to ../../build/aruco_server/aruco_server.egg-info/dependency_links.txt
[0.502s] writing entry points to ../../build/aruco_server/aruco_server.egg-info/entry_points.txt
[0.502s] writing requirements to ../../build/aruco_server/aruco_server.egg-info/requires.txt
[0.502s] writing top-level names to ../../build/aruco_server/aruco_server.egg-info/top_level.txt
[0.503s] reading manifest file '../../build/aruco_server/aruco_server.egg-info/SOURCES.txt'
[0.503s] writing manifest file '../../build/aruco_server/aruco_server.egg-info/SOURCES.txt'
[0.503s] running build
[0.503s] running build_py
[0.503s] copying aruco_server/aruco_service.py -> /home/notthecoolkid/mrtx/mrt_ws/build/aruco_server/build/lib/aruco_server
[0.504s] running install
[0.504s] running install_lib
[0.504s] copying /home/notthecoolkid/mrtx/mrt_ws/build/aruco_server/build/lib/aruco_server/aruco_service.py -> /home/notthecoolkid/mrtx/mrt_ws/install/aruco_server/lib/python3.10/site-packages/aruco_server
[0.505s] byte-compiling /home/notthecoolkid/mrtx/mrt_ws/install/aruco_server/lib/python3.10/site-packages/aruco_server/aruco_service.py to aruco_service.cpython-310.pyc
[0.505s] running install_data
[0.505s] running install_egg_info
[0.506s] removing '/home/notthecoolkid/mrtx/mrt_ws/install/aruco_server/lib/python3.10/site-packages/aruco_server-0.0.0-py3.10.egg-info' (and everything under it)
[0.506s] Copying ../../build/aruco_server/aruco_server.egg-info to /home/notthecoolkid/mrtx/mrt_ws/install/aruco_server/lib/python3.10/site-packages/aruco_server-0.0.0-py3.10.egg-info
[0.506s] running install_scripts
[0.520s] Installing client script to /home/notthecoolkid/mrtx/mrt_ws/install/aruco_server/lib/aruco_server
[0.520s] Installing service script to /home/notthecoolkid/mrtx/mrt_ws/install/aruco_server/lib/aruco_server
[0.520s] writing list of installed files to '/home/notthecoolkid/mrtx/mrt_ws/build/aruco_server/install.log'
[0.534s] Invoked command in '/home/notthecoolkid/mrtx/mrt_ws/src/aruco_server' returned '0': PYTHONPATH=/home/notthecoolkid/mrtx/mrt_ws/build/aruco_server/prefix_override:/usr/lib/python3/dist-packages/colcon_core/task/python/colcon_distutils_commands:/home/notthecoolkid/mrtx/mrt_ws/install/aruco_server/lib/python3.10/site-packages:${PYTHONPATH} /usr/bin/python3 -W ignore:setup.py install is deprecated setup.py egg_info --egg-base ../../build/aruco_server build --build-base /home/notthecoolkid/mrtx/mrt_ws/build/aruco_server/build install --record /home/notthecoolkid/mrtx/mrt_ws/build/aruco_server/install.log --single-version-externally-managed install_data
