[0.010s] Invoking command in '/home/notthecoolkid/mrtx/mrt_ws/build/aruco_interfaces': CMAKE_PREFIX_PATH=${CMAKE_PREFIX_PATH}:/home/notthecoolkid/mrtx/mrt_ws/install/week1_tutorials:/home/notthecoolkid/mrtx/mrt_ws/install/week0_tutorials:/home/notthecoolkid/mrtx/mrt_ws/install/sauron:/home/notthecoolkid/mrtx/mrt_ws/install/aruco_server:/home/notthecoolkid/mrt_ws/install/week0_tutorials:/home/notthecoolkid/mrt_ws/install/sauron:/opt/ros/humble /usr/bin/cmake --build /home/notthecoolkid/mrtx/mrt_ws/build/aruco_interfaces -- -j20 -l20
[0.026s] -- Found ament_cmake: 1.3.10 (/opt/ros/humble/share/ament_cmake/cmake)
[0.117s] -- Found sensor_msgs: 4.2.4 (/opt/ros/humble/share/sensor_msgs/cmake)
[0.132s] -- Found rosidl_generator_c: 3.1.5 (/opt/ros/humble/share/rosidl_generator_c/cmake)
[0.134s] -- Found rosidl_adapter: 3.1.5 (/opt/ros/humble/share/rosidl_adapter/cmake)
[0.137s] -- Found rosidl_generator_cpp: 3.1.5 (/opt/ros/humble/share/rosidl_generator_cpp/cmake)
[0.144s] -- Using all available rosidl_typesupport_c: rosidl_typesupport_fastrtps_c;rosidl_typesupport_introspection_c
[0.152s] -- Using all available rosidl_typesupport_cpp: rosidl_typesupport_fastrtps_cpp;rosidl_typesupport_introspection_cpp
[0.186s] -- Found rosidl_default_generators: 1.2.0 (/opt/ros/humble/share/rosidl_default_generators/cmake)
[0.400s] -- Found ament_cmake_cppcheck: 0.12.11 (/opt/ros/humble/share/ament_cmake_cppcheck/cmake)
[0.400s] -- Found ament_cmake_cpplint: 0.12.11 (/opt/ros/humble/share/ament_cmake_cpplint/cmake)
[0.401s] -- Found ament_cmake_uncrustify: 0.12.11 (/opt/ros/humble/share/ament_cmake_uncrustify/cmake)
[0.401s] -- Found ament_cmake_ros: 0.10.0 (/opt/ros/humble/share/ament_cmake_ros/cmake)
[0.755s] -- Using all available rosidl_typesupport_c: rosidl_typesupport_fastrtps_c;rosidl_typesupport_introspection_c
[0.886s] -- Using all available rosidl_typesupport_cpp: rosidl_typesupport_fastrtps_cpp;rosidl_typesupport_introspection_cpp
[0.908s] -- Found python_cmake_module: 0.10.0 (/opt/ros/humble/share/python_cmake_module/cmake)
[0.924s] -- Using PYTHON_EXECUTABLE: /usr/bin/python3
[0.924s] -- Using PYTHON_INCLUDE_DIRS: /usr/include/python3.10
[0.924s] -- Using PYTHON_LIBRARIES: /usr/lib/x86_64-linux-gnu/libpython3.10.so
[0.957s] -- Found ament_cmake_flake8: 0.12.11 (/opt/ros/humble/share/ament_cmake_flake8/cmake)
[0.958s] -- Found ament_cmake_pep257: 0.12.11 (/opt/ros/humble/share/ament_cmake_pep257/cmake)
[0.959s] -- Found ament_lint_auto: 0.12.11 (/opt/ros/humble/share/ament_lint_auto/cmake)
[0.963s] -- Added test 'lint_cmake' to check CMake code style
[0.963s] -- Added test 'xmllint' to check XML markup files
[0.964s] -- Configuring done
[0.986s] -- Generating done
[0.987s] -- Build files have been written to: /home/notthecoolkid/mrtx/mrt_ws/build/aruco_interfaces
[1.007s] [  2%] [34m[1mGenerating C code for ROS interfaces[0m
[1.017s] [  5%] [34m[1mGenerating C++ code for ROS interfaces[0m
[1.026s] [  5%] Built target ament_cmake_python_copy_aruco_interfaces
[1.179s] running egg_info
[1.179s] writing aruco_interfaces.egg-info/PKG-INFO
[1.179s] writing dependency_links to aruco_interfaces.egg-info/dependency_links.txt
[1.180s] writing top-level names to aruco_interfaces.egg-info/top_level.txt
[1.181s] reading manifest file 'aruco_interfaces.egg-info/SOURCES.txt'
[1.181s] writing manifest file 'aruco_interfaces.egg-info/SOURCES.txt'
[1.201s] [  5%] Built target ament_cmake_python_build_aruco_interfaces_egg
[1.249s] [  5%] Built target aruco_interfaces__cpp
[1.251s] [35m[1mConsolidate compiler generated dependencies of target aruco_interfaces__rosidl_generator_c[0m
[1.258s] [  7%] [34m[1mGenerating C++ type support dispatch for ROS interfaces[0m
[1.258s] [ 10%] [34m[1mGenerating C++ type support for eProsima Fast-RTPS[0m
[1.260s] [ 12%] [32mBuilding C object CMakeFiles/aruco_interfaces__rosidl_generator_c.dir/rosidl_generator_c/aruco_interfaces/srv/detail/aruco_detect__functions.c.o[0m
[1.260s] [ 15%] [34m[1mGenerating C++ introspection for ROS interfaces[0m
[1.262s] [ 17%] [32mBuilding C object CMakeFiles/aruco_interfaces__rosidl_generator_c.dir/rosidl_generator_c/aruco_interfaces/msg/detail/aruco_image__functions.c.o[0m
[1.312s] [ 20%] [32m[1mLinking C shared library libaruco_interfaces__rosidl_generator_c.so[0m
[1.351s] [ 20%] Built target aruco_interfaces__rosidl_generator_c
[1.362s] [ 25%] [34m[1mGenerating C introspection for ROS interfaces[0m
[1.362s] [ 25%] [34m[1mGenerating C type support for eProsima Fast-RTPS[0m
[1.363s] [ 28%] [34m[1mGenerating C type support dispatch for ROS interfaces[0m
[1.455s] [35m[1mConsolidate compiler generated dependencies of target aruco_interfaces__rosidl_typesupport_cpp[0m
[1.465s] [ 30%] [32mBuilding CXX object CMakeFiles/aruco_interfaces__rosidl_typesupport_cpp.dir/rosidl_typesupport_cpp/aruco_interfaces/msg/aruco_image__type_support.cpp.o[0m
[1.468s] [ 33%] [32mBuilding CXX object CMakeFiles/aruco_interfaces__rosidl_typesupport_cpp.dir/rosidl_typesupport_cpp/aruco_interfaces/srv/aruco_detect__type_support.cpp.o[0m
[1.470s] [35m[1mConsolidate compiler generated dependencies of target aruco_interfaces__rosidl_typesupport_introspection_cpp[0m
[1.478s] [35m[1mConsolidate compiler generated dependencies of target aruco_interfaces__rosidl_typesupport_fastrtps_cpp[0m
[1.482s] [ 35%] [32mBuilding CXX object CMakeFiles/aruco_interfaces__rosidl_typesupport_introspection_cpp.dir/rosidl_typesupport_introspection_cpp/aruco_interfaces/msg/detail/aruco_image__type_support.cpp.o[0m
[1.483s] [ 38%] [32mBuilding CXX object CMakeFiles/aruco_interfaces__rosidl_typesupport_introspection_cpp.dir/rosidl_typesupport_introspection_cpp/aruco_interfaces/srv/detail/aruco_detect__type_support.cpp.o[0m
[1.492s] [ 43%] [32mBuilding CXX object CMakeFiles/aruco_interfaces__rosidl_typesupport_fastrtps_cpp.dir/rosidl_typesupport_fastrtps_cpp/aruco_interfaces/srv/detail/dds_fastrtps/aruco_detect__type_support.cpp.o[0m
[1.492s] [ 43%] [32mBuilding CXX object CMakeFiles/aruco_interfaces__rosidl_typesupport_fastrtps_cpp.dir/rosidl_typesupport_fastrtps_cpp/aruco_interfaces/msg/detail/dds_fastrtps/aruco_image__type_support.cpp.o[0m
[1.562s] [35m[1mConsolidate compiler generated dependencies of target aruco_interfaces__rosidl_typesupport_c[0m
[1.576s] [ 48%] [32mBuilding CXX object CMakeFiles/aruco_interfaces__rosidl_typesupport_c.dir/rosidl_typesupport_c/aruco_interfaces/msg/aruco_image__type_support.cpp.o[0m
[1.576s] [ 48%] [32mBuilding CXX object CMakeFiles/aruco_interfaces__rosidl_typesupport_c.dir/rosidl_typesupport_c/aruco_interfaces/srv/aruco_detect__type_support.cpp.o[0m
[1.582s] [35m[1mConsolidate compiler generated dependencies of target aruco_interfaces__rosidl_typesupport_introspection_c[0m
[1.592s] [ 51%] [32mBuilding C object CMakeFiles/aruco_interfaces__rosidl_typesupport_introspection_c.dir/rosidl_typesupport_introspection_c/aruco_interfaces/srv/detail/aruco_detect__type_support.c.o[0m
[1.595s] [ 53%] [32mBuilding C object CMakeFiles/aruco_interfaces__rosidl_typesupport_introspection_c.dir/rosidl_typesupport_introspection_c/aruco_interfaces/msg/detail/aruco_image__type_support.c.o[0m
[1.596s] [35m[1mConsolidate compiler generated dependencies of target aruco_interfaces__rosidl_typesupport_fastrtps_c[0m
[1.612s] [ 58%] [32mBuilding CXX object CMakeFiles/aruco_interfaces__rosidl_typesupport_fastrtps_c.dir/rosidl_typesupport_fastrtps_c/aruco_interfaces/srv/detail/aruco_detect__type_support_c.cpp.o[0m
[1.612s] [ 58%] [32mBuilding CXX object CMakeFiles/aruco_interfaces__rosidl_typesupport_fastrtps_c.dir/rosidl_typesupport_fastrtps_c/aruco_interfaces/msg/detail/aruco_image__type_support_c.cpp.o[0m
[1.613s] [ 61%] [32m[1mLinking CXX shared library libaruco_interfaces__rosidl_typesupport_c.so[0m
[1.624s] [ 64%] [32m[1mLinking C shared library libaruco_interfaces__rosidl_typesupport_introspection_c.so[0m
[1.637s] [ 66%] [32m[1mLinking CXX shared library libaruco_interfaces__rosidl_typesupport_cpp.so[0m
[1.650s] [ 66%] Built target aruco_interfaces__rosidl_typesupport_c
[1.655s] [ 66%] Built target aruco_interfaces__rosidl_typesupport_introspection_c
[1.675s] [ 66%] Built target aruco_interfaces__rosidl_typesupport_cpp
[1.823s] [ 69%] [32m[1mLinking CXX shared library libaruco_interfaces__rosidl_typesupport_fastrtps_cpp.so[0m
[1.852s] [ 71%] [32m[1mLinking CXX shared library libaruco_interfaces__rosidl_typesupport_fastrtps_c.so[0m
[1.881s] [ 71%] Built target aruco_interfaces__rosidl_typesupport_fastrtps_cpp
[1.907s] [ 71%] Built target aruco_interfaces__rosidl_typesupport_fastrtps_c
[1.910s] [ 74%] [32m[1mLinking CXX shared library libaruco_interfaces__rosidl_typesupport_introspection_cpp.so[0m
[1.977s] [ 74%] Built target aruco_interfaces__rosidl_typesupport_introspection_cpp
[1.995s] [ 74%] Built target aruco_interfaces
[2.019s] [ 76%] [34m[1mGenerating Python code for ROS interfaces[0m
[2.348s] [ 76%] Built target aruco_interfaces__py
[2.356s] [35m[1mConsolidate compiler generated dependencies of target aruco_interfaces__rosidl_generator_py[0m
[2.368s] [ 79%] [32mBuilding C object CMakeFiles/aruco_interfaces__rosidl_generator_py.dir/rosidl_generator_py/aruco_interfaces/srv/_aruco_detect_s.c.o[0m
[2.369s] [ 82%] [32mBuilding C object CMakeFiles/aruco_interfaces__rosidl_generator_py.dir/rosidl_generator_py/aruco_interfaces/msg/_aruco_image_s.c.o[0m
[2.452s] [ 84%] [32m[1mLinking C shared library rosidl_generator_py/aruco_interfaces/libaruco_interfaces__rosidl_generator_py.so[0m
[2.497s] [ 84%] Built target aruco_interfaces__rosidl_generator_py
[2.509s] [35m[1mConsolidate compiler generated dependencies of target aruco_interfaces__rosidl_typesupport_fastrtps_c__pyext[0m
[2.510s] [35m[1mConsolidate compiler generated dependencies of target aruco_interfaces__rosidl_typesupport_c__pyext[0m
[2.510s] [35m[1mConsolidate compiler generated dependencies of target aruco_interfaces__rosidl_typesupport_introspection_c__pyext[0m
[2.524s] [ 87%] [32mBuilding C object CMakeFiles/aruco_interfaces__rosidl_typesupport_fastrtps_c__pyext.dir/rosidl_generator_py/aruco_interfaces/_aruco_interfaces_s.ep.rosidl_typesupport_fastrtps_c.c.o[0m
[2.526s] [ 89%] [32mBuilding C object CMakeFiles/aruco_interfaces__rosidl_typesupport_c__pyext.dir/rosidl_generator_py/aruco_interfaces/_aruco_interfaces_s.ep.rosidl_typesupport_c.c.o[0m
[2.526s] [ 92%] [32mBuilding C object CMakeFiles/aruco_interfaces__rosidl_typesupport_introspection_c__pyext.dir/rosidl_generator_py/aruco_interfaces/_aruco_interfaces_s.ep.rosidl_typesupport_introspection_c.c.o[0m
[2.595s] [ 94%] [32m[1mLinking C shared library rosidl_generator_py/aruco_interfaces/aruco_interfaces_s__rosidl_typesupport_fastrtps_c.cpython-310-x86_64-linux-gnu.so[0m
[2.595s] [ 97%] [32m[1mLinking C shared library rosidl_generator_py/aruco_interfaces/aruco_interfaces_s__rosidl_typesupport_introspection_c.cpython-310-x86_64-linux-gnu.so[0m
[2.596s] [100%] [32m[1mLinking C shared library rosidl_generator_py/aruco_interfaces/aruco_interfaces_s__rosidl_typesupport_c.cpython-310-x86_64-linux-gnu.so[0m
[2.626s] [100%] Built target aruco_interfaces__rosidl_typesupport_fastrtps_c__pyext
[2.626s] [100%] Built target aruco_interfaces__rosidl_typesupport_introspection_c__pyext
[2.630s] [100%] Built target aruco_interfaces__rosidl_typesupport_c__pyext
[2.638s] Invoked command in '/home/notthecoolkid/mrtx/mrt_ws/build/aruco_interfaces' returned '0': CMAKE_PREFIX_PATH=${CMAKE_PREFIX_PATH}:/home/notthecoolkid/mrtx/mrt_ws/install/week1_tutorials:/home/notthecoolkid/mrtx/mrt_ws/install/week0_tutorials:/home/notthecoolkid/mrtx/mrt_ws/install/sauron:/home/notthecoolkid/mrtx/mrt_ws/install/aruco_server:/home/notthecoolkid/mrt_ws/install/week0_tutorials:/home/notthecoolkid/mrt_ws/install/sauron:/opt/ros/humble /usr/bin/cmake --build /home/notthecoolkid/mrtx/mrt_ws/build/aruco_interfaces -- -j20 -l20
[2.725s] Invoking command in '/home/notthecoolkid/mrtx/mrt_ws/build/aruco_interfaces': CMAKE_PREFIX_PATH=${CMAKE_PREFIX_PATH}:/home/notthecoolkid/mrtx/mrt_ws/install/week1_tutorials:/home/notthecoolkid/mrtx/mrt_ws/install/week0_tutorials:/home/notthecoolkid/mrtx/mrt_ws/install/sauron:/home/notthecoolkid/mrtx/mrt_ws/install/aruco_server:/home/notthecoolkid/mrt_ws/install/week0_tutorials:/home/notthecoolkid/mrt_ws/install/sauron:/opt/ros/humble /usr/bin/cmake --install /home/notthecoolkid/mrtx/mrt_ws/build/aruco_interfaces
[2.732s] -- Install configuration: ""
[2.732s] -- Up-to-date: /home/notthecoolkid/mrtx/mrt_ws/install/aruco_interfaces/share/ament_index/resource_index/rosidl_interfaces/aruco_interfaces
[2.732s] -- Up-to-date: /home/notthecoolkid/mrtx/mrt_ws/install/aruco_interfaces/include/aruco_interfaces/aruco_interfaces
[2.732s] -- Up-to-date: /home/notthecoolkid/mrtx/mrt_ws/install/aruco_interfaces/include/aruco_interfaces/aruco_interfaces/msg
[2.732s] -- Installing: /home/notthecoolkid/mrtx/mrt_ws/install/aruco_interfaces/include/aruco_interfaces/aruco_interfaces/msg/aruco_image.h
[2.732s] -- Up-to-date: /home/notthecoolkid/mrtx/mrt_ws/install/aruco_interfaces/include/aruco_interfaces/aruco_interfaces/msg/rosidl_generator_c__visibility_control.h
[2.732s] -- Up-to-date: /home/notthecoolkid/mrtx/mrt_ws/install/aruco_interfaces/include/aruco_interfaces/aruco_interfaces/msg/detail
[2.732s] -- Installing: /home/notthecoolkid/mrtx/mrt_ws/install/aruco_interfaces/include/aruco_interfaces/aruco_interfaces/msg/detail/aruco_image__functions.h
[2.732s] -- Installing: /home/notthecoolkid/mrtx/mrt_ws/install/aruco_interfaces/include/aruco_interfaces/aruco_interfaces/msg/detail/aruco_image__functions.c
[2.732s] -- Installing: /home/notthecoolkid/mrtx/mrt_ws/install/aruco_interfaces/include/aruco_interfaces/aruco_interfaces/msg/detail/aruco_image__struct.h
[2.732s] -- Installing: /home/notthecoolkid/mrtx/mrt_ws/install/aruco_interfaces/include/aruco_interfaces/aruco_interfaces/msg/detail/aruco_image__type_support.h
[2.732s] -- Up-to-date: /home/notthecoolkid/mrtx/mrt_ws/install/aruco_interfaces/include/aruco_interfaces/aruco_interfaces/srv
[2.732s] -- Up-to-date: /home/notthecoolkid/mrtx/mrt_ws/install/aruco_interfaces/include/aruco_interfaces/aruco_interfaces/srv/detail
[2.732s] -- Installing: /home/notthecoolkid/mrtx/mrt_ws/install/aruco_interfaces/include/aruco_interfaces/aruco_interfaces/srv/detail/aruco_detect__functions.h
[2.732s] -- Installing: /home/notthecoolkid/mrtx/mrt_ws/install/aruco_interfaces/include/aruco_interfaces/aruco_interfaces/srv/detail/aruco_detect__type_support.h
[2.732s] -- Installing: /home/notthecoolkid/mrtx/mrt_ws/install/aruco_interfaces/include/aruco_interfaces/aruco_interfaces/srv/detail/aruco_detect__struct.h
[2.732s] -- Installing: /home/notthecoolkid/mrtx/mrt_ws/install/aruco_interfaces/include/aruco_interfaces/aruco_interfaces/srv/detail/aruco_detect__functions.c
[2.733s] -- Installing: /home/notthecoolkid/mrtx/mrt_ws/install/aruco_interfaces/include/aruco_interfaces/aruco_interfaces/srv/aruco_detect.h
[2.733s] -- Up-to-date: /home/notthecoolkid/mrtx/mrt_ws/install/aruco_interfaces/share/aruco_interfaces/environment/library_path.sh
[2.733s] -- Installing: /home/notthecoolkid/mrtx/mrt_ws/install/aruco_interfaces/share/aruco_interfaces/environment/library_path.dsv
[2.733s] -- Installing: /home/notthecoolkid/mrtx/mrt_ws/install/aruco_interfaces/lib/libaruco_interfaces__rosidl_generator_c.so
[2.733s] -- Set runtime path of "/home/notthecoolkid/mrtx/mrt_ws/install/aruco_interfaces/lib/libaruco_interfaces__rosidl_generator_c.so" to ""
[2.733s] -- Up-to-date: /home/notthecoolkid/mrtx/mrt_ws/install/aruco_interfaces/include/aruco_interfaces/aruco_interfaces
[2.733s] -- Up-to-date: /home/notthecoolkid/mrtx/mrt_ws/install/aruco_interfaces/include/aruco_interfaces/aruco_interfaces/msg
[2.733s] -- Up-to-date: /home/notthecoolkid/mrtx/mrt_ws/install/aruco_interfaces/include/aruco_interfaces/aruco_interfaces/msg/rosidl_typesupport_fastrtps_c__visibility_control.h
[2.733s] -- Up-to-date: /home/notthecoolkid/mrtx/mrt_ws/install/aruco_interfaces/include/aruco_interfaces/aruco_interfaces/msg/detail
[2.733s] -- Installing: /home/notthecoolkid/mrtx/mrt_ws/install/aruco_interfaces/include/aruco_interfaces/aruco_interfaces/msg/detail/aruco_image__rosidl_typesupport_fastrtps_c.h
[2.733s] -- Up-to-date: /home/notthecoolkid/mrtx/mrt_ws/install/aruco_interfaces/include/aruco_interfaces/aruco_interfaces/srv
[2.733s] -- Up-to-date: /home/notthecoolkid/mrtx/mrt_ws/install/aruco_interfaces/include/aruco_interfaces/aruco_interfaces/srv/detail
[2.733s] -- Installing: /home/notthecoolkid/mrtx/mrt_ws/install/aruco_interfaces/include/aruco_interfaces/aruco_interfaces/srv/detail/aruco_detect__rosidl_typesupport_fastrtps_c.h
[2.733s] -- Installing: /home/notthecoolkid/mrtx/mrt_ws/install/aruco_interfaces/lib/libaruco_interfaces__rosidl_typesupport_fastrtps_c.so
[2.733s] -- Set runtime path of "/home/notthecoolkid/mrtx/mrt_ws/install/aruco_interfaces/lib/libaruco_interfaces__rosidl_typesupport_fastrtps_c.so" to ""
[2.733s] -- Up-to-date: /home/notthecoolkid/mrtx/mrt_ws/install/aruco_interfaces/include/aruco_interfaces/aruco_interfaces
[2.734s] -- Up-to-date: /home/notthecoolkid/mrtx/mrt_ws/install/aruco_interfaces/include/aruco_interfaces/aruco_interfaces/msg
[2.734s] -- Installing: /home/notthecoolkid/mrtx/mrt_ws/install/aruco_interfaces/include/aruco_interfaces/aruco_interfaces/msg/aruco_image.hpp
[2.734s] -- Up-to-date: /home/notthecoolkid/mrtx/mrt_ws/install/aruco_interfaces/include/aruco_interfaces/aruco_interfaces/msg/detail
[2.734s] -- Installing: /home/notthecoolkid/mrtx/mrt_ws/install/aruco_interfaces/include/aruco_interfaces/aruco_interfaces/msg/detail/aruco_image__struct.hpp
[2.734s] -- Installing: /home/notthecoolkid/mrtx/mrt_ws/install/aruco_interfaces/include/aruco_interfaces/aruco_interfaces/msg/detail/aruco_image__builder.hpp
[2.734s] -- Installing: /home/notthecoolkid/mrtx/mrt_ws/install/aruco_interfaces/include/aruco_interfaces/aruco_interfaces/msg/detail/aruco_image__traits.hpp
[2.734s] -- Up-to-date: /home/notthecoolkid/mrtx/mrt_ws/install/aruco_interfaces/include/aruco_interfaces/aruco_interfaces/srv
[2.734s] -- Up-to-date: /home/notthecoolkid/mrtx/mrt_ws/install/aruco_interfaces/include/aruco_interfaces/aruco_interfaces/srv/detail
[2.734s] -- Installing: /home/notthecoolkid/mrtx/mrt_ws/install/aruco_interfaces/include/aruco_interfaces/aruco_interfaces/srv/detail/aruco_detect__builder.hpp
[2.734s] -- Installing: /home/notthecoolkid/mrtx/mrt_ws/install/aruco_interfaces/include/aruco_interfaces/aruco_interfaces/srv/detail/aruco_detect__struct.hpp
[2.734s] -- Installing: /home/notthecoolkid/mrtx/mrt_ws/install/aruco_interfaces/include/aruco_interfaces/aruco_interfaces/srv/detail/aruco_detect__traits.hpp
[2.734s] -- Installing: /home/notthecoolkid/mrtx/mrt_ws/install/aruco_interfaces/include/aruco_interfaces/aruco_interfaces/srv/aruco_detect.hpp
[2.734s] -- Up-to-date: /home/notthecoolkid/mrtx/mrt_ws/install/aruco_interfaces/include/aruco_interfaces/aruco_interfaces
[2.734s] -- Up-to-date: /home/notthecoolkid/mrtx/mrt_ws/install/aruco_interfaces/include/aruco_interfaces/aruco_interfaces/msg
[2.734s] -- Up-to-date: /home/notthecoolkid/mrtx/mrt_ws/install/aruco_interfaces/include/aruco_interfaces/aruco_interfaces/msg/detail
[2.734s] -- Installing: /home/notthecoolkid/mrtx/mrt_ws/install/aruco_interfaces/include/aruco_interfaces/aruco_interfaces/msg/detail/aruco_image__rosidl_typesupport_fastrtps_cpp.hpp
[2.734s] -- Up-to-date: /home/notthecoolkid/mrtx/mrt_ws/install/aruco_interfaces/include/aruco_interfaces/aruco_interfaces/msg/detail/dds_fastrtps
[2.735s] -- Up-to-date: /home/notthecoolkid/mrtx/mrt_ws/install/aruco_interfaces/include/aruco_interfaces/aruco_interfaces/msg/rosidl_typesupport_fastrtps_cpp__visibility_control.h
[2.735s] -- Up-to-date: /home/notthecoolkid/mrtx/mrt_ws/install/aruco_interfaces/include/aruco_interfaces/aruco_interfaces/srv
[2.735s] -- Up-to-date: /home/notthecoolkid/mrtx/mrt_ws/install/aruco_interfaces/include/aruco_interfaces/aruco_interfaces/srv/detail
[2.735s] -- Up-to-date: /home/notthecoolkid/mrtx/mrt_ws/install/aruco_interfaces/include/aruco_interfaces/aruco_interfaces/srv/detail/dds_fastrtps
[2.735s] -- Installing: /home/notthecoolkid/mrtx/mrt_ws/install/aruco_interfaces/include/aruco_interfaces/aruco_interfaces/srv/detail/aruco_detect__rosidl_typesupport_fastrtps_cpp.hpp
[2.735s] -- Installing: /home/notthecoolkid/mrtx/mrt_ws/install/aruco_interfaces/lib/libaruco_interfaces__rosidl_typesupport_fastrtps_cpp.so
[2.735s] -- Set runtime path of "/home/notthecoolkid/mrtx/mrt_ws/install/aruco_interfaces/lib/libaruco_interfaces__rosidl_typesupport_fastrtps_cpp.so" to ""
[2.735s] -- Up-to-date: /home/notthecoolkid/mrtx/mrt_ws/install/aruco_interfaces/include/aruco_interfaces/aruco_interfaces
[2.735s] -- Up-to-date: /home/notthecoolkid/mrtx/mrt_ws/install/aruco_interfaces/include/aruco_interfaces/aruco_interfaces/msg
[2.735s] -- Up-to-date: /home/notthecoolkid/mrtx/mrt_ws/install/aruco_interfaces/include/aruco_interfaces/aruco_interfaces/msg/detail
[2.735s] -- Installing: /home/notthecoolkid/mrtx/mrt_ws/install/aruco_interfaces/include/aruco_interfaces/aruco_interfaces/msg/detail/aruco_image__rosidl_typesupport_introspection_c.h
[2.735s] -- Installing: /home/notthecoolkid/mrtx/mrt_ws/install/aruco_interfaces/include/aruco_interfaces/aruco_interfaces/msg/detail/aruco_image__type_support.c
[2.735s] -- Up-to-date: /home/notthecoolkid/mrtx/mrt_ws/install/aruco_interfaces/include/aruco_interfaces/aruco_interfaces/msg/rosidl_typesupport_introspection_c__visibility_control.h
[2.735s] -- Up-to-date: /home/notthecoolkid/mrtx/mrt_ws/install/aruco_interfaces/include/aruco_interfaces/aruco_interfaces/srv
[2.736s] -- Up-to-date: /home/notthecoolkid/mrtx/mrt_ws/install/aruco_interfaces/include/aruco_interfaces/aruco_interfaces/srv/detail
[2.736s] -- Installing: /home/notthecoolkid/mrtx/mrt_ws/install/aruco_interfaces/include/aruco_interfaces/aruco_interfaces/srv/detail/aruco_detect__type_support.c
[2.736s] -- Installing: /home/notthecoolkid/mrtx/mrt_ws/install/aruco_interfaces/include/aruco_interfaces/aruco_interfaces/srv/detail/aruco_detect__rosidl_typesupport_introspection_c.h
[2.736s] -- Installing: /home/notthecoolkid/mrtx/mrt_ws/install/aruco_interfaces/lib/libaruco_interfaces__rosidl_typesupport_introspection_c.so
[2.736s] -- Set runtime path of "/home/notthecoolkid/mrtx/mrt_ws/install/aruco_interfaces/lib/libaruco_interfaces__rosidl_typesupport_introspection_c.so" to ""
[2.736s] -- Installing: /home/notthecoolkid/mrtx/mrt_ws/install/aruco_interfaces/lib/libaruco_interfaces__rosidl_typesupport_c.so
[2.736s] -- Set runtime path of "/home/notthecoolkid/mrtx/mrt_ws/install/aruco_interfaces/lib/libaruco_interfaces__rosidl_typesupport_c.so" to ""
[2.736s] -- Up-to-date: /home/notthecoolkid/mrtx/mrt_ws/install/aruco_interfaces/include/aruco_interfaces/aruco_interfaces
[2.736s] -- Up-to-date: /home/notthecoolkid/mrtx/mrt_ws/install/aruco_interfaces/include/aruco_interfaces/aruco_interfaces/msg
[2.736s] -- Up-to-date: /home/notthecoolkid/mrtx/mrt_ws/install/aruco_interfaces/include/aruco_interfaces/aruco_interfaces/msg/detail
[2.736s] -- Installing: /home/notthecoolkid/mrtx/mrt_ws/install/aruco_interfaces/include/aruco_interfaces/aruco_interfaces/msg/detail/aruco_image__type_support.cpp
[2.736s] -- Installing: /home/notthecoolkid/mrtx/mrt_ws/install/aruco_interfaces/include/aruco_interfaces/aruco_interfaces/msg/detail/aruco_image__rosidl_typesupport_introspection_cpp.hpp
[2.737s] -- Up-to-date: /home/notthecoolkid/mrtx/mrt_ws/install/aruco_interfaces/include/aruco_interfaces/aruco_interfaces/srv
[2.737s] -- Up-to-date: /home/notthecoolkid/mrtx/mrt_ws/install/aruco_interfaces/include/aruco_interfaces/aruco_interfaces/srv/detail
[2.737s] -- Installing: /home/notthecoolkid/mrtx/mrt_ws/install/aruco_interfaces/include/aruco_interfaces/aruco_interfaces/srv/detail/aruco_detect__type_support.cpp
[2.737s] -- Installing: /home/notthecoolkid/mrtx/mrt_ws/install/aruco_interfaces/include/aruco_interfaces/aruco_interfaces/srv/detail/aruco_detect__rosidl_typesupport_introspection_cpp.hpp
[2.737s] -- Installing: /home/notthecoolkid/mrtx/mrt_ws/install/aruco_interfaces/lib/libaruco_interfaces__rosidl_typesupport_introspection_cpp.so
[2.737s] -- Set runtime path of "/home/notthecoolkid/mrtx/mrt_ws/install/aruco_interfaces/lib/libaruco_interfaces__rosidl_typesupport_introspection_cpp.so" to ""
[2.737s] -- Installing: /home/notthecoolkid/mrtx/mrt_ws/install/aruco_interfaces/lib/libaruco_interfaces__rosidl_typesupport_cpp.so
[2.737s] -- Set runtime path of "/home/notthecoolkid/mrtx/mrt_ws/install/aruco_interfaces/lib/libaruco_interfaces__rosidl_typesupport_cpp.so" to ""
[2.737s] -- Up-to-date: /home/notthecoolkid/mrtx/mrt_ws/install/aruco_interfaces/share/aruco_interfaces/environment/pythonpath.sh
[2.738s] -- Installing: /home/notthecoolkid/mrtx/mrt_ws/install/aruco_interfaces/share/aruco_interfaces/environment/pythonpath.dsv
[2.738s] -- Up-to-date: /home/notthecoolkid/mrtx/mrt_ws/install/aruco_interfaces/local/lib/python3.10/dist-packages/aruco_interfaces-0.0.0-py3.10.egg-info
[2.738s] -- Installing: /home/notthecoolkid/mrtx/mrt_ws/install/aruco_interfaces/local/lib/python3.10/dist-packages/aruco_interfaces-0.0.0-py3.10.egg-info/top_level.txt
[2.738s] -- Installing: /home/notthecoolkid/mrtx/mrt_ws/install/aruco_interfaces/local/lib/python3.10/dist-packages/aruco_interfaces-0.0.0-py3.10.egg-info/dependency_links.txt
[2.738s] -- Installing: /home/notthecoolkid/mrtx/mrt_ws/install/aruco_interfaces/local/lib/python3.10/dist-packages/aruco_interfaces-0.0.0-py3.10.egg-info/PKG-INFO
[2.738s] -- Installing: /home/notthecoolkid/mrtx/mrt_ws/install/aruco_interfaces/local/lib/python3.10/dist-packages/aruco_interfaces-0.0.0-py3.10.egg-info/SOURCES.txt
[2.738s] -- Up-to-date: /home/notthecoolkid/mrtx/mrt_ws/install/aruco_interfaces/local/lib/python3.10/dist-packages/aruco_interfaces
[2.738s] -- Installing: /home/notthecoolkid/mrtx/mrt_ws/install/aruco_interfaces/local/lib/python3.10/dist-packages/aruco_interfaces/_aruco_interfaces_s.ep.rosidl_typesupport_c.c
[2.738s] -- Installing: /home/notthecoolkid/mrtx/mrt_ws/install/aruco_interfaces/local/lib/python3.10/dist-packages/aruco_interfaces/aruco_interfaces_s__rosidl_typesupport_fastrtps_c.cpython-310-x86_64-linux-gnu.so
[2.738s] -- Up-to-date: /home/notthecoolkid/mrtx/mrt_ws/install/aruco_interfaces/local/lib/python3.10/dist-packages/aruco_interfaces/msg
[2.738s] -- Installing: /home/notthecoolkid/mrtx/mrt_ws/install/aruco_interfaces/local/lib/python3.10/dist-packages/aruco_interfaces/msg/_aruco_image.py
[2.738s] -- Installing: /home/notthecoolkid/mrtx/mrt_ws/install/aruco_interfaces/local/lib/python3.10/dist-packages/aruco_interfaces/msg/__init__.py
[2.738s] -- Installing: /home/notthecoolkid/mrtx/mrt_ws/install/aruco_interfaces/local/lib/python3.10/dist-packages/aruco_interfaces/msg/_aruco_image_s.c
[2.739s] -- Installing: /home/notthecoolkid/mrtx/mrt_ws/install/aruco_interfaces/local/lib/python3.10/dist-packages/aruco_interfaces/_aruco_interfaces_s.ep.rosidl_typesupport_fastrtps_c.c
[2.739s] -- Installing: /home/notthecoolkid/mrtx/mrt_ws/install/aruco_interfaces/local/lib/python3.10/dist-packages/aruco_interfaces/__init__.py
[2.739s] -- Installing: /home/notthecoolkid/mrtx/mrt_ws/install/aruco_interfaces/local/lib/python3.10/dist-packages/aruco_interfaces/_aruco_interfaces_s.ep.rosidl_typesupport_introspection_c.c
[2.739s] -- Installing: /home/notthecoolkid/mrtx/mrt_ws/install/aruco_interfaces/local/lib/python3.10/dist-packages/aruco_interfaces/aruco_interfaces_s__rosidl_typesupport_c.cpython-310-x86_64-linux-gnu.so
[2.739s] -- Installing: /home/notthecoolkid/mrtx/mrt_ws/install/aruco_interfaces/local/lib/python3.10/dist-packages/aruco_interfaces/libaruco_interfaces__rosidl_generator_py.so
[2.739s] -- Up-to-date: /home/notthecoolkid/mrtx/mrt_ws/install/aruco_interfaces/local/lib/python3.10/dist-packages/aruco_interfaces/srv
[2.739s] -- Installing: /home/notthecoolkid/mrtx/mrt_ws/install/aruco_interfaces/local/lib/python3.10/dist-packages/aruco_interfaces/srv/_aruco_detect.py
[2.739s] -- Installing: /home/notthecoolkid/mrtx/mrt_ws/install/aruco_interfaces/local/lib/python3.10/dist-packages/aruco_interfaces/srv/__init__.py
[2.739s] -- Installing: /home/notthecoolkid/mrtx/mrt_ws/install/aruco_interfaces/local/lib/python3.10/dist-packages/aruco_interfaces/srv/_aruco_detect_s.c
[2.739s] -- Installing: /home/notthecoolkid/mrtx/mrt_ws/install/aruco_interfaces/local/lib/python3.10/dist-packages/aruco_interfaces/aruco_interfaces_s__rosidl_typesupport_introspection_c.cpython-310-x86_64-linux-gnu.so
[2.774s] Listing '/home/notthecoolkid/mrtx/mrt_ws/install/aruco_interfaces/local/lib/python3.10/dist-packages/aruco_interfaces'...
[2.774s] Compiling '/home/notthecoolkid/mrtx/mrt_ws/install/aruco_interfaces/local/lib/python3.10/dist-packages/aruco_interfaces/__init__.py'...
[2.774s] Listing '/home/notthecoolkid/mrtx/mrt_ws/install/aruco_interfaces/local/lib/python3.10/dist-packages/aruco_interfaces/msg'...
[2.774s] Compiling '/home/notthecoolkid/mrtx/mrt_ws/install/aruco_interfaces/local/lib/python3.10/dist-packages/aruco_interfaces/msg/__init__.py'...
[2.774s] Compiling '/home/notthecoolkid/mrtx/mrt_ws/install/aruco_interfaces/local/lib/python3.10/dist-packages/aruco_interfaces/msg/_aruco_image.py'...
[2.774s] Listing '/home/notthecoolkid/mrtx/mrt_ws/install/aruco_interfaces/local/lib/python3.10/dist-packages/aruco_interfaces/srv'...
[2.774s] Compiling '/home/notthecoolkid/mrtx/mrt_ws/install/aruco_interfaces/local/lib/python3.10/dist-packages/aruco_interfaces/srv/__init__.py'...
[2.775s] Compiling '/home/notthecoolkid/mrtx/mrt_ws/install/aruco_interfaces/local/lib/python3.10/dist-packages/aruco_interfaces/srv/_aruco_detect.py'...
[2.777s] -- Installing: /home/notthecoolkid/mrtx/mrt_ws/install/aruco_interfaces/local/lib/python3.10/dist-packages/aruco_interfaces/aruco_interfaces_s__rosidl_typesupport_fastrtps_c.cpython-310-x86_64-linux-gnu.so
[2.777s] -- Set runtime path of "/home/notthecoolkid/mrtx/mrt_ws/install/aruco_interfaces/local/lib/python3.10/dist-packages/aruco_interfaces/aruco_interfaces_s__rosidl_typesupport_fastrtps_c.cpython-310-x86_64-linux-gnu.so" to ""
[2.777s] -- Installing: /home/notthecoolkid/mrtx/mrt_ws/install/aruco_interfaces/local/lib/python3.10/dist-packages/aruco_interfaces/aruco_interfaces_s__rosidl_typesupport_introspection_c.cpython-310-x86_64-linux-gnu.so
[2.778s] -- Set runtime path of "/home/notthecoolkid/mrtx/mrt_ws/install/aruco_interfaces/local/lib/python3.10/dist-packages/aruco_interfaces/aruco_interfaces_s__rosidl_typesupport_introspection_c.cpython-310-x86_64-linux-gnu.so" to ""
[2.778s] -- Installing: /home/notthecoolkid/mrtx/mrt_ws/install/aruco_interfaces/local/lib/python3.10/dist-packages/aruco_interfaces/aruco_interfaces_s__rosidl_typesupport_c.cpython-310-x86_64-linux-gnu.so
[2.778s] -- Set runtime path of "/home/notthecoolkid/mrtx/mrt_ws/install/aruco_interfaces/local/lib/python3.10/dist-packages/aruco_interfaces/aruco_interfaces_s__rosidl_typesupport_c.cpython-310-x86_64-linux-gnu.so" to ""
[2.778s] -- Installing: /home/notthecoolkid/mrtx/mrt_ws/install/aruco_interfaces/lib/libaruco_interfaces__rosidl_generator_py.so
[2.778s] -- Set runtime path of "/home/notthecoolkid/mrtx/mrt_ws/install/aruco_interfaces/lib/libaruco_interfaces__rosidl_generator_py.so" to ""
[2.778s] -- Installing: /home/notthecoolkid/mrtx/mrt_ws/install/aruco_interfaces/share/aruco_interfaces/srv/ArucoDetect.idl
[2.778s] -- Up-to-date: /home/notthecoolkid/mrtx/mrt_ws/install/aruco_interfaces/share/aruco_interfaces/msg/ArucoImage.idl
[2.778s] -- Installing: /home/notthecoolkid/mrtx/mrt_ws/install/aruco_interfaces/share/aruco_interfaces/srv/ArucoDetect.srv
[2.778s] -- Up-to-date: /home/notthecoolkid/mrtx/mrt_ws/install/aruco_interfaces/share/aruco_interfaces/srv/ArucoDetect_Request.msg
[2.779s] -- Installing: /home/notthecoolkid/mrtx/mrt_ws/install/aruco_interfaces/share/aruco_interfaces/srv/ArucoDetect_Response.msg
[2.779s] -- Up-to-date: /home/notthecoolkid/mrtx/mrt_ws/install/aruco_interfaces/share/aruco_interfaces/msg/ArucoImage.msg
[2.779s] -- Up-to-date: /home/notthecoolkid/mrtx/mrt_ws/install/aruco_interfaces/share/ament_index/resource_index/package_run_dependencies/aruco_interfaces
[2.779s] -- Up-to-date: /home/notthecoolkid/mrtx/mrt_ws/install/aruco_interfaces/share/ament_index/resource_index/parent_prefix_path/aruco_interfaces
[2.779s] -- Up-to-date: /home/notthecoolkid/mrtx/mrt_ws/install/aruco_interfaces/share/aruco_interfaces/environment/ament_prefix_path.sh
[2.779s] -- Installing: /home/notthecoolkid/mrtx/mrt_ws/install/aruco_interfaces/share/aruco_interfaces/environment/ament_prefix_path.dsv
[2.779s] -- Up-to-date: /home/notthecoolkid/mrtx/mrt_ws/install/aruco_interfaces/share/aruco_interfaces/environment/path.sh
[2.779s] -- Installing: /home/notthecoolkid/mrtx/mrt_ws/install/aruco_interfaces/share/aruco_interfaces/environment/path.dsv
[2.779s] -- Up-to-date: /home/notthecoolkid/mrtx/mrt_ws/install/aruco_interfaces/share/aruco_interfaces/local_setup.bash
[2.779s] -- Up-to-date: /home/notthecoolkid/mrtx/mrt_ws/install/aruco_interfaces/share/aruco_interfaces/local_setup.sh
[2.779s] -- Up-to-date: /home/notthecoolkid/mrtx/mrt_ws/install/aruco_interfaces/share/aruco_interfaces/local_setup.zsh
[2.779s] -- Installing: /home/notthecoolkid/mrtx/mrt_ws/install/aruco_interfaces/share/aruco_interfaces/local_setup.dsv
[2.779s] -- Installing: /home/notthecoolkid/mrtx/mrt_ws/install/aruco_interfaces/share/aruco_interfaces/package.dsv
[2.779s] -- Up-to-date: /home/notthecoolkid/mrtx/mrt_ws/install/aruco_interfaces/share/ament_index/resource_index/packages/aruco_interfaces
[2.780s] -- Up-to-date: /home/notthecoolkid/mrtx/mrt_ws/install/aruco_interfaces/share/aruco_interfaces/cmake/export_aruco_interfaces__rosidl_generator_cExport.cmake
[2.780s] -- Up-to-date: /home/notthecoolkid/mrtx/mrt_ws/install/aruco_interfaces/share/aruco_interfaces/cmake/export_aruco_interfaces__rosidl_generator_cExport-noconfig.cmake
[2.780s] -- Up-to-date: /home/notthecoolkid/mrtx/mrt_ws/install/aruco_interfaces/share/aruco_interfaces/cmake/export_aruco_interfaces__rosidl_typesupport_fastrtps_cExport.cmake
[2.780s] -- Up-to-date: /home/notthecoolkid/mrtx/mrt_ws/install/aruco_interfaces/share/aruco_interfaces/cmake/export_aruco_interfaces__rosidl_typesupport_fastrtps_cExport-noconfig.cmake
[2.780s] -- Up-to-date: /home/notthecoolkid/mrtx/mrt_ws/install/aruco_interfaces/share/aruco_interfaces/cmake/export_aruco_interfaces__rosidl_generator_cppExport.cmake
[2.780s] -- Up-to-date: /home/notthecoolkid/mrtx/mrt_ws/install/aruco_interfaces/share/aruco_interfaces/cmake/export_aruco_interfaces__rosidl_typesupport_fastrtps_cppExport.cmake
[2.780s] -- Up-to-date: /home/notthecoolkid/mrtx/mrt_ws/install/aruco_interfaces/share/aruco_interfaces/cmake/export_aruco_interfaces__rosidl_typesupport_fastrtps_cppExport-noconfig.cmake
[2.780s] -- Up-to-date: /home/notthecoolkid/mrtx/mrt_ws/install/aruco_interfaces/share/aruco_interfaces/cmake/aruco_interfaces__rosidl_typesupport_introspection_cExport.cmake
[2.780s] -- Up-to-date: /home/notthecoolkid/mrtx/mrt_ws/install/aruco_interfaces/share/aruco_interfaces/cmake/aruco_interfaces__rosidl_typesupport_introspection_cExport-noconfig.cmake
[2.780s] -- Up-to-date: /home/notthecoolkid/mrtx/mrt_ws/install/aruco_interfaces/share/aruco_interfaces/cmake/aruco_interfaces__rosidl_typesupport_cExport.cmake
[2.780s] -- Up-to-date: /home/notthecoolkid/mrtx/mrt_ws/install/aruco_interfaces/share/aruco_interfaces/cmake/aruco_interfaces__rosidl_typesupport_cExport-noconfig.cmake
[2.780s] -- Up-to-date: /home/notthecoolkid/mrtx/mrt_ws/install/aruco_interfaces/share/aruco_interfaces/cmake/aruco_interfaces__rosidl_typesupport_introspection_cppExport.cmake
[2.780s] -- Up-to-date: /home/notthecoolkid/mrtx/mrt_ws/install/aruco_interfaces/share/aruco_interfaces/cmake/aruco_interfaces__rosidl_typesupport_introspection_cppExport-noconfig.cmake
[2.780s] -- Up-to-date: /home/notthecoolkid/mrtx/mrt_ws/install/aruco_interfaces/share/aruco_interfaces/cmake/aruco_interfaces__rosidl_typesupport_cppExport.cmake
[2.780s] -- Up-to-date: /home/notthecoolkid/mrtx/mrt_ws/install/aruco_interfaces/share/aruco_interfaces/cmake/aruco_interfaces__rosidl_typesupport_cppExport-noconfig.cmake
[2.780s] -- Up-to-date: /home/notthecoolkid/mrtx/mrt_ws/install/aruco_interfaces/share/aruco_interfaces/cmake/export_aruco_interfaces__rosidl_generator_pyExport.cmake
[2.780s] -- Up-to-date: /home/notthecoolkid/mrtx/mrt_ws/install/aruco_interfaces/share/aruco_interfaces/cmake/export_aruco_interfaces__rosidl_generator_pyExport-noconfig.cmake
[2.780s] -- Up-to-date: /home/notthecoolkid/mrtx/mrt_ws/install/aruco_interfaces/share/aruco_interfaces/cmake/rosidl_cmake-extras.cmake
[2.780s] -- Up-to-date: /home/notthecoolkid/mrtx/mrt_ws/install/aruco_interfaces/share/aruco_interfaces/cmake/ament_cmake_export_dependencies-extras.cmake
[2.780s] -- Up-to-date: /home/notthecoolkid/mrtx/mrt_ws/install/aruco_interfaces/share/aruco_interfaces/cmake/ament_cmake_export_include_directories-extras.cmake
[2.780s] -- Up-to-date: /home/notthecoolkid/mrtx/mrt_ws/install/aruco_interfaces/share/aruco_interfaces/cmake/ament_cmake_export_libraries-extras.cmake
[2.780s] -- Up-to-date: /home/notthecoolkid/mrtx/mrt_ws/install/aruco_interfaces/share/aruco_interfaces/cmake/ament_cmake_export_targets-extras.cmake
[2.780s] -- Up-to-date: /home/notthecoolkid/mrtx/mrt_ws/install/aruco_interfaces/share/aruco_interfaces/cmake/rosidl_cmake_export_typesupport_targets-extras.cmake
[2.780s] -- Up-to-date: /home/notthecoolkid/mrtx/mrt_ws/install/aruco_interfaces/share/aruco_interfaces/cmake/rosidl_cmake_export_typesupport_libraries-extras.cmake
[2.780s] -- Up-to-date: /home/notthecoolkid/mrtx/mrt_ws/install/aruco_interfaces/share/aruco_interfaces/cmake/aruco_interfacesConfig.cmake
[2.780s] -- Up-to-date: /home/notthecoolkid/mrtx/mrt_ws/install/aruco_interfaces/share/aruco_interfaces/cmake/aruco_interfacesConfig-version.cmake
[2.780s] -- Up-to-date: /home/notthecoolkid/mrtx/mrt_ws/install/aruco_interfaces/share/aruco_interfaces/package.xml
[2.781s] Invoked command in '/home/notthecoolkid/mrtx/mrt_ws/build/aruco_interfaces' returned '0': CMAKE_PREFIX_PATH=${CMAKE_PREFIX_PATH}:/home/notthecoolkid/mrtx/mrt_ws/install/week1_tutorials:/home/notthecoolkid/mrtx/mrt_ws/install/week0_tutorials:/home/notthecoolkid/mrtx/mrt_ws/install/sauron:/home/notthecoolkid/mrtx/mrt_ws/install/aruco_server:/home/notthecoolkid/mrt_ws/install/week0_tutorials:/home/notthecoolkid/mrt_ws/install/sauron:/opt/ros/humble /usr/bin/cmake --install /home/notthecoolkid/mrtx/mrt_ws/build/aruco_interfaces
