running egg_info
creating ../../build/week1_tutorials/week1_tutorials.egg-info
writing ../../build/week1_tutorials/week1_tutorials.egg-info/PKG-INFO
writing dependency_links to ../../build/week1_tutorials/week1_tutorials.egg-info/dependency_links.txt
writing entry points to ../../build/week1_tutorials/week1_tutorials.egg-info/entry_points.txt
writing requirements to ../../build/week1_tutorials/week1_tutorials.egg-info/requires.txt
writing top-level names to ../../build/week1_tutorials/week1_tutorials.egg-info/top_level.txt
writing manifest file '../../build/week1_tutorials/week1_tutorials.egg-info/SOURCES.txt'
reading manifest file '../../build/week1_tutorials/week1_tutorials.egg-info/SOURCES.txt'
writing manifest file '../../build/week1_tutorials/week1_tutorials.egg-info/SOURCES.txt'
running build
running build_py
creating /home/notthecoolkid/mrtx/mrt_ws/build/week1_tutorials/build
creating /home/notthecoolkid/mrtx/mrt_ws/build/week1_tutorials/build/lib
creating /home/notthecoolkid/mrtx/mrt_ws/build/week1_tutorials/build/lib/week1_tutorials
copying week1_tutorials/service_member_function.py -> /home/notthecoolkid/mrtx/mrt_ws/build/week1_tutorials/build/lib/week1_tutorials
copying week1_tutorials/client_member_function.py -> /home/notthecoolkid/mrtx/mrt_ws/build/week1_tutorials/build/lib/week1_tutorials
copying week1_tutorials/__init__.py -> /home/notthecoolkid/mrtx/mrt_ws/build/week1_tutorials/build/lib/week1_tutorials
running install
running install_lib
creating /home/notthecoolkid/mrtx/mrt_ws/install/week1_tutorials/lib/python3.10/site-packages/week1_tutorials
copying /home/notthecoolkid/mrtx/mrt_ws/build/week1_tutorials/build/lib/week1_tutorials/service_member_function.py -> /home/notthecoolkid/mrtx/mrt_ws/install/week1_tutorials/lib/python3.10/site-packages/week1_tutorials
copying /home/notthecoolkid/mrtx/mrt_ws/build/week1_tutorials/build/lib/week1_tutorials/client_member_function.py -> /home/notthecoolkid/mrtx/mrt_ws/install/week1_tutorials/lib/python3.10/site-packages/week1_tutorials
copying /home/notthecoolkid/mrtx/mrt_ws/build/week1_tutorials/build/lib/week1_tutorials/__init__.py -> /home/notthecoolkid/mrtx/mrt_ws/install/week1_tutorials/lib/python3.10/site-packages/week1_tutorials
byte-compiling /home/notthecoolkid/mrtx/mrt_ws/install/week1_tutorials/lib/python3.10/site-packages/week1_tutorials/service_member_function.py to service_member_function.cpython-310.pyc
byte-compiling /home/notthecoolkid/mrtx/mrt_ws/install/week1_tutorials/lib/python3.10/site-packages/week1_tutorials/client_member_function.py to client_member_function.cpython-310.pyc
byte-compiling /home/notthecoolkid/mrtx/mrt_ws/install/week1_tutorials/lib/python3.10/site-packages/week1_tutorials/__init__.py to __init__.cpython-310.pyc
running install_data
creating /home/notthecoolkid/mrtx/mrt_ws/install/week1_tutorials/share/ament_index
creating /home/notthecoolkid/mrtx/mrt_ws/install/week1_tutorials/share/ament_index/resource_index
creating /home/notthecoolkid/mrtx/mrt_ws/install/week1_tutorials/share/ament_index/resource_index/packages
copying resource/week1_tutorials -> /home/notthecoolkid/mrtx/mrt_ws/install/week1_tutorials/share/ament_index/resource_index/packages
copying package.xml -> /home/notthecoolkid/mrtx/mrt_ws/install/week1_tutorials/share/week1_tutorials
running install_egg_info
Copying ../../build/week1_tutorials/week1_tutorials.egg-info to /home/notthecoolkid/mrtx/mrt_ws/install/week1_tutorials/lib/python3.10/site-packages/week1_tutorials-0.0.0-py3.10.egg-info
running install_scripts
Installing client script to /home/notthecoolkid/mrtx/mrt_ws/install/week1_tutorials/lib/week1_tutorials
Installing service script to /home/notthecoolkid/mrtx/mrt_ws/install/week1_tutorials/lib/week1_tutorials
writing list of installed files to '/home/notthecoolkid/mrtx/mrt_ws/build/week1_tutorials/install.log'
