[0.393s] Invoking command in '/home/notthecoolkid/mrtx/mrt_ws/src/week1_tutorials': PYTHONPATH=/home/notthecoolkid/mrtx/mrt_ws/build/week1_tutorials/prefix_override:/usr/lib/python3/dist-packages/colcon_core/task/python/colcon_distutils_commands:/home/notthecoolkid/mrtx/mrt_ws/install/week1_tutorials/lib/python3.10/site-packages:${PYTHONPATH} /usr/bin/python3 -W ignore:setup.py install is deprecated setup.py egg_info --egg-base ../../build/week1_tutorials build --build-base /home/notthecoolkid/mrtx/mrt_ws/build/week1_tutorials/build install --record /home/notthecoolkid/mrtx/mrt_ws/build/week1_tutorials/install.log --single-version-externally-managed install_data
[0.539s] running egg_info
[0.539s] creating ../../build/week1_tutorials/week1_tutorials.egg-info
[0.539s] writing ../../build/week1_tutorials/week1_tutorials.egg-info/PKG-INFO
[0.539s] writing dependency_links to ../../build/week1_tutorials/week1_tutorials.egg-info/dependency_links.txt
[0.539s] writing entry points to ../../build/week1_tutorials/week1_tutorials.egg-info/entry_points.txt
[0.539s] writing requirements to ../../build/week1_tutorials/week1_tutorials.egg-info/requires.txt
[0.540s] writing top-level names to ../../build/week1_tutorials/week1_tutorials.egg-info/top_level.txt
[0.540s] writing manifest file '../../build/week1_tutorials/week1_tutorials.egg-info/SOURCES.txt'
[0.541s] reading manifest file '../../build/week1_tutorials/week1_tutorials.egg-info/SOURCES.txt'
[0.541s] writing manifest file '../../build/week1_tutorials/week1_tutorials.egg-info/SOURCES.txt'
[0.541s] running build
[0.541s] running build_py
[0.541s] creating /home/notthecoolkid/mrtx/mrt_ws/build/week1_tutorials/build
[0.541s] creating /home/notthecoolkid/mrtx/mrt_ws/build/week1_tutorials/build/lib
[0.541s] creating /home/notthecoolkid/mrtx/mrt_ws/build/week1_tutorials/build/lib/week1_tutorials
[0.542s] copying week1_tutorials/service_member_function.py -> /home/notthecoolkid/mrtx/mrt_ws/build/week1_tutorials/build/lib/week1_tutorials
[0.542s] copying week1_tutorials/client_member_function.py -> /home/notthecoolkid/mrtx/mrt_ws/build/week1_tutorials/build/lib/week1_tutorials
[0.542s] copying week1_tutorials/__init__.py -> /home/notthecoolkid/mrtx/mrt_ws/build/week1_tutorials/build/lib/week1_tutorials
[0.542s] running install
[0.542s] running install_lib
[0.542s] creating /home/notthecoolkid/mrtx/mrt_ws/install/week1_tutorials/lib/python3.10/site-packages/week1_tutorials
[0.542s] copying /home/notthecoolkid/mrtx/mrt_ws/build/week1_tutorials/build/lib/week1_tutorials/service_member_function.py -> /home/notthecoolkid/mrtx/mrt_ws/install/week1_tutorials/lib/python3.10/site-packages/week1_tutorials
[0.542s] copying /home/notthecoolkid/mrtx/mrt_ws/build/week1_tutorials/build/lib/week1_tutorials/client_member_function.py -> /home/notthecoolkid/mrtx/mrt_ws/install/week1_tutorials/lib/python3.10/site-packages/week1_tutorials
[0.542s] copying /home/notthecoolkid/mrtx/mrt_ws/build/week1_tutorials/build/lib/week1_tutorials/__init__.py -> /home/notthecoolkid/mrtx/mrt_ws/install/week1_tutorials/lib/python3.10/site-packages/week1_tutorials
[0.543s] byte-compiling /home/notthecoolkid/mrtx/mrt_ws/install/week1_tutorials/lib/python3.10/site-packages/week1_tutorials/service_member_function.py to service_member_function.cpython-310.pyc
[0.543s] byte-compiling /home/notthecoolkid/mrtx/mrt_ws/install/week1_tutorials/lib/python3.10/site-packages/week1_tutorials/client_member_function.py to client_member_function.cpython-310.pyc
[0.543s] byte-compiling /home/notthecoolkid/mrtx/mrt_ws/install/week1_tutorials/lib/python3.10/site-packages/week1_tutorials/__init__.py to __init__.cpython-310.pyc
[0.543s] running install_data
[0.543s] creating /home/notthecoolkid/mrtx/mrt_ws/install/week1_tutorials/share/ament_index
[0.543s] creating /home/notthecoolkid/mrtx/mrt_ws/install/week1_tutorials/share/ament_index/resource_index
[0.543s] creating /home/notthecoolkid/mrtx/mrt_ws/install/week1_tutorials/share/ament_index/resource_index/packages
[0.543s] copying resource/week1_tutorials -> /home/notthecoolkid/mrtx/mrt_ws/install/week1_tutorials/share/ament_index/resource_index/packages
[0.544s] copying package.xml -> /home/notthecoolkid/mrtx/mrt_ws/install/week1_tutorials/share/week1_tutorials
[0.544s] running install_egg_info
[0.544s] Copying ../../build/week1_tutorials/week1_tutorials.egg-info to /home/notthecoolkid/mrtx/mrt_ws/install/week1_tutorials/lib/python3.10/site-packages/week1_tutorials-0.0.0-py3.10.egg-info
[0.545s] running install_scripts
[0.558s] Installing client script to /home/notthecoolkid/mrtx/mrt_ws/install/week1_tutorials/lib/week1_tutorials
[0.558s] Installing service script to /home/notthecoolkid/mrtx/mrt_ws/install/week1_tutorials/lib/week1_tutorials
[0.559s] writing list of installed files to '/home/notthecoolkid/mrtx/mrt_ws/build/week1_tutorials/install.log'
[0.572s] Invoked command in '/home/notthecoolkid/mrtx/mrt_ws/src/week1_tutorials' returned '0': PYTHONPATH=/home/notthecoolkid/mrtx/mrt_ws/build/week1_tutorials/prefix_override:/usr/lib/python3/dist-packages/colcon_core/task/python/colcon_distutils_commands:/home/notthecoolkid/mrtx/mrt_ws/install/week1_tutorials/lib/python3.10/site-packages:${PYTHONPATH} /usr/bin/python3 -W ignore:setup.py install is deprecated setup.py egg_info --egg-base ../../build/week1_tutorials build --build-base /home/notthecoolkid/mrtx/mrt_ws/build/week1_tutorials/build install --record /home/notthecoolkid/mrtx/mrt_ws/build/week1_tutorials/install.log --single-version-externally-managed install_data
