[0.020s] Invoking command in '/home/notthecoolkid/mrtx/mrt_ws/build/aruco_interfaces': CMAKE_PREFIX_PATH=${CMAKE_PREFIX_PATH}:/home/notthecoolkid/mrtx/mrt_ws/install/week1_tutorials:/home/notthecoolkid/mrtx/mrt_ws/install/week0_tutorials:/home/notthecoolkid/mrtx/mrt_ws/install/sauron:/home/notthecoolkid/mrtx/mrt_ws/src/install/week0_tutorials:/home/notthecoolkid/mrtx/mrt_ws/src/install/sauron:/home/notthecoolkid/mrtx/mrt_ws/src/install/aruco_server:/home/notthecoolkid/mrt_ws/install/week0_tutorials:/home/notthecoolkid/mrt_ws/install/sauron:/opt/ros/humble /usr/bin/cmake /home/notthecoolkid/mrtx/mrt_ws/src/aruco_interfaces -DCMAKE_INSTALL_PREFIX=/home/notthecoolkid/mrtx/mrt_ws/install/aruco_interfaces
[0.362s] -- The C compiler identification is GNU 11.4.0
[0.362s] -- The CXX compiler identification is GNU 11.4.0
[0.362s] -- Detecting C compiler ABI info
[0.362s] -- Detecting C compiler ABI info - done
[0.362s] -- Check for working C compiler: /usr/bin/cc - skipped
[0.362s] -- Detecting C compile features
[0.362s] -- Detecting C compile features - done
[0.362s] -- Detecting CXX compiler ABI info
[0.362s] -- Detecting CXX compiler ABI info - done
[0.362s] -- Check for working CXX compiler: /usr/bin/c++ - skipped
[0.362s] -- Detecting CXX compile features
[0.362s] -- Detecting CXX compile features - done
[0.362s] -- Found ament_cmake: 1.3.10 (/opt/ros/humble/share/ament_cmake/cmake)
[0.382s] -- Found Python3: /usr/bin/python3 (found version "3.10.12") found components: Interpreter 
[0.461s] -- Found rclpy: 3.3.14 (/opt/ros/humble/share/rclpy/cmake)
[0.463s] -- Found sensor_msgs: 4.2.4 (/opt/ros/humble/share/sensor_msgs/cmake)
[0.496s] -- Found rosidl_generator_c: 3.1.5 (/opt/ros/humble/share/rosidl_generator_c/cmake)
[0.500s] -- Found rosidl_adapter: 3.1.5 (/opt/ros/humble/share/rosidl_adapter/cmake)
[0.506s] -- Found rosidl_generator_cpp: 3.1.5 (/opt/ros/humble/share/rosidl_generator_cpp/cmake)
[0.514s] -- Using all available rosidl_typesupport_c: rosidl_typesupport_fastrtps_c;rosidl_typesupport_introspection_c
[0.525s] -- Using all available rosidl_typesupport_cpp: rosidl_typesupport_fastrtps_cpp;rosidl_typesupport_introspection_cpp
[0.565s] -- Found cv_bridge: 3.2.1 (/opt/ros/humble/share/cv_bridge/cmake)
[0.576s] -- Found OpenCV: /usr (found version "4.5.4") 
[0.638s] [31mCMake Error at /opt/ros/humble/share/ament_cmake_python/cmake/ament_python_install_package.cmake:66 (message):
[0.638s]   ament_python_install_package() the Python package folder
[0.638s]   '/home/notthecoolkid/mrtx/mrt_ws/src/aruco_interfaces/aruco_interfaces'
[0.638s]   doesn't contain an '__init__.py' file
[0.638s] Call Stack (most recent call first):
[0.638s]   /opt/ros/humble/share/ament_cmake_python/cmake/ament_python_install_package.cmake:39 (_ament_cmake_python_install_package)
[0.638s]   CMakeLists.txt:16 (ament_python_install_package)
[0.638s] 
[0.638s] [0m
[0.639s] -- Configuring incomplete, errors occurred!
[0.639s] See also "/home/notthecoolkid/mrtx/mrt_ws/build/aruco_interfaces/CMakeFiles/CMakeOutput.log".
[0.644s] Invoked command in '/home/notthecoolkid/mrtx/mrt_ws/build/aruco_interfaces' returned '1': CMAKE_PREFIX_PATH=${CMAKE_PREFIX_PATH}:/home/notthecoolkid/mrtx/mrt_ws/install/week1_tutorials:/home/notthecoolkid/mrtx/mrt_ws/install/week0_tutorials:/home/notthecoolkid/mrtx/mrt_ws/install/sauron:/home/notthecoolkid/mrtx/mrt_ws/src/install/week0_tutorials:/home/notthecoolkid/mrtx/mrt_ws/src/install/sauron:/home/notthecoolkid/mrtx/mrt_ws/src/install/aruco_server:/home/notthecoolkid/mrt_ws/install/week0_tutorials:/home/notthecoolkid/mrt_ws/install/sauron:/opt/ros/humble /usr/bin/cmake /home/notthecoolkid/mrtx/mrt_ws/src/aruco_interfaces -DCMAKE_INSTALL_PREFIX=/home/notthecoolkid/mrtx/mrt_ws/install/aruco_interfaces
