[0.691s] Invoking command in '/home/notthecoolkid/mrtx/mrt_ws/src/aruco_server': PYTHONPATH=/home/notthecoolkid/mrtx/mrt_ws/build/aruco_server/prefix_override:/usr/lib/python3/dist-packages/colcon_core/task/python/colcon_distutils_commands:/home/notthecoolkid/mrtx/mrt_ws/install/aruco_server/lib/python3.10/site-packages:${PYTHONPATH} /usr/bin/python3 -W ignore:setup.py install is deprecated setup.py egg_info --egg-base ../../build/aruco_server build --build-base /home/notthecoolkid/mrtx/mrt_ws/build/aruco_server/build install --record /home/notthecoolkid/mrtx/mrt_ws/build/aruco_server/install.log --single-version-externally-managed install_data
[0.960s] running egg_info
[0.960s] writing ../../build/aruco_server/aruco_server.egg-info/PKG-INFO
[0.960s] writing dependency_links to ../../build/aruco_server/aruco_server.egg-info/dependency_links.txt
[0.960s] writing entry points to ../../build/aruco_server/aruco_server.egg-info/entry_points.txt
[0.961s] writing requirements to ../../build/aruco_server/aruco_server.egg-info/requires.txt
[0.961s] writing top-level names to ../../build/aruco_server/aruco_server.egg-info/top_level.txt
[0.963s] reading manifest file '../../build/aruco_server/aruco_server.egg-info/SOURCES.txt'
[0.964s] writing manifest file '../../build/aruco_server/aruco_server.egg-info/SOURCES.txt'
[0.964s] running build
[0.964s] running build_py
[0.964s] copying aruco_server/arucovid_client.py -> /home/notthecoolkid/mrtx/mrt_ws/build/aruco_server/build/lib/aruco_server
[0.964s] copying aruco_server/arucovid_service.py -> /home/notthecoolkid/mrtx/mrt_ws/build/aruco_server/build/lib/aruco_server
[0.965s] running install
[0.965s] running install_lib
[0.966s] copying /home/notthecoolkid/mrtx/mrt_ws/build/aruco_server/build/lib/aruco_server/arucovid_client.py -> /home/notthecoolkid/mrtx/mrt_ws/install/aruco_server/lib/python3.10/site-packages/aruco_server
[0.966s] copying /home/notthecoolkid/mrtx/mrt_ws/build/aruco_server/build/lib/aruco_server/arucovid_service.py -> /home/notthecoolkid/mrtx/mrt_ws/install/aruco_server/lib/python3.10/site-packages/aruco_server
[0.967s] byte-compiling /home/notthecoolkid/mrtx/mrt_ws/install/aruco_server/lib/python3.10/site-packages/aruco_server/arucovid_client.py to arucovid_client.cpython-310.pyc
[0.968s] byte-compiling /home/notthecoolkid/mrtx/mrt_ws/install/aruco_server/lib/python3.10/site-packages/aruco_server/arucovid_service.py to arucovid_service.cpython-310.pyc
[0.969s] running install_data
[0.969s] running install_egg_info
[0.971s] removing '/home/notthecoolkid/mrtx/mrt_ws/install/aruco_server/lib/python3.10/site-packages/aruco_server-0.0.0-py3.10.egg-info' (and everything under it)
[0.971s] Copying ../../build/aruco_server/aruco_server.egg-info to /home/notthecoolkid/mrtx/mrt_ws/install/aruco_server/lib/python3.10/site-packages/aruco_server-0.0.0-py3.10.egg-info
[0.972s] running install_scripts
[0.997s] Installing client script to /home/notthecoolkid/mrtx/mrt_ws/install/aruco_server/lib/aruco_server
[0.997s] Installing service script to /home/notthecoolkid/mrtx/mrt_ws/install/aruco_server/lib/aruco_server
[0.997s] Installing vclient script to /home/notthecoolkid/mrtx/mrt_ws/install/aruco_server/lib/aruco_server
[0.997s] Installing vservice script to /home/notthecoolkid/mrtx/mrt_ws/install/aruco_server/lib/aruco_server
[0.997s] writing list of installed files to '/home/notthecoolkid/mrtx/mrt_ws/build/aruco_server/install.log'
[1.022s] Invoked command in '/home/notthecoolkid/mrtx/mrt_ws/src/aruco_server' returned '0': PYTHONPATH=/home/notthecoolkid/mrtx/mrt_ws/build/aruco_server/prefix_override:/usr/lib/python3/dist-packages/colcon_core/task/python/colcon_distutils_commands:/home/notthecoolkid/mrtx/mrt_ws/install/aruco_server/lib/python3.10/site-packages:${PYTHONPATH} /usr/bin/python3 -W ignore:setup.py install is deprecated setup.py egg_info --egg-base ../../build/aruco_server build --build-base /home/notthecoolkid/mrtx/mrt_ws/build/aruco_server/build install --record /home/notthecoolkid/mrtx/mrt_ws/build/aruco_server/install.log --single-version-externally-managed install_data
