/home/notthecoolkid/mrt_ws/src/sauron/install/sauron/lib/python3.10/site-packages/sauron/listener.py
/home/notthecoolkid/mrt_ws/src/sauron/install/sauron/lib/python3.10/site-packages/sauron/__init__.py
/home/notthecoolkid/mrt_ws/src/sauron/install/sauron/lib/python3.10/site-packages/sauron/talker2.py
/home/notthecoolkid/mrt_ws/src/sauron/install/sauron/lib/python3.10/site-packages/sauron/talker1.py
/home/notthecoolkid/mrt_ws/src/sauron/install/sauron/lib/python3.10/site-packages/sauron/__pycache__/listener.cpython-310.pyc
/home/notthecoolkid/mrt_ws/src/sauron/install/sauron/lib/python3.10/site-packages/sauron/__pycache__/__init__.cpython-310.pyc
/home/notthecoolkid/mrt_ws/src/sauron/install/sauron/lib/python3.10/site-packages/sauron/__pycache__/talker2.cpython-310.pyc
/home/notthecoolkid/mrt_ws/src/sauron/install/sauron/lib/python3.10/site-packages/sauron/__pycache__/talker1.cpython-310.pyc
/home/notthecoolkid/mrt_ws/src/sauron/install/sauron/share/ament_index/resource_index/packages/sauron
/home/notthecoolkid/mrt_ws/src/sauron/install/sauron/share/sauron/package.xml
/home/notthecoolkid/mrt_ws/src/sauron/install/sauron/share/sauron/launch/pubsub.launch.py
/home/notthecoolkid/mrt_ws/src/sauron/install/sauron/lib/python3.10/site-packages/sauron-0.0.0-py3.10.egg-info/zip-safe
/home/notthecoolkid/mrt_ws/src/sauron/install/sauron/lib/python3.10/site-packages/sauron-0.0.0-py3.10.egg-info/top_level.txt
/home/notthecoolkid/mrt_ws/src/sauron/install/sauron/lib/python3.10/site-packages/sauron-0.0.0-py3.10.egg-info/dependency_links.txt
/home/notthecoolkid/mrt_ws/src/sauron/install/sauron/lib/python3.10/site-packages/sauron-0.0.0-py3.10.egg-info/PKG-INFO
/home/notthecoolkid/mrt_ws/src/sauron/install/sauron/lib/python3.10/site-packages/sauron-0.0.0-py3.10.egg-info/entry_points.txt
/home/notthecoolkid/mrt_ws/src/sauron/install/sauron/lib/python3.10/site-packages/sauron-0.0.0-py3.10.egg-info/SOURCES.txt
/home/notthecoolkid/mrt_ws/src/sauron/install/sauron/lib/python3.10/site-packages/sauron-0.0.0-py3.10.egg-info/requires.txt
/home/notthecoolkid/mrt_ws/src/sauron/install/sauron/lib/sauron/publisher1
/home/notthecoolkid/mrt_ws/src/sauron/install/sauron/lib/sauron/publisher2
/home/notthecoolkid/mrt_ws/src/sauron/install/sauron/lib/sauron/subscriber
