[0.008s] Invoking command in '/home/notthecoolkid/mrtx/mrt_ws/build/aruco_interfaces': CMAKE_PREFIX_PATH=/home/notthecoolkid/mrt_ws/install/week0_tutorials:/home/notthecoolkid/mrt_ws/install/sauron:/opt/ros/humble /usr/bin/cmake --build /home/notthecoolkid/mrtx/mrt_ws/build/aruco_interfaces -- -j20 -l20
[0.025s] -- Found ament_cmake: 1.3.10 (/opt/ros/humble/share/ament_cmake/cmake)
[0.119s] -- Found sensor_msgs: 4.2.4 (/opt/ros/humble/share/sensor_msgs/cmake)
[0.134s] -- Found rosidl_generator_c: 3.1.5 (/opt/ros/humble/share/rosidl_generator_c/cmake)
[0.136s] -- Found rosidl_adapter: 3.1.5 (/opt/ros/humble/share/rosidl_adapter/cmake)
[0.139s] -- Found rosidl_generator_cpp: 3.1.5 (/opt/ros/humble/share/rosidl_generator_cpp/cmake)
[0.145s] -- Using all available rosidl_typesupport_c: rosidl_typesupport_fastrtps_c;rosidl_typesupport_introspection_c
[0.153s] -- Using all available rosidl_typesupport_cpp: rosidl_typesupport_fastrtps_cpp;rosidl_typesupport_introspection_cpp
[0.187s] -- Found rosidl_default_generators: 1.2.0 (/opt/ros/humble/share/rosidl_default_generators/cmake)
[0.371s] -- Found ament_cmake_ros: 0.10.0 (/opt/ros/humble/share/ament_cmake_ros/cmake)
[0.627s] -- Using all available rosidl_typesupport_c: rosidl_typesupport_fastrtps_c;rosidl_typesupport_introspection_c
[0.748s] -- Using all available rosidl_typesupport_cpp: rosidl_typesupport_fastrtps_cpp;rosidl_typesupport_introspection_cpp
[0.769s] -- Found python_cmake_module: 0.10.0 (/opt/ros/humble/share/python_cmake_module/cmake)
[0.798s] -- Using PYTHON_EXECUTABLE: /usr/bin/python3
[0.798s] -- Using PYTHON_INCLUDE_DIRS: /usr/include/python3.10
[0.798s] -- Using PYTHON_LIBRARIES: /usr/lib/x86_64-linux-gnu/libpython3.10.so
[0.810s] -- Found ament_lint_auto: 0.12.11 (/opt/ros/humble/share/ament_lint_auto/cmake)
[0.816s] -- Added test 'lint_cmake' to check CMake code style
[0.816s] -- Added test 'xmllint' to check XML markup files
[0.817s] -- Configuring done
[0.832s] -- Generating done
[0.834s] -- Build files have been written to: /home/notthecoolkid/mrtx/mrt_ws/build/aruco_interfaces
[0.867s] [  3%] [32mBuilding C object CMakeFiles/aruco_interfaces__rosidl_generator_c.dir/rosidl_generator_c/aruco_interfaces/srv/detail/aruco_detect__functions.c.o[0m
[0.867s] [  6%] Built target aruco_interfaces__cpp
[0.877s] [  6%] Built target ament_cmake_python_copy_aruco_interfaces
[0.881s] In file included from [01m[K/home/notthecoolkid/mrtx/mrt_ws/build/aruco_interfaces/rosidl_generator_c/aruco_interfaces/srv/detail/aruco_detect__functions.h:19[m[K,
[0.881s]                  from [01m[K/home/notthecoolkid/mrtx/mrt_ws/build/aruco_interfaces/rosidl_generator_c/aruco_interfaces/srv/detail/aruco_detect__functions.c:4[m[K:
[0.881s] [01m[K/home/notthecoolkid/mrtx/mrt_ws/build/aruco_interfaces/rosidl_generator_c/aruco_interfaces/srv/detail/aruco_detect__struct.h:22:10:[m[K [01;31m[Kfatal error: [m[Ksensor_msgs/msg/detail/image__struct.h: No such file or directory
[0.881s]    22 | #include [01;31m[K"sensor_msgs/msg/detail/image__struct.h"[m[K
[0.881s]       |          [01;31m[K^~~~~~~~~~~~~~~~~~~~~~~~~~~~~~~~~~~~~~~~[m[K
[0.881s] compilation terminated.
[0.881s] gmake[2]: *** [CMakeFiles/aruco_interfaces__rosidl_generator_c.dir/build.make:105: CMakeFiles/aruco_interfaces__rosidl_generator_c.dir/rosidl_generator_c/aruco_interfaces/srv/detail/aruco_detect__functions.c.o] Error 1
[0.882s] gmake[1]: *** [CMakeFiles/Makefile2:213: CMakeFiles/aruco_interfaces__rosidl_generator_c.dir/all] Error 2
[0.882s] gmake[1]: *** Waiting for unfinished jobs....
[0.887s] [  9%] [32mBuilding CXX object CMakeFiles/aruco_interfaces__rosidl_typesupport_fastrtps_cpp.dir/rosidl_typesupport_fastrtps_cpp/aruco_interfaces/srv/detail/dds_fastrtps/aruco_detect__type_support.cpp.o[0m
[0.888s] [ 12%] [32mBuilding CXX object CMakeFiles/aruco_interfaces__rosidl_typesupport_cpp.dir/rosidl_typesupport_cpp/aruco_interfaces/srv/aruco_detect__type_support.cpp.o[0m
[0.888s] [ 16%] [32mBuilding CXX object CMakeFiles/aruco_interfaces__rosidl_typesupport_introspection_cpp.dir/rosidl_typesupport_introspection_cpp/aruco_interfaces/srv/detail/aruco_detect__type_support.cpp.o[0m
[0.919s] In file included from [01m[K/home/notthecoolkid/mrtx/mrt_ws/build/aruco_interfaces/rosidl_typesupport_fastrtps_cpp/aruco_interfaces/srv/detail/aruco_detect__rosidl_typesupport_fastrtps_cpp.hpp:11[m[K,
[0.919s]                  from [01m[K/home/notthecoolkid/mrtx/mrt_ws/build/aruco_interfaces/rosidl_typesupport_fastrtps_cpp/aruco_interfaces/srv/detail/dds_fastrtps/aruco_detect__type_support.cpp:4[m[K:
[0.919s] [01m[K/home/notthecoolkid/mrtx/mrt_ws/build/aruco_interfaces/rosidl_generator_cpp/aruco_interfaces/srv/detail/aruco_detect__struct.hpp:20:10:[m[K [01;31m[Kfatal error: [m[Ksensor_msgs/msg/detail/image__struct.hpp: No such file or directory
[0.920s]    20 | #include [01;31m[K"sensor_msgs/msg/detail/image__struct.hpp"[m[K
[0.920s]       |          [01;31m[K^~~~~~~~~~~~~~~~~~~~~~~~~~~~~~~~~~~~~~~~~~[m[K
[0.920s] compilation terminated.
[0.920s] gmake[2]: *** [CMakeFiles/aruco_interfaces__rosidl_typesupport_fastrtps_cpp.dir/build.make:91: CMakeFiles/aruco_interfaces__rosidl_typesupport_fastrtps_cpp.dir/rosidl_typesupport_fastrtps_cpp/aruco_interfaces/srv/detail/dds_fastrtps/aruco_detect__type_support.cpp.o] Error 1
[0.921s] gmake[1]: *** [CMakeFiles/Makefile2:291: CMakeFiles/aruco_interfaces__rosidl_typesupport_fastrtps_cpp.dir/all] Error 2
[0.922s] In file included from [01m[K/home/notthecoolkid/mrtx/mrt_ws/build/aruco_interfaces/rosidl_typesupport_cpp/aruco_interfaces/srv/aruco_detect__type_support.cpp:7[m[K:
[0.923s] [01m[K/home/notthecoolkid/mrtx/mrt_ws/build/aruco_interfaces/rosidl_generator_cpp/aruco_interfaces/srv/detail/aruco_detect__struct.hpp:20:10:[m[K [01;31m[Kfatal error: [m[Ksensor_msgs/msg/detail/image__struct.hpp: No such file or directory
[0.923s]    20 | #include [01;31m[K"sensor_msgs/msg/detail/image__struct.hpp"[m[K
[0.923s]       |          [01;31m[K^~~~~~~~~~~~~~~~~~~~~~~~~~~~~~~~~~~~~~~~~~[m[K
[0.923s] compilation terminated.
[0.923s] gmake[2]: *** [CMakeFiles/aruco_interfaces__rosidl_typesupport_cpp.dir/build.make:86: CMakeFiles/aruco_interfaces__rosidl_typesupport_cpp.dir/rosidl_typesupport_cpp/aruco_interfaces/srv/aruco_detect__type_support.cpp.o] Error 1
[0.924s] gmake[1]: *** [CMakeFiles/Makefile2:395: CMakeFiles/aruco_interfaces__rosidl_typesupport_cpp.dir/all] Error 2
[0.926s] In file included from [01m[K/home/notthecoolkid/mrtx/mrt_ws/build/aruco_interfaces/rosidl_typesupport_introspection_cpp/aruco_interfaces/srv/detail/aruco_detect__type_support.cpp:12[m[K:
[0.926s] [01m[K/home/notthecoolkid/mrtx/mrt_ws/build/aruco_interfaces/rosidl_generator_cpp/aruco_interfaces/srv/detail/aruco_detect__struct.hpp:20:10:[m[K [01;31m[Kfatal error: [m[Ksensor_msgs/msg/detail/image__struct.hpp: No such file or directory
[0.926s]    20 | #include [01;31m[K"sensor_msgs/msg/detail/image__struct.hpp"[m[K
[0.926s]       |          [01;31m[K^~~~~~~~~~~~~~~~~~~~~~~~~~~~~~~~~~~~~~~~~~[m[K
[0.926s] compilation terminated.
[0.927s] gmake[2]: *** [CMakeFiles/aruco_interfaces__rosidl_typesupport_introspection_cpp.dir/build.make:91: CMakeFiles/aruco_interfaces__rosidl_typesupport_introspection_cpp.dir/rosidl_typesupport_introspection_cpp/aruco_interfaces/srv/detail/aruco_detect__type_support.cpp.o] Error 1
[0.927s] gmake[1]: *** [CMakeFiles/Makefile2:369: CMakeFiles/aruco_interfaces__rosidl_typesupport_introspection_cpp.dir/all] Error 2
[1.024s] running egg_info
[1.025s] writing aruco_interfaces.egg-info/PKG-INFO
[1.025s] writing dependency_links to aruco_interfaces.egg-info/dependency_links.txt
[1.025s] writing top-level names to aruco_interfaces.egg-info/top_level.txt
[1.026s] reading manifest file 'aruco_interfaces.egg-info/SOURCES.txt'
[1.026s] writing manifest file 'aruco_interfaces.egg-info/SOURCES.txt'
[1.047s] [ 16%] Built target ament_cmake_python_build_aruco_interfaces_egg
[1.048s] gmake: *** [Makefile:146: all] Error 2
[1.050s] Invoked command in '/home/notthecoolkid/mrtx/mrt_ws/build/aruco_interfaces' returned '2': CMAKE_PREFIX_PATH=/home/notthecoolkid/mrt_ws/install/week0_tutorials:/home/notthecoolkid/mrt_ws/install/sauron:/opt/ros/humble /usr/bin/cmake --build /home/notthecoolkid/mrtx/mrt_ws/build/aruco_interfaces -- -j20 -l20
