[0.503s] Invoking command in '/home/notthecoolkid/mrt_ws/src/sauron': PYTHONPATH=/home/notthecoolkid/mrt_ws/build/sauron/prefix_override:/usr/lib/python3/dist-packages/colcon_core/task/python/colcon_distutils_commands:/home/notthecoolkid/mrt_ws/install/sauron/lib/python3.10/site-packages:${PYTHONPATH} /usr/bin/python3 -W ignore:setup.py install is deprecated setup.py egg_info --egg-base ../../build/sauron build --build-base /home/notthecoolkid/mrt_ws/build/sauron/build install --record /home/notthecoolkid/mrt_ws/build/sauron/install.log --single-version-externally-managed install_data
[0.642s] running egg_info
[0.642s] writing ../../build/sauron/sauron.egg-info/PKG-INFO
[0.642s] writing dependency_links to ../../build/sauron/sauron.egg-info/dependency_links.txt
[0.643s] writing entry points to ../../build/sauron/sauron.egg-info/entry_points.txt
[0.643s] writing requirements to ../../build/sauron/sauron.egg-info/requires.txt
[0.643s] writing top-level names to ../../build/sauron/sauron.egg-info/top_level.txt
[0.644s] reading manifest file '../../build/sauron/sauron.egg-info/SOURCES.txt'
[0.644s] writing manifest file '../../build/sauron/sauron.egg-info/SOURCES.txt'
[0.644s] running build
[0.644s] running build_py
[0.644s] running install
[0.645s] running install_lib
[0.645s] running install_data
[0.645s] copying launch/pubsub.launch.py -> /home/notthecoolkid/mrt_ws/install/sauron/share/sauron
[0.645s] running install_egg_info
[0.646s] removing '/home/notthecoolkid/mrt_ws/install/sauron/lib/python3.10/site-packages/sauron-0.0.0-py3.10.egg-info' (and everything under it)
[0.646s] Copying ../../build/sauron/sauron.egg-info to /home/notthecoolkid/mrt_ws/install/sauron/lib/python3.10/site-packages/sauron-0.0.0-py3.10.egg-info
[0.647s] running install_scripts
[0.661s] Installing publisher1 script to /home/notthecoolkid/mrt_ws/install/sauron/lib/sauron
[0.661s] Installing publisher2 script to /home/notthecoolkid/mrt_ws/install/sauron/lib/sauron
[0.661s] Installing subscriber script to /home/notthecoolkid/mrt_ws/install/sauron/lib/sauron
[0.661s] writing list of installed files to '/home/notthecoolkid/mrt_ws/build/sauron/install.log'
[0.675s] Invoked command in '/home/notthecoolkid/mrt_ws/src/sauron' returned '0': PYTHONPATH=/home/notthecoolkid/mrt_ws/build/sauron/prefix_override:/usr/lib/python3/dist-packages/colcon_core/task/python/colcon_distutils_commands:/home/notthecoolkid/mrt_ws/install/sauron/lib/python3.10/site-packages:${PYTHONPATH} /usr/bin/python3 -W ignore:setup.py install is deprecated setup.py egg_info --egg-base ../../build/sauron build --build-base /home/notthecoolkid/mrt_ws/build/sauron/build install --record /home/notthecoolkid/mrt_ws/build/sauron/install.log --single-version-externally-managed install_data
