[0.007s] Invoking command in '/home/notthecoolkid/mrtx/mrt_ws/build/tutorial_interfaces': CMAKE_PREFIX_PATH=/home/notthecoolkid/mrtx/mrt_ws/install/week1_tutorials:/home/notthecoolkid/mrtx/mrt_ws/install/week0_tutorials:/home/notthecoolkid/mrtx/mrt_ws/install/sauron:/home/notthecoolkid/mrt_ws/install/week0_tutorials:/home/notthecoolkid/mrt_ws/install/sauron:/opt/ros/humble /usr/bin/cmake /home/notthecoolkid/mrtx/mrt_ws/src/tutorial_interfaces -DCMAKE_INSTALL_PREFIX=/home/notthecoolkid/mrtx/mrt_ws/install/tutorial_interfaces
[0.129s] -- The C compiler identification is GNU 11.4.0
[0.227s] -- The CXX compiler identification is GNU 11.4.0
[0.238s] -- Detecting C compiler ABI info
[0.314s] -- Detecting C compiler ABI info - done
[0.323s] -- Check for working C compiler: /usr/bin/cc - skipped
[0.324s] -- Detecting C compile features
[0.325s] -- Detecting C compile features - done
[0.329s] -- Detecting CXX compiler ABI info
[0.418s] -- Detecting CXX compiler ABI info - done
[0.426s] -- Check for working CXX compiler: /usr/bin/c++ - skipped
[0.427s] -- Detecting CXX compile features
[0.427s] -- Detecting CXX compile features - done
[0.433s] -- Found ament_cmake: 1.3.10 (/opt/ros/humble/share/ament_cmake/cmake)
[0.571s] -- Found Python3: /usr/bin/python3 (found version "3.10.12") found components: Interpreter 
[0.661s] -- Found ament_lint_auto: 0.12.11 (/opt/ros/humble/share/ament_lint_auto/cmake)
[0.732s] -- Found geometry_msgs: 4.2.4 (/opt/ros/humble/share/geometry_msgs/cmake)
[0.769s] -- Found rosidl_generator_c: 3.1.5 (/opt/ros/humble/share/rosidl_generator_c/cmake)
[0.773s] -- Found rosidl_adapter: 3.1.5 (/opt/ros/humble/share/rosidl_adapter/cmake)
[0.780s] -- Found rosidl_generator_cpp: 3.1.5 (/opt/ros/humble/share/rosidl_generator_cpp/cmake)
[0.790s] -- Using all available rosidl_typesupport_c: rosidl_typesupport_fastrtps_c;rosidl_typesupport_introspection_c
[0.803s] -- Using all available rosidl_typesupport_cpp: rosidl_typesupport_fastrtps_cpp;rosidl_typesupport_introspection_cpp
[0.835s] -- Found rosidl_default_generators: 1.2.0 (/opt/ros/humble/share/rosidl_default_generators/cmake)
[1.025s] -- Found ament_cmake_ros: 0.10.0 (/opt/ros/humble/share/ament_cmake_ros/cmake)
[1.351s] -- Using all available rosidl_typesupport_c: rosidl_typesupport_fastrtps_c;rosidl_typesupport_introspection_c
[1.470s] -- Using all available rosidl_typesupport_cpp: rosidl_typesupport_fastrtps_cpp;rosidl_typesupport_introspection_cpp
[1.487s] -- Found PythonInterp: /usr/bin/python3 (found suitable version "3.10.12", minimum required is "3.6") 
[1.489s] -- Found python_cmake_module: 0.10.0 (/opt/ros/humble/share/python_cmake_module/cmake)
[1.508s] -- Found PythonLibs: /usr/lib/x86_64-linux-gnu/libpython3.10.so (found suitable version "3.10.12", minimum required is "3.5") 
[1.508s] -- Using PYTHON_EXECUTABLE: /usr/bin/python3
[1.508s] -- Using PYTHON_INCLUDE_DIRS: /usr/include/python3.10
[1.508s] -- Using PYTHON_LIBRARIES: /usr/lib/x86_64-linux-gnu/libpython3.10.so
[1.525s] -- Found PythonExtra: .so  
[1.572s] -- Added test 'lint_cmake' to check CMake code style
[1.573s] -- Added test 'xmllint' to check XML markup files
[1.576s] -- Configuring done
[1.597s] -- Generating done
[1.599s] -- Build files have been written to: /home/notthecoolkid/mrtx/mrt_ws/build/tutorial_interfaces
[1.604s] Invoked command in '/home/notthecoolkid/mrtx/mrt_ws/build/tutorial_interfaces' returned '0': CMAKE_PREFIX_PATH=/home/notthecoolkid/mrtx/mrt_ws/install/week1_tutorials:/home/notthecoolkid/mrtx/mrt_ws/install/week0_tutorials:/home/notthecoolkid/mrtx/mrt_ws/install/sauron:/home/notthecoolkid/mrt_ws/install/week0_tutorials:/home/notthecoolkid/mrt_ws/install/sauron:/opt/ros/humble /usr/bin/cmake /home/notthecoolkid/mrtx/mrt_ws/src/tutorial_interfaces -DCMAKE_INSTALL_PREFIX=/home/notthecoolkid/mrtx/mrt_ws/install/tutorial_interfaces
[1.606s] Invoking command in '/home/notthecoolkid/mrtx/mrt_ws/build/tutorial_interfaces': CMAKE_PREFIX_PATH=/home/notthecoolkid/mrtx/mrt_ws/install/week1_tutorials:/home/notthecoolkid/mrtx/mrt_ws/install/week0_tutorials:/home/notthecoolkid/mrtx/mrt_ws/install/sauron:/home/notthecoolkid/mrt_ws/install/week0_tutorials:/home/notthecoolkid/mrt_ws/install/sauron:/opt/ros/humble /usr/bin/cmake --build /home/notthecoolkid/mrtx/mrt_ws/build/tutorial_interfaces -- -j20 -l20
[1.648s] [  2%] [34m[1mGenerating C code for ROS interfaces[0m
[1.658s] [  4%] [34m[1mGenerating C++ code for ROS interfaces[0m
[1.664s] [  4%] Built target ament_cmake_python_copy_tutorial_interfaces
[1.809s] running egg_info
[1.809s] creating tutorial_interfaces.egg-info
[1.809s] writing tutorial_interfaces.egg-info/PKG-INFO
[1.810s] writing dependency_links to tutorial_interfaces.egg-info/dependency_links.txt
[1.810s] writing top-level names to tutorial_interfaces.egg-info/top_level.txt
[1.810s] writing manifest file 'tutorial_interfaces.egg-info/SOURCES.txt'
[1.811s] reading manifest file 'tutorial_interfaces.egg-info/SOURCES.txt'
[1.811s] writing manifest file 'tutorial_interfaces.egg-info/SOURCES.txt'
[1.830s] [  4%] Built target ament_cmake_python_build_tutorial_interfaces_egg
[1.872s] [  4%] Built target tutorial_interfaces__cpp
[1.880s] [  6%] [34m[1mGenerating C++ introspection for ROS interfaces[0m
[1.880s] [  8%] [34m[1mGenerating C++ type support dispatch for ROS interfaces[0m
[1.881s] [ 10%] [34m[1mGenerating C++ type support for eProsima Fast-RTPS[0m
[1.888s] [ 12%] [32mBuilding C object CMakeFiles/tutorial_interfaces__rosidl_generator_c.dir/rosidl_generator_c/tutorial_interfaces/srv/detail/add_three_ints__functions.c.o[0m
[1.890s] [ 17%] [32mBuilding C object CMakeFiles/tutorial_interfaces__rosidl_generator_c.dir/rosidl_generator_c/tutorial_interfaces/msg/detail/num__functions.c.o[0m
[1.890s] [ 17%] [32mBuilding C object CMakeFiles/tutorial_interfaces__rosidl_generator_c.dir/rosidl_generator_c/tutorial_interfaces/msg/detail/sphere__functions.c.o[0m
[1.939s] [ 19%] [32m[1mLinking C shared library libtutorial_interfaces__rosidl_generator_c.so[0m
[1.973s] [ 19%] Built target tutorial_interfaces__rosidl_generator_c
[1.983s] [ 21%] [34m[1mGenerating C type support for eProsima Fast-RTPS[0m
[1.983s] [ 25%] [34m[1mGenerating C type support dispatch for ROS interfaces[0m
[1.983s] [ 25%] [34m[1mGenerating C introspection for ROS interfaces[0m
[2.071s] [ 27%] [32mBuilding CXX object CMakeFiles/tutorial_interfaces__rosidl_typesupport_cpp.dir/rosidl_typesupport_cpp/tutorial_interfaces/srv/add_three_ints__type_support.cpp.o[0m
[2.071s] [ 31%] [32mBuilding CXX object CMakeFiles/tutorial_interfaces__rosidl_typesupport_cpp.dir/rosidl_typesupport_cpp/tutorial_interfaces/msg/num__type_support.cpp.o[0m
[2.071s] [ 31%] [32mBuilding CXX object CMakeFiles/tutorial_interfaces__rosidl_typesupport_cpp.dir/rosidl_typesupport_cpp/tutorial_interfaces/msg/sphere__type_support.cpp.o[0m
[2.074s] [ 34%] [32mBuilding CXX object CMakeFiles/tutorial_interfaces__rosidl_typesupport_introspection_cpp.dir/rosidl_typesupport_introspection_cpp/tutorial_interfaces/msg/detail/sphere__type_support.cpp.o[0m
[2.075s] [ 36%] [32mBuilding CXX object CMakeFiles/tutorial_interfaces__rosidl_typesupport_introspection_cpp.dir/rosidl_typesupport_introspection_cpp/tutorial_interfaces/srv/detail/add_three_ints__type_support.cpp.o[0m
[2.076s] [ 38%] [32mBuilding CXX object CMakeFiles/tutorial_interfaces__rosidl_typesupport_introspection_cpp.dir/rosidl_typesupport_introspection_cpp/tutorial_interfaces/msg/detail/num__type_support.cpp.o[0m
[2.100s] [ 40%] [32mBuilding CXX object CMakeFiles/tutorial_interfaces__rosidl_typesupport_fastrtps_cpp.dir/rosidl_typesupport_fastrtps_cpp/tutorial_interfaces/srv/detail/dds_fastrtps/add_three_ints__type_support.cpp.o[0m
[2.102s] [ 44%] [32mBuilding CXX object CMakeFiles/tutorial_interfaces__rosidl_typesupport_fastrtps_cpp.dir/rosidl_typesupport_fastrtps_cpp/tutorial_interfaces/msg/detail/dds_fastrtps/num__type_support.cpp.o[0m
[2.103s] [ 44%] [32mBuilding CXX object CMakeFiles/tutorial_interfaces__rosidl_typesupport_fastrtps_cpp.dir/rosidl_typesupport_fastrtps_cpp/tutorial_interfaces/msg/detail/dds_fastrtps/sphere__type_support.cpp.o[0m
[2.170s] [ 46%] [32mBuilding CXX object CMakeFiles/tutorial_interfaces__rosidl_typesupport_c.dir/rosidl_typesupport_c/tutorial_interfaces/srv/add_three_ints__type_support.cpp.o[0m
[2.171s] [ 51%] [32mBuilding CXX object CMakeFiles/tutorial_interfaces__rosidl_typesupport_c.dir/rosidl_typesupport_c/tutorial_interfaces/msg/sphere__type_support.cpp.o[0m
[2.171s] [ 51%] [32mBuilding CXX object CMakeFiles/tutorial_interfaces__rosidl_typesupport_c.dir/rosidl_typesupport_c/tutorial_interfaces/msg/num__type_support.cpp.o[0m
[2.200s] [ 53%] [32mBuilding C object CMakeFiles/tutorial_interfaces__rosidl_typesupport_introspection_c.dir/rosidl_typesupport_introspection_c/tutorial_interfaces/msg/detail/num__type_support.c.o[0m
[2.200s] [ 55%] [32mBuilding C object CMakeFiles/tutorial_interfaces__rosidl_typesupport_introspection_c.dir/rosidl_typesupport_introspection_c/tutorial_interfaces/msg/detail/sphere__type_support.c.o[0m
[2.203s] [ 57%] [32mBuilding C object CMakeFiles/tutorial_interfaces__rosidl_typesupport_introspection_c.dir/rosidl_typesupport_introspection_c/tutorial_interfaces/srv/detail/add_three_ints__type_support.c.o[0m
[2.203s] [ 59%] [32m[1mLinking CXX shared library libtutorial_interfaces__rosidl_typesupport_c.so[0m
[2.214s] [ 61%] [32mBuilding CXX object CMakeFiles/tutorial_interfaces__rosidl_typesupport_fastrtps_c.dir/rosidl_typesupport_fastrtps_c/tutorial_interfaces/srv/detail/add_three_ints__type_support_c.cpp.o[0m
[2.214s] [ 65%] [32mBuilding CXX object CMakeFiles/tutorial_interfaces__rosidl_typesupport_fastrtps_c.dir/rosidl_typesupport_fastrtps_c/tutorial_interfaces/msg/detail/sphere__type_support_c.cpp.o[0m
[2.215s] [ 63%] [32mBuilding CXX object CMakeFiles/tutorial_interfaces__rosidl_typesupport_fastrtps_c.dir/rosidl_typesupport_fastrtps_c/tutorial_interfaces/msg/detail/num__type_support_c.cpp.o[0m
[2.233s] [ 68%] [32m[1mLinking C shared library libtutorial_interfaces__rosidl_typesupport_introspection_c.so[0m
[2.243s] [ 68%] Built target tutorial_interfaces__rosidl_typesupport_c
[2.264s] [ 68%] Built target tutorial_interfaces__rosidl_typesupport_introspection_c
[2.390s] [ 70%] [32m[1mLinking CXX shared library libtutorial_interfaces__rosidl_typesupport_cpp.so[0m
[2.429s] [ 70%] Built target tutorial_interfaces__rosidl_typesupport_cpp
[2.457s] [ 72%] [32m[1mLinking CXX shared library libtutorial_interfaces__rosidl_typesupport_fastrtps_c.so[0m
[2.459s] [ 74%] [32m[1mLinking CXX shared library libtutorial_interfaces__rosidl_typesupport_fastrtps_cpp.so[0m
[2.491s] [ 76%] [32m[1mLinking CXX shared library libtutorial_interfaces__rosidl_typesupport_introspection_cpp.so[0m
[2.511s] [ 76%] Built target tutorial_interfaces__rosidl_typesupport_fastrtps_c
[2.517s] [ 76%] Built target tutorial_interfaces__rosidl_typesupport_fastrtps_cpp
[2.542s] [ 76%] Built target tutorial_interfaces__rosidl_typesupport_introspection_cpp
[2.566s] [ 76%] Built target tutorial_interfaces
[2.589s] [ 78%] [34m[1mGenerating Python code for ROS interfaces[0m
[2.901s] [ 78%] Built target tutorial_interfaces__py
[2.917s] [ 80%] [32mBuilding C object CMakeFiles/tutorial_interfaces__rosidl_generator_py.dir/rosidl_generator_py/tutorial_interfaces/msg/_num_s.c.o[0m
[2.917s] [ 82%] [32mBuilding C object CMakeFiles/tutorial_interfaces__rosidl_generator_py.dir/rosidl_generator_py/tutorial_interfaces/msg/_sphere_s.c.o[0m
[2.921s] [ 85%] [32mBuilding C object CMakeFiles/tutorial_interfaces__rosidl_generator_py.dir/rosidl_generator_py/tutorial_interfaces/srv/_add_three_ints_s.c.o[0m
[3.007s] [ 87%] [32m[1mLinking C shared library rosidl_generator_py/tutorial_interfaces/libtutorial_interfaces__rosidl_generator_py.so[0m
[3.042s] [ 87%] Built target tutorial_interfaces__rosidl_generator_py
[3.068s] [ 89%] [32mBuilding C object CMakeFiles/tutorial_interfaces__rosidl_typesupport_c__pyext.dir/rosidl_generator_py/tutorial_interfaces/_tutorial_interfaces_s.ep.rosidl_typesupport_c.c.o[0m
[3.070s] [ 93%] [32mBuilding C object CMakeFiles/tutorial_interfaces__rosidl_typesupport_fastrtps_c__pyext.dir/rosidl_generator_py/tutorial_interfaces/_tutorial_interfaces_s.ep.rosidl_typesupport_fastrtps_c.c.o[0m
[3.070s] [ 93%] [32mBuilding C object CMakeFiles/tutorial_interfaces__rosidl_typesupport_introspection_c__pyext.dir/rosidl_generator_py/tutorial_interfaces/_tutorial_interfaces_s.ep.rosidl_typesupport_introspection_c.c.o[0m
[3.143s] [ 95%] [32m[1mLinking C shared library rosidl_generator_py/tutorial_interfaces/tutorial_interfaces_s__rosidl_typesupport_fastrtps_c.cpython-310-x86_64-linux-gnu.so[0m
[3.143s] [ 97%] [32m[1mLinking C shared library rosidl_generator_py/tutorial_interfaces/tutorial_interfaces_s__rosidl_typesupport_introspection_c.cpython-310-x86_64-linux-gnu.so[0m
[3.144s] [100%] [32m[1mLinking C shared library rosidl_generator_py/tutorial_interfaces/tutorial_interfaces_s__rosidl_typesupport_c.cpython-310-x86_64-linux-gnu.so[0m
[3.175s] [100%] Built target tutorial_interfaces__rosidl_typesupport_fastrtps_c__pyext
[3.176s] [100%] Built target tutorial_interfaces__rosidl_typesupport_c__pyext
[3.176s] [100%] Built target tutorial_interfaces__rosidl_typesupport_introspection_c__pyext
[3.185s] Invoked command in '/home/notthecoolkid/mrtx/mrt_ws/build/tutorial_interfaces' returned '0': CMAKE_PREFIX_PATH=/home/notthecoolkid/mrtx/mrt_ws/install/week1_tutorials:/home/notthecoolkid/mrtx/mrt_ws/install/week0_tutorials:/home/notthecoolkid/mrtx/mrt_ws/install/sauron:/home/notthecoolkid/mrt_ws/install/week0_tutorials:/home/notthecoolkid/mrt_ws/install/sauron:/opt/ros/humble /usr/bin/cmake --build /home/notthecoolkid/mrtx/mrt_ws/build/tutorial_interfaces -- -j20 -l20
[3.282s] Invoking command in '/home/notthecoolkid/mrtx/mrt_ws/build/tutorial_interfaces': CMAKE_PREFIX_PATH=/home/notthecoolkid/mrtx/mrt_ws/install/week1_tutorials:/home/notthecoolkid/mrtx/mrt_ws/install/week0_tutorials:/home/notthecoolkid/mrtx/mrt_ws/install/sauron:/home/notthecoolkid/mrt_ws/install/week0_tutorials:/home/notthecoolkid/mrt_ws/install/sauron:/opt/ros/humble /usr/bin/cmake --install /home/notthecoolkid/mrtx/mrt_ws/build/tutorial_interfaces
[3.290s] -- Install configuration: ""
[3.290s] -- Installing: /home/notthecoolkid/mrtx/mrt_ws/install/tutorial_interfaces/share/ament_index/resource_index/rosidl_interfaces/tutorial_interfaces
[3.290s] -- Installing: /home/notthecoolkid/mrtx/mrt_ws/install/tutorial_interfaces/include/tutorial_interfaces/tutorial_interfaces
[3.290s] -- Installing: /home/notthecoolkid/mrtx/mrt_ws/install/tutorial_interfaces/include/tutorial_interfaces/tutorial_interfaces/msg
[3.290s] -- Installing: /home/notthecoolkid/mrtx/mrt_ws/install/tutorial_interfaces/include/tutorial_interfaces/tutorial_interfaces/msg/rosidl_generator_c__visibility_control.h
[3.290s] -- Installing: /home/notthecoolkid/mrtx/mrt_ws/install/tutorial_interfaces/include/tutorial_interfaces/tutorial_interfaces/msg/detail
[3.291s] -- Installing: /home/notthecoolkid/mrtx/mrt_ws/install/tutorial_interfaces/include/tutorial_interfaces/tutorial_interfaces/msg/detail/sphere__functions.h
[3.291s] -- Installing: /home/notthecoolkid/mrtx/mrt_ws/install/tutorial_interfaces/include/tutorial_interfaces/tutorial_interfaces/msg/detail/num__type_support.h
[3.291s] -- Installing: /home/notthecoolkid/mrtx/mrt_ws/install/tutorial_interfaces/include/tutorial_interfaces/tutorial_interfaces/msg/detail/num__functions.h
[3.291s] -- Installing: /home/notthecoolkid/mrtx/mrt_ws/install/tutorial_interfaces/include/tutorial_interfaces/tutorial_interfaces/msg/detail/sphere__functions.c
[3.291s] -- Installing: /home/notthecoolkid/mrtx/mrt_ws/install/tutorial_interfaces/include/tutorial_interfaces/tutorial_interfaces/msg/detail/sphere__type_support.h
[3.291s] -- Installing: /home/notthecoolkid/mrtx/mrt_ws/install/tutorial_interfaces/include/tutorial_interfaces/tutorial_interfaces/msg/detail/sphere__struct.h
[3.291s] -- Installing: /home/notthecoolkid/mrtx/mrt_ws/install/tutorial_interfaces/include/tutorial_interfaces/tutorial_interfaces/msg/detail/num__functions.c
[3.291s] -- Installing: /home/notthecoolkid/mrtx/mrt_ws/install/tutorial_interfaces/include/tutorial_interfaces/tutorial_interfaces/msg/detail/num__struct.h
[3.291s] -- Installing: /home/notthecoolkid/mrtx/mrt_ws/install/tutorial_interfaces/include/tutorial_interfaces/tutorial_interfaces/msg/num.h
[3.291s] -- Installing: /home/notthecoolkid/mrtx/mrt_ws/install/tutorial_interfaces/include/tutorial_interfaces/tutorial_interfaces/msg/sphere.h
[3.291s] -- Installing: /home/notthecoolkid/mrtx/mrt_ws/install/tutorial_interfaces/include/tutorial_interfaces/tutorial_interfaces/srv
[3.291s] -- Installing: /home/notthecoolkid/mrtx/mrt_ws/install/tutorial_interfaces/include/tutorial_interfaces/tutorial_interfaces/srv/detail
[3.291s] -- Installing: /home/notthecoolkid/mrtx/mrt_ws/install/tutorial_interfaces/include/tutorial_interfaces/tutorial_interfaces/srv/detail/add_three_ints__type_support.h
[3.291s] -- Installing: /home/notthecoolkid/mrtx/mrt_ws/install/tutorial_interfaces/include/tutorial_interfaces/tutorial_interfaces/srv/detail/add_three_ints__functions.c
[3.292s] -- Installing: /home/notthecoolkid/mrtx/mrt_ws/install/tutorial_interfaces/include/tutorial_interfaces/tutorial_interfaces/srv/detail/add_three_ints__struct.h
[3.292s] -- Installing: /home/notthecoolkid/mrtx/mrt_ws/install/tutorial_interfaces/include/tutorial_interfaces/tutorial_interfaces/srv/detail/add_three_ints__functions.h
[3.292s] -- Installing: /home/notthecoolkid/mrtx/mrt_ws/install/tutorial_interfaces/include/tutorial_interfaces/tutorial_interfaces/srv/add_three_ints.h
[3.292s] -- Installing: /home/notthecoolkid/mrtx/mrt_ws/install/tutorial_interfaces/share/tutorial_interfaces/environment/library_path.sh
[3.292s] -- Installing: /home/notthecoolkid/mrtx/mrt_ws/install/tutorial_interfaces/share/tutorial_interfaces/environment/library_path.dsv
[3.292s] -- Installing: /home/notthecoolkid/mrtx/mrt_ws/install/tutorial_interfaces/lib/libtutorial_interfaces__rosidl_generator_c.so
[3.292s] -- Set runtime path of "/home/notthecoolkid/mrtx/mrt_ws/install/tutorial_interfaces/lib/libtutorial_interfaces__rosidl_generator_c.so" to ""
[3.292s] -- Up-to-date: /home/notthecoolkid/mrtx/mrt_ws/install/tutorial_interfaces/include/tutorial_interfaces/tutorial_interfaces
[3.292s] -- Up-to-date: /home/notthecoolkid/mrtx/mrt_ws/install/tutorial_interfaces/include/tutorial_interfaces/tutorial_interfaces/msg
[3.293s] -- Installing: /home/notthecoolkid/mrtx/mrt_ws/install/tutorial_interfaces/include/tutorial_interfaces/tutorial_interfaces/msg/rosidl_typesupport_fastrtps_c__visibility_control.h
[3.293s] -- Up-to-date: /home/notthecoolkid/mrtx/mrt_ws/install/tutorial_interfaces/include/tutorial_interfaces/tutorial_interfaces/msg/detail
[3.293s] -- Installing: /home/notthecoolkid/mrtx/mrt_ws/install/tutorial_interfaces/include/tutorial_interfaces/tutorial_interfaces/msg/detail/num__rosidl_typesupport_fastrtps_c.h
[3.293s] -- Installing: /home/notthecoolkid/mrtx/mrt_ws/install/tutorial_interfaces/include/tutorial_interfaces/tutorial_interfaces/msg/detail/sphere__rosidl_typesupport_fastrtps_c.h
[3.293s] -- Up-to-date: /home/notthecoolkid/mrtx/mrt_ws/install/tutorial_interfaces/include/tutorial_interfaces/tutorial_interfaces/srv
[3.293s] -- Up-to-date: /home/notthecoolkid/mrtx/mrt_ws/install/tutorial_interfaces/include/tutorial_interfaces/tutorial_interfaces/srv/detail
[3.293s] -- Installing: /home/notthecoolkid/mrtx/mrt_ws/install/tutorial_interfaces/include/tutorial_interfaces/tutorial_interfaces/srv/detail/add_three_ints__rosidl_typesupport_fastrtps_c.h
[3.293s] -- Installing: /home/notthecoolkid/mrtx/mrt_ws/install/tutorial_interfaces/lib/libtutorial_interfaces__rosidl_typesupport_fastrtps_c.so
[3.293s] -- Set runtime path of "/home/notthecoolkid/mrtx/mrt_ws/install/tutorial_interfaces/lib/libtutorial_interfaces__rosidl_typesupport_fastrtps_c.so" to ""
[3.293s] -- Up-to-date: /home/notthecoolkid/mrtx/mrt_ws/install/tutorial_interfaces/include/tutorial_interfaces/tutorial_interfaces
[3.293s] -- Up-to-date: /home/notthecoolkid/mrtx/mrt_ws/install/tutorial_interfaces/include/tutorial_interfaces/tutorial_interfaces/msg
[3.293s] -- Installing: /home/notthecoolkid/mrtx/mrt_ws/install/tutorial_interfaces/include/tutorial_interfaces/tutorial_interfaces/msg/sphere.hpp
[3.293s] -- Up-to-date: /home/notthecoolkid/mrtx/mrt_ws/install/tutorial_interfaces/include/tutorial_interfaces/tutorial_interfaces/msg/detail
[3.293s] -- Installing: /home/notthecoolkid/mrtx/mrt_ws/install/tutorial_interfaces/include/tutorial_interfaces/tutorial_interfaces/msg/detail/sphere__builder.hpp
[3.293s] -- Installing: /home/notthecoolkid/mrtx/mrt_ws/install/tutorial_interfaces/include/tutorial_interfaces/tutorial_interfaces/msg/detail/sphere__struct.hpp
[3.294s] -- Installing: /home/notthecoolkid/mrtx/mrt_ws/install/tutorial_interfaces/include/tutorial_interfaces/tutorial_interfaces/msg/detail/num__builder.hpp
[3.294s] -- Installing: /home/notthecoolkid/mrtx/mrt_ws/install/tutorial_interfaces/include/tutorial_interfaces/tutorial_interfaces/msg/detail/num__struct.hpp
[3.294s] -- Installing: /home/notthecoolkid/mrtx/mrt_ws/install/tutorial_interfaces/include/tutorial_interfaces/tutorial_interfaces/msg/detail/num__traits.hpp
[3.294s] -- Installing: /home/notthecoolkid/mrtx/mrt_ws/install/tutorial_interfaces/include/tutorial_interfaces/tutorial_interfaces/msg/detail/sphere__traits.hpp
[3.294s] -- Installing: /home/notthecoolkid/mrtx/mrt_ws/install/tutorial_interfaces/include/tutorial_interfaces/tutorial_interfaces/msg/num.hpp
[3.294s] -- Up-to-date: /home/notthecoolkid/mrtx/mrt_ws/install/tutorial_interfaces/include/tutorial_interfaces/tutorial_interfaces/srv
[3.294s] -- Up-to-date: /home/notthecoolkid/mrtx/mrt_ws/install/tutorial_interfaces/include/tutorial_interfaces/tutorial_interfaces/srv/detail
[3.294s] -- Installing: /home/notthecoolkid/mrtx/mrt_ws/install/tutorial_interfaces/include/tutorial_interfaces/tutorial_interfaces/srv/detail/add_three_ints__traits.hpp
[3.294s] -- Installing: /home/notthecoolkid/mrtx/mrt_ws/install/tutorial_interfaces/include/tutorial_interfaces/tutorial_interfaces/srv/detail/add_three_ints__builder.hpp
[3.294s] -- Installing: /home/notthecoolkid/mrtx/mrt_ws/install/tutorial_interfaces/include/tutorial_interfaces/tutorial_interfaces/srv/detail/add_three_ints__struct.hpp
[3.294s] -- Installing: /home/notthecoolkid/mrtx/mrt_ws/install/tutorial_interfaces/include/tutorial_interfaces/tutorial_interfaces/srv/add_three_ints.hpp
[3.294s] -- Up-to-date: /home/notthecoolkid/mrtx/mrt_ws/install/tutorial_interfaces/include/tutorial_interfaces/tutorial_interfaces
[3.294s] -- Up-to-date: /home/notthecoolkid/mrtx/mrt_ws/install/tutorial_interfaces/include/tutorial_interfaces/tutorial_interfaces/msg
[3.294s] -- Up-to-date: /home/notthecoolkid/mrtx/mrt_ws/install/tutorial_interfaces/include/tutorial_interfaces/tutorial_interfaces/msg/detail
[3.294s] -- Installing: /home/notthecoolkid/mrtx/mrt_ws/install/tutorial_interfaces/include/tutorial_interfaces/tutorial_interfaces/msg/detail/dds_fastrtps
[3.294s] -- Installing: /home/notthecoolkid/mrtx/mrt_ws/install/tutorial_interfaces/include/tutorial_interfaces/tutorial_interfaces/msg/detail/sphere__rosidl_typesupport_fastrtps_cpp.hpp
[3.294s] -- Installing: /home/notthecoolkid/mrtx/mrt_ws/install/tutorial_interfaces/include/tutorial_interfaces/tutorial_interfaces/msg/detail/num__rosidl_typesupport_fastrtps_cpp.hpp
[3.295s] -- Installing: /home/notthecoolkid/mrtx/mrt_ws/install/tutorial_interfaces/include/tutorial_interfaces/tutorial_interfaces/msg/rosidl_typesupport_fastrtps_cpp__visibility_control.h
[3.295s] -- Up-to-date: /home/notthecoolkid/mrtx/mrt_ws/install/tutorial_interfaces/include/tutorial_interfaces/tutorial_interfaces/srv
[3.295s] -- Up-to-date: /home/notthecoolkid/mrtx/mrt_ws/install/tutorial_interfaces/include/tutorial_interfaces/tutorial_interfaces/srv/detail
[3.295s] -- Installing: /home/notthecoolkid/mrtx/mrt_ws/install/tutorial_interfaces/include/tutorial_interfaces/tutorial_interfaces/srv/detail/add_three_ints__rosidl_typesupport_fastrtps_cpp.hpp
[3.295s] -- Installing: /home/notthecoolkid/mrtx/mrt_ws/install/tutorial_interfaces/include/tutorial_interfaces/tutorial_interfaces/srv/detail/dds_fastrtps
[3.295s] -- Installing: /home/notthecoolkid/mrtx/mrt_ws/install/tutorial_interfaces/lib/libtutorial_interfaces__rosidl_typesupport_fastrtps_cpp.so
[3.295s] -- Set runtime path of "/home/notthecoolkid/mrtx/mrt_ws/install/tutorial_interfaces/lib/libtutorial_interfaces__rosidl_typesupport_fastrtps_cpp.so" to ""
[3.295s] -- Up-to-date: /home/notthecoolkid/mrtx/mrt_ws/install/tutorial_interfaces/include/tutorial_interfaces/tutorial_interfaces
[3.295s] -- Up-to-date: /home/notthecoolkid/mrtx/mrt_ws/install/tutorial_interfaces/include/tutorial_interfaces/tutorial_interfaces/msg
[3.295s] -- Up-to-date: /home/notthecoolkid/mrtx/mrt_ws/install/tutorial_interfaces/include/tutorial_interfaces/tutorial_interfaces/msg/detail
[3.295s] -- Installing: /home/notthecoolkid/mrtx/mrt_ws/install/tutorial_interfaces/include/tutorial_interfaces/tutorial_interfaces/msg/detail/sphere__rosidl_typesupport_introspection_c.h
[3.295s] -- Installing: /home/notthecoolkid/mrtx/mrt_ws/install/tutorial_interfaces/include/tutorial_interfaces/tutorial_interfaces/msg/detail/sphere__type_support.c
[3.295s] -- Installing: /home/notthecoolkid/mrtx/mrt_ws/install/tutorial_interfaces/include/tutorial_interfaces/tutorial_interfaces/msg/detail/num__rosidl_typesupport_introspection_c.h
[3.295s] -- Installing: /home/notthecoolkid/mrtx/mrt_ws/install/tutorial_interfaces/include/tutorial_interfaces/tutorial_interfaces/msg/detail/num__type_support.c
[3.295s] -- Installing: /home/notthecoolkid/mrtx/mrt_ws/install/tutorial_interfaces/include/tutorial_interfaces/tutorial_interfaces/msg/rosidl_typesupport_introspection_c__visibility_control.h
[3.295s] -- Up-to-date: /home/notthecoolkid/mrtx/mrt_ws/install/tutorial_interfaces/include/tutorial_interfaces/tutorial_interfaces/srv
[3.296s] -- Up-to-date: /home/notthecoolkid/mrtx/mrt_ws/install/tutorial_interfaces/include/tutorial_interfaces/tutorial_interfaces/srv/detail
[3.296s] -- Installing: /home/notthecoolkid/mrtx/mrt_ws/install/tutorial_interfaces/include/tutorial_interfaces/tutorial_interfaces/srv/detail/add_three_ints__rosidl_typesupport_introspection_c.h
[3.296s] -- Installing: /home/notthecoolkid/mrtx/mrt_ws/install/tutorial_interfaces/include/tutorial_interfaces/tutorial_interfaces/srv/detail/add_three_ints__type_support.c
[3.296s] -- Installing: /home/notthecoolkid/mrtx/mrt_ws/install/tutorial_interfaces/lib/libtutorial_interfaces__rosidl_typesupport_introspection_c.so
[3.296s] -- Set runtime path of "/home/notthecoolkid/mrtx/mrt_ws/install/tutorial_interfaces/lib/libtutorial_interfaces__rosidl_typesupport_introspection_c.so" to ""
[3.296s] -- Installing: /home/notthecoolkid/mrtx/mrt_ws/install/tutorial_interfaces/lib/libtutorial_interfaces__rosidl_typesupport_c.so
[3.296s] -- Set runtime path of "/home/notthecoolkid/mrtx/mrt_ws/install/tutorial_interfaces/lib/libtutorial_interfaces__rosidl_typesupport_c.so" to ""
[3.296s] -- Up-to-date: /home/notthecoolkid/mrtx/mrt_ws/install/tutorial_interfaces/include/tutorial_interfaces/tutorial_interfaces
[3.296s] -- Up-to-date: /home/notthecoolkid/mrtx/mrt_ws/install/tutorial_interfaces/include/tutorial_interfaces/tutorial_interfaces/msg
[3.296s] -- Up-to-date: /home/notthecoolkid/mrtx/mrt_ws/install/tutorial_interfaces/include/tutorial_interfaces/tutorial_interfaces/msg/detail
[3.296s] -- Installing: /home/notthecoolkid/mrtx/mrt_ws/install/tutorial_interfaces/include/tutorial_interfaces/tutorial_interfaces/msg/detail/sphere__type_support.cpp
[3.296s] -- Installing: /home/notthecoolkid/mrtx/mrt_ws/install/tutorial_interfaces/include/tutorial_interfaces/tutorial_interfaces/msg/detail/sphere__rosidl_typesupport_introspection_cpp.hpp
[3.296s] -- Installing: /home/notthecoolkid/mrtx/mrt_ws/install/tutorial_interfaces/include/tutorial_interfaces/tutorial_interfaces/msg/detail/num__rosidl_typesupport_introspection_cpp.hpp
[3.296s] -- Installing: /home/notthecoolkid/mrtx/mrt_ws/install/tutorial_interfaces/include/tutorial_interfaces/tutorial_interfaces/msg/detail/num__type_support.cpp
[3.297s] -- Up-to-date: /home/notthecoolkid/mrtx/mrt_ws/install/tutorial_interfaces/include/tutorial_interfaces/tutorial_interfaces/srv
[3.297s] -- Up-to-date: /home/notthecoolkid/mrtx/mrt_ws/install/tutorial_interfaces/include/tutorial_interfaces/tutorial_interfaces/srv/detail
[3.297s] -- Installing: /home/notthecoolkid/mrtx/mrt_ws/install/tutorial_interfaces/include/tutorial_interfaces/tutorial_interfaces/srv/detail/add_three_ints__rosidl_typesupport_introspection_cpp.hpp
[3.297s] -- Installing: /home/notthecoolkid/mrtx/mrt_ws/install/tutorial_interfaces/include/tutorial_interfaces/tutorial_interfaces/srv/detail/add_three_ints__type_support.cpp
[3.297s] -- Installing: /home/notthecoolkid/mrtx/mrt_ws/install/tutorial_interfaces/lib/libtutorial_interfaces__rosidl_typesupport_introspection_cpp.so
[3.297s] -- Set runtime path of "/home/notthecoolkid/mrtx/mrt_ws/install/tutorial_interfaces/lib/libtutorial_interfaces__rosidl_typesupport_introspection_cpp.so" to ""
[3.297s] -- Installing: /home/notthecoolkid/mrtx/mrt_ws/install/tutorial_interfaces/lib/libtutorial_interfaces__rosidl_typesupport_cpp.so
[3.297s] -- Set runtime path of "/home/notthecoolkid/mrtx/mrt_ws/install/tutorial_interfaces/lib/libtutorial_interfaces__rosidl_typesupport_cpp.so" to ""
[3.297s] -- Installing: /home/notthecoolkid/mrtx/mrt_ws/install/tutorial_interfaces/share/tutorial_interfaces/environment/pythonpath.sh
[3.297s] -- Installing: /home/notthecoolkid/mrtx/mrt_ws/install/tutorial_interfaces/share/tutorial_interfaces/environment/pythonpath.dsv
[3.297s] -- Installing: /home/notthecoolkid/mrtx/mrt_ws/install/tutorial_interfaces/local/lib/python3.10/dist-packages/tutorial_interfaces-0.0.0-py3.10.egg-info
[3.297s] -- Installing: /home/notthecoolkid/mrtx/mrt_ws/install/tutorial_interfaces/local/lib/python3.10/dist-packages/tutorial_interfaces-0.0.0-py3.10.egg-info/top_level.txt
[3.298s] -- Installing: /home/notthecoolkid/mrtx/mrt_ws/install/tutorial_interfaces/local/lib/python3.10/dist-packages/tutorial_interfaces-0.0.0-py3.10.egg-info/dependency_links.txt
[3.298s] -- Installing: /home/notthecoolkid/mrtx/mrt_ws/install/tutorial_interfaces/local/lib/python3.10/dist-packages/tutorial_interfaces-0.0.0-py3.10.egg-info/PKG-INFO
[3.298s] -- Installing: /home/notthecoolkid/mrtx/mrt_ws/install/tutorial_interfaces/local/lib/python3.10/dist-packages/tutorial_interfaces-0.0.0-py3.10.egg-info/SOURCES.txt
[3.298s] -- Installing: /home/notthecoolkid/mrtx/mrt_ws/install/tutorial_interfaces/local/lib/python3.10/dist-packages/tutorial_interfaces
[3.298s] -- Installing: /home/notthecoolkid/mrtx/mrt_ws/install/tutorial_interfaces/local/lib/python3.10/dist-packages/tutorial_interfaces/tutorial_interfaces_s__rosidl_typesupport_introspection_c.cpython-310-x86_64-linux-gnu.so
[3.298s] -- Installing: /home/notthecoolkid/mrtx/mrt_ws/install/tutorial_interfaces/local/lib/python3.10/dist-packages/tutorial_interfaces/msg
[3.298s] -- Installing: /home/notthecoolkid/mrtx/mrt_ws/install/tutorial_interfaces/local/lib/python3.10/dist-packages/tutorial_interfaces/msg/_num.py
[3.298s] -- Installing: /home/notthecoolkid/mrtx/mrt_ws/install/tutorial_interfaces/local/lib/python3.10/dist-packages/tutorial_interfaces/msg/_sphere.py
[3.298s] -- Installing: /home/notthecoolkid/mrtx/mrt_ws/install/tutorial_interfaces/local/lib/python3.10/dist-packages/tutorial_interfaces/msg/_sphere_s.c
[3.298s] -- Installing: /home/notthecoolkid/mrtx/mrt_ws/install/tutorial_interfaces/local/lib/python3.10/dist-packages/tutorial_interfaces/msg/__init__.py
[3.298s] -- Installing: /home/notthecoolkid/mrtx/mrt_ws/install/tutorial_interfaces/local/lib/python3.10/dist-packages/tutorial_interfaces/msg/_num_s.c
[3.298s] -- Installing: /home/notthecoolkid/mrtx/mrt_ws/install/tutorial_interfaces/local/lib/python3.10/dist-packages/tutorial_interfaces/tutorial_interfaces_s__rosidl_typesupport_fastrtps_c.cpython-310-x86_64-linux-gnu.so
[3.299s] -- Installing: /home/notthecoolkid/mrtx/mrt_ws/install/tutorial_interfaces/local/lib/python3.10/dist-packages/tutorial_interfaces/_tutorial_interfaces_s.ep.rosidl_typesupport_fastrtps_c.c
[3.299s] -- Installing: /home/notthecoolkid/mrtx/mrt_ws/install/tutorial_interfaces/local/lib/python3.10/dist-packages/tutorial_interfaces/__init__.py
[3.299s] -- Installing: /home/notthecoolkid/mrtx/mrt_ws/install/tutorial_interfaces/local/lib/python3.10/dist-packages/tutorial_interfaces/_tutorial_interfaces_s.ep.rosidl_typesupport_c.c
[3.299s] -- Installing: /home/notthecoolkid/mrtx/mrt_ws/install/tutorial_interfaces/local/lib/python3.10/dist-packages/tutorial_interfaces/_tutorial_interfaces_s.ep.rosidl_typesupport_introspection_c.c
[3.299s] -- Installing: /home/notthecoolkid/mrtx/mrt_ws/install/tutorial_interfaces/local/lib/python3.10/dist-packages/tutorial_interfaces/libtutorial_interfaces__rosidl_generator_py.so
[3.299s] -- Installing: /home/notthecoolkid/mrtx/mrt_ws/install/tutorial_interfaces/local/lib/python3.10/dist-packages/tutorial_interfaces/srv
[3.299s] -- Installing: /home/notthecoolkid/mrtx/mrt_ws/install/tutorial_interfaces/local/lib/python3.10/dist-packages/tutorial_interfaces/srv/_add_three_ints_s.c
[3.299s] -- Installing: /home/notthecoolkid/mrtx/mrt_ws/install/tutorial_interfaces/local/lib/python3.10/dist-packages/tutorial_interfaces/srv/__init__.py
[3.299s] -- Installing: /home/notthecoolkid/mrtx/mrt_ws/install/tutorial_interfaces/local/lib/python3.10/dist-packages/tutorial_interfaces/srv/_add_three_ints.py
[3.299s] -- Installing: /home/notthecoolkid/mrtx/mrt_ws/install/tutorial_interfaces/local/lib/python3.10/dist-packages/tutorial_interfaces/tutorial_interfaces_s__rosidl_typesupport_c.cpython-310-x86_64-linux-gnu.so
[3.339s] Listing '/home/notthecoolkid/mrtx/mrt_ws/install/tutorial_interfaces/local/lib/python3.10/dist-packages/tutorial_interfaces'...
[3.339s] Compiling '/home/notthecoolkid/mrtx/mrt_ws/install/tutorial_interfaces/local/lib/python3.10/dist-packages/tutorial_interfaces/__init__.py'...
[3.339s] Listing '/home/notthecoolkid/mrtx/mrt_ws/install/tutorial_interfaces/local/lib/python3.10/dist-packages/tutorial_interfaces/msg'...
[3.340s] Compiling '/home/notthecoolkid/mrtx/mrt_ws/install/tutorial_interfaces/local/lib/python3.10/dist-packages/tutorial_interfaces/msg/__init__.py'...
[3.340s] Compiling '/home/notthecoolkid/mrtx/mrt_ws/install/tutorial_interfaces/local/lib/python3.10/dist-packages/tutorial_interfaces/msg/_num.py'...
[3.340s] Compiling '/home/notthecoolkid/mrtx/mrt_ws/install/tutorial_interfaces/local/lib/python3.10/dist-packages/tutorial_interfaces/msg/_sphere.py'...
[3.340s] Listing '/home/notthecoolkid/mrtx/mrt_ws/install/tutorial_interfaces/local/lib/python3.10/dist-packages/tutorial_interfaces/srv'...
[3.340s] Compiling '/home/notthecoolkid/mrtx/mrt_ws/install/tutorial_interfaces/local/lib/python3.10/dist-packages/tutorial_interfaces/srv/__init__.py'...
[3.340s] Compiling '/home/notthecoolkid/mrtx/mrt_ws/install/tutorial_interfaces/local/lib/python3.10/dist-packages/tutorial_interfaces/srv/_add_three_ints.py'...
[3.343s] -- Installing: /home/notthecoolkid/mrtx/mrt_ws/install/tutorial_interfaces/local/lib/python3.10/dist-packages/tutorial_interfaces/tutorial_interfaces_s__rosidl_typesupport_fastrtps_c.cpython-310-x86_64-linux-gnu.so
[3.343s] -- Set runtime path of "/home/notthecoolkid/mrtx/mrt_ws/install/tutorial_interfaces/local/lib/python3.10/dist-packages/tutorial_interfaces/tutorial_interfaces_s__rosidl_typesupport_fastrtps_c.cpython-310-x86_64-linux-gnu.so" to ""
[3.343s] -- Installing: /home/notthecoolkid/mrtx/mrt_ws/install/tutorial_interfaces/local/lib/python3.10/dist-packages/tutorial_interfaces/tutorial_interfaces_s__rosidl_typesupport_introspection_c.cpython-310-x86_64-linux-gnu.so
[3.343s] -- Set runtime path of "/home/notthecoolkid/mrtx/mrt_ws/install/tutorial_interfaces/local/lib/python3.10/dist-packages/tutorial_interfaces/tutorial_interfaces_s__rosidl_typesupport_introspection_c.cpython-310-x86_64-linux-gnu.so" to ""
[3.343s] -- Installing: /home/notthecoolkid/mrtx/mrt_ws/install/tutorial_interfaces/local/lib/python3.10/dist-packages/tutorial_interfaces/tutorial_interfaces_s__rosidl_typesupport_c.cpython-310-x86_64-linux-gnu.so
[3.343s] -- Set runtime path of "/home/notthecoolkid/mrtx/mrt_ws/install/tutorial_interfaces/local/lib/python3.10/dist-packages/tutorial_interfaces/tutorial_interfaces_s__rosidl_typesupport_c.cpython-310-x86_64-linux-gnu.so" to ""
[3.343s] -- Installing: /home/notthecoolkid/mrtx/mrt_ws/install/tutorial_interfaces/lib/libtutorial_interfaces__rosidl_generator_py.so
[3.343s] -- Set runtime path of "/home/notthecoolkid/mrtx/mrt_ws/install/tutorial_interfaces/lib/libtutorial_interfaces__rosidl_generator_py.so" to ""
[3.343s] -- Installing: /home/notthecoolkid/mrtx/mrt_ws/install/tutorial_interfaces/share/tutorial_interfaces/msg/Num.idl
[3.344s] -- Installing: /home/notthecoolkid/mrtx/mrt_ws/install/tutorial_interfaces/share/tutorial_interfaces/msg/Sphere.idl
[3.344s] -- Installing: /home/notthecoolkid/mrtx/mrt_ws/install/tutorial_interfaces/share/tutorial_interfaces/srv/AddThreeInts.idl
[3.344s] -- Installing: /home/notthecoolkid/mrtx/mrt_ws/install/tutorial_interfaces/share/tutorial_interfaces/msg/Num.msg
[3.344s] -- Installing: /home/notthecoolkid/mrtx/mrt_ws/install/tutorial_interfaces/share/tutorial_interfaces/msg/Sphere.msg
[3.344s] -- Installing: /home/notthecoolkid/mrtx/mrt_ws/install/tutorial_interfaces/share/tutorial_interfaces/srv/AddThreeInts.srv
[3.344s] -- Installing: /home/notthecoolkid/mrtx/mrt_ws/install/tutorial_interfaces/share/tutorial_interfaces/srv/AddThreeInts_Request.msg
[3.344s] -- Installing: /home/notthecoolkid/mrtx/mrt_ws/install/tutorial_interfaces/share/tutorial_interfaces/srv/AddThreeInts_Response.msg
[3.344s] -- Installing: /home/notthecoolkid/mrtx/mrt_ws/install/tutorial_interfaces/share/ament_index/resource_index/package_run_dependencies/tutorial_interfaces
[3.344s] -- Installing: /home/notthecoolkid/mrtx/mrt_ws/install/tutorial_interfaces/share/ament_index/resource_index/parent_prefix_path/tutorial_interfaces
[3.344s] -- Installing: /home/notthecoolkid/mrtx/mrt_ws/install/tutorial_interfaces/share/tutorial_interfaces/environment/ament_prefix_path.sh
[3.344s] -- Installing: /home/notthecoolkid/mrtx/mrt_ws/install/tutorial_interfaces/share/tutorial_interfaces/environment/ament_prefix_path.dsv
[3.345s] -- Installing: /home/notthecoolkid/mrtx/mrt_ws/install/tutorial_interfaces/share/tutorial_interfaces/environment/path.sh
[3.345s] -- Installing: /home/notthecoolkid/mrtx/mrt_ws/install/tutorial_interfaces/share/tutorial_interfaces/environment/path.dsv
[3.345s] -- Installing: /home/notthecoolkid/mrtx/mrt_ws/install/tutorial_interfaces/share/tutorial_interfaces/local_setup.bash
[3.345s] -- Installing: /home/notthecoolkid/mrtx/mrt_ws/install/tutorial_interfaces/share/tutorial_interfaces/local_setup.sh
[3.345s] -- Installing: /home/notthecoolkid/mrtx/mrt_ws/install/tutorial_interfaces/share/tutorial_interfaces/local_setup.zsh
[3.345s] -- Installing: /home/notthecoolkid/mrtx/mrt_ws/install/tutorial_interfaces/share/tutorial_interfaces/local_setup.dsv
[3.345s] -- Installing: /home/notthecoolkid/mrtx/mrt_ws/install/tutorial_interfaces/share/tutorial_interfaces/package.dsv
[3.345s] -- Installing: /home/notthecoolkid/mrtx/mrt_ws/install/tutorial_interfaces/share/ament_index/resource_index/packages/tutorial_interfaces
[3.345s] -- Installing: /home/notthecoolkid/mrtx/mrt_ws/install/tutorial_interfaces/share/tutorial_interfaces/cmake/export_tutorial_interfaces__rosidl_generator_cExport.cmake
[3.345s] -- Installing: /home/notthecoolkid/mrtx/mrt_ws/install/tutorial_interfaces/share/tutorial_interfaces/cmake/export_tutorial_interfaces__rosidl_generator_cExport-noconfig.cmake
[3.345s] -- Installing: /home/notthecoolkid/mrtx/mrt_ws/install/tutorial_interfaces/share/tutorial_interfaces/cmake/export_tutorial_interfaces__rosidl_typesupport_fastrtps_cExport.cmake
[3.345s] -- Installing: /home/notthecoolkid/mrtx/mrt_ws/install/tutorial_interfaces/share/tutorial_interfaces/cmake/export_tutorial_interfaces__rosidl_typesupport_fastrtps_cExport-noconfig.cmake
[3.346s] -- Installing: /home/notthecoolkid/mrtx/mrt_ws/install/tutorial_interfaces/share/tutorial_interfaces/cmake/export_tutorial_interfaces__rosidl_generator_cppExport.cmake
[3.346s] -- Installing: /home/notthecoolkid/mrtx/mrt_ws/install/tutorial_interfaces/share/tutorial_interfaces/cmake/export_tutorial_interfaces__rosidl_typesupport_fastrtps_cppExport.cmake
[3.346s] -- Installing: /home/notthecoolkid/mrtx/mrt_ws/install/tutorial_interfaces/share/tutorial_interfaces/cmake/export_tutorial_interfaces__rosidl_typesupport_fastrtps_cppExport-noconfig.cmake
[3.346s] -- Installing: /home/notthecoolkid/mrtx/mrt_ws/install/tutorial_interfaces/share/tutorial_interfaces/cmake/tutorial_interfaces__rosidl_typesupport_introspection_cExport.cmake
[3.346s] -- Installing: /home/notthecoolkid/mrtx/mrt_ws/install/tutorial_interfaces/share/tutorial_interfaces/cmake/tutorial_interfaces__rosidl_typesupport_introspection_cExport-noconfig.cmake
[3.346s] -- Installing: /home/notthecoolkid/mrtx/mrt_ws/install/tutorial_interfaces/share/tutorial_interfaces/cmake/tutorial_interfaces__rosidl_typesupport_cExport.cmake
[3.346s] -- Installing: /home/notthecoolkid/mrtx/mrt_ws/install/tutorial_interfaces/share/tutorial_interfaces/cmake/tutorial_interfaces__rosidl_typesupport_cExport-noconfig.cmake
[3.346s] -- Installing: /home/notthecoolkid/mrtx/mrt_ws/install/tutorial_interfaces/share/tutorial_interfaces/cmake/tutorial_interfaces__rosidl_typesupport_introspection_cppExport.cmake
[3.346s] -- Installing: /home/notthecoolkid/mrtx/mrt_ws/install/tutorial_interfaces/share/tutorial_interfaces/cmake/tutorial_interfaces__rosidl_typesupport_introspection_cppExport-noconfig.cmake
[3.346s] -- Installing: /home/notthecoolkid/mrtx/mrt_ws/install/tutorial_interfaces/share/tutorial_interfaces/cmake/tutorial_interfaces__rosidl_typesupport_cppExport.cmake
[3.346s] -- Installing: /home/notthecoolkid/mrtx/mrt_ws/install/tutorial_interfaces/share/tutorial_interfaces/cmake/tutorial_interfaces__rosidl_typesupport_cppExport-noconfig.cmake
[3.346s] -- Installing: /home/notthecoolkid/mrtx/mrt_ws/install/tutorial_interfaces/share/tutorial_interfaces/cmake/export_tutorial_interfaces__rosidl_generator_pyExport.cmake
[3.346s] -- Installing: /home/notthecoolkid/mrtx/mrt_ws/install/tutorial_interfaces/share/tutorial_interfaces/cmake/export_tutorial_interfaces__rosidl_generator_pyExport-noconfig.cmake
[3.346s] -- Installing: /home/notthecoolkid/mrtx/mrt_ws/install/tutorial_interfaces/share/tutorial_interfaces/cmake/rosidl_cmake-extras.cmake
[3.346s] -- Installing: /home/notthecoolkid/mrtx/mrt_ws/install/tutorial_interfaces/share/tutorial_interfaces/cmake/ament_cmake_export_dependencies-extras.cmake
[3.347s] -- Installing: /home/notthecoolkid/mrtx/mrt_ws/install/tutorial_interfaces/share/tutorial_interfaces/cmake/ament_cmake_export_include_directories-extras.cmake
[3.347s] -- Installing: /home/notthecoolkid/mrtx/mrt_ws/install/tutorial_interfaces/share/tutorial_interfaces/cmake/ament_cmake_export_libraries-extras.cmake
[3.347s] -- Installing: /home/notthecoolkid/mrtx/mrt_ws/install/tutorial_interfaces/share/tutorial_interfaces/cmake/ament_cmake_export_targets-extras.cmake
[3.347s] -- Installing: /home/notthecoolkid/mrtx/mrt_ws/install/tutorial_interfaces/share/tutorial_interfaces/cmake/rosidl_cmake_export_typesupport_targets-extras.cmake
[3.347s] -- Installing: /home/notthecoolkid/mrtx/mrt_ws/install/tutorial_interfaces/share/tutorial_interfaces/cmake/rosidl_cmake_export_typesupport_libraries-extras.cmake
[3.347s] -- Installing: /home/notthecoolkid/mrtx/mrt_ws/install/tutorial_interfaces/share/tutorial_interfaces/cmake/tutorial_interfacesConfig.cmake
[3.347s] -- Installing: /home/notthecoolkid/mrtx/mrt_ws/install/tutorial_interfaces/share/tutorial_interfaces/cmake/tutorial_interfacesConfig-version.cmake
[3.347s] -- Installing: /home/notthecoolkid/mrtx/mrt_ws/install/tutorial_interfaces/share/tutorial_interfaces/package.xml
[3.348s] Invoked command in '/home/notthecoolkid/mrtx/mrt_ws/build/tutorial_interfaces' returned '0': CMAKE_PREFIX_PATH=/home/notthecoolkid/mrtx/mrt_ws/install/week1_tutorials:/home/notthecoolkid/mrtx/mrt_ws/install/week0_tutorials:/home/notthecoolkid/mrtx/mrt_ws/install/sauron:/home/notthecoolkid/mrt_ws/install/week0_tutorials:/home/notthecoolkid/mrt_ws/install/sauron:/opt/ros/humble /usr/bin/cmake --install /home/notthecoolkid/mrtx/mrt_ws/build/tutorial_interfaces
